2025-08-16 19:29:28,778 [INFO] LogOutputStream:77 - [STDOUT_REDIRECT] StartTraceHandler.execute(), success : Collect=true
2025-08-16 19:41:53,815 [INFO] MainUpdater:2872 - connection check result : 10
2025-08-16 19:41:53,883 [INFO] McuFinderGlobals:76 - Set McuFinderConnectedMode to true
2025-08-16 19:41:53,884 [INFO] MultiScanPanel:200 - Auto-refresh data requested => check proxy status ongoing
2025-08-16 19:41:53,884 [INFO] FinderPluginLoader:95 - Searching for filters in installed packs
2025-08-16 19:41:55,327 [INFO] LoadUrlFilesThread:185 - End of LoadServerUrlFiles without Thread
2025-08-16 19:41:55,328 [INFO] DetailPanel:341 - Set advertising image to C:/Users/bhagy/STM32Cube/Repository/\en.2400x1350px.jpeg
2025-08-16 19:41:58,633 [INFO] MultiScanPanel:200 - Auto-refresh data requested => check proxy status ongoing
2025-08-16 19:41:58,672 [INFO] LoadUrlFilesThread:185 - End of LoadServerUrlFiles without Thread
2025-08-16 19:41:58,672 [INFO] DetailPanel:341 - Set advertising image to C:/Users/bhagy/STM32Cube/Repository/\en.2400x1350px.jpeg
2025-08-16 19:42:02,279 [INFO] ApiDb:581 - Connected to CubeFinder SQLite database (C:\Users\bhagy\.stmcufinder\plugins\mcufinder\mcu\cube-finder-db.db)
2025-08-16 19:42:44,078 [INFO] MainUpdater:2872 - connection check result : 10
2025-08-16 19:42:44,078 [INFO] MainUpdater:2872 - connection check result : 10
2025-08-16 19:42:44,096 [INFO] MicroXplorer:468 - Change Database Path : 
2025-08-16 19:42:44,096 [INFO] MicroXplorer:498 - Change Database Version : DB.6.0.141
2025-08-16 19:42:44,104 [WARN] ThirdParty:871 - waiting for thirdparty lock release [close project]
2025-08-16 19:42:44,104 [INFO] ThirdParty:873 - entering critical section [close project]
2025-08-16 19:42:44,106 [INFO] ThirdParty:883 - exiting critical section [close project]
2025-08-16 19:42:44,109 [INFO] PinOutPanel:1589 - setPackage(No Configuration,No Configuration)
2025-08-16 19:42:44,116 [INFO] UtilMem:75 - Begin LoadConfig() Used Memory: 662350360 Bytes (1073741824)
2025-08-16 19:42:44,121 [INFO] OpenFileManager:354 - Change cursor
2025-08-16 19:42:44,161 [INFO] ProjectFactory:442 - No CPN specified for board NUCLEO-F401RE => set CPN to STM32F401RET6
2025-08-16 19:42:44,163 [INFO] Mcu:2011 - Initializing MCU STM32F401R(D-E)Tx STM32F401RETx STM32F401RET6
2025-08-16 19:42:45,155 [INFO] Context:756 - Trying to add GPIOservice into a context  which must be forbidden
2025-08-16 19:42:45,567 [INFO] Rule:225 - rule 117617 - U5Cobra4M][GTZC] default value MPCBB3 and MPCBB5 - Not Secured memory - MPCBB1 is applicable
2025-08-16 19:42:45,568 [INFO] Rule:225 - rule 117617 - U5Cobra4M][GTZC] default value MPCBB3 and MPCBB5 - Not Secured memory - MPCBB1 is applicable
2025-08-16 19:42:45,568 [INFO] Rule:225 - rule 117617 - U5Cobra4M][GTZC] default value MPCBB3 and MPCBB5 - Not Secured memory - MPCBB2 is applicable
2025-08-16 19:42:45,568 [INFO] Rule:225 - rule 117617 - U5Cobra4M][GTZC] default value MPCBB3 and MPCBB5 - Not Secured memory - MPCBB2 is applicable
2025-08-16 19:42:45,568 [INFO] Rule:225 - rule 117617 - U5Cobra4M][GTZC] default value MPCBB3 and MPCBB5 - Not Secured memory - MPCBB3 is applicable
2025-08-16 19:42:45,568 [INFO] Rule:225 - rule 117617 - U5Cobra4M][GTZC] default value MPCBB3 and MPCBB5 - Not Secured memory - MPCBB3 is applicable
2025-08-16 19:42:45,568 [INFO] Rule:225 - rule 117617 - U5Cobra4M][GTZC] default value MPCBB3 and MPCBB5 - Not Secured memory - MPCBB4 is applicable
2025-08-16 19:42:45,568 [INFO] Rule:225 - rule 117617 - U5Cobra4M][GTZC] default value MPCBB3 and MPCBB5 - Not Secured memory - MPCBB4 is applicable
2025-08-16 19:42:45,568 [INFO] Rule:225 - rule 117617 - U5Cobra4M][GTZC] default value MPCBB3 and MPCBB5 - Secured memory - MPCBB1 is applicable
2025-08-16 19:42:45,568 [INFO] Rule:225 - rule 117617 - U5Cobra4M][GTZC] default value MPCBB3 and MPCBB5 - Secured memory - MPCBB2 is applicable
2025-08-16 19:42:45,568 [INFO] Rule:225 - rule 117617 - U5Cobra4M][GTZC] default value MPCBB3 and MPCBB5 - Secured memory - MPCBB3 is applicable
2025-08-16 19:42:45,568 [INFO] Rule:225 - rule 117617 - U5Cobra4M][GTZC] default value MPCBB3 and MPCBB5 - Secured memory - MPCBB4 is applicable
2025-08-16 19:42:45,568 [INFO] Rule:225 - rule 117617 - U5Cobra4M][GTZC] default value MPCBB3 and MPCBB5 - Privileged memory - MPCBB1 is applicable
2025-08-16 19:42:45,568 [INFO] Rule:225 - rule 117617 - U5Cobra4M][GTZC] default value MPCBB3 and MPCBB5 - Privileged memory - MPCBB2 is applicable
2025-08-16 19:42:45,568 [INFO] Rule:225 - rule 117617 - U5Cobra4M][GTZC] default value MPCBB3 and MPCBB5 - Privileged memory - MPCBB3 is applicable
2025-08-16 19:42:45,568 [INFO] Rule:225 - rule 117617 - U5Cobra4M][GTZC] default value MPCBB3 and MPCBB5 - Privileged memory - MPCBB4 is applicable
2025-08-16 19:42:45,569 [INFO] Rule:225 - rule 117617 - U5Cobra4M][GTZC] default value MPCBB3 and MPCBB5 - Not Privileged memory - MPCBB1 is applicable
2025-08-16 19:42:45,569 [INFO] Rule:225 - rule 117617 - U5Cobra4M][GTZC] default value MPCBB3 and MPCBB5 - Not Privileged memory - MPCBB2 is applicable
2025-08-16 19:42:45,569 [INFO] Rule:225 - rule 117617 - U5Cobra4M][GTZC] default value MPCBB3 and MPCBB5 - Not Privileged memory - MPCBB3 is applicable
2025-08-16 19:42:45,569 [INFO] Rule:225 - rule 117617 - U5Cobra4M][GTZC] default value MPCBB3 and MPCBB5 - Not Privileged memory - MPCBB4 is applicable
2025-08-16 19:42:45,569 [INFO] Rule:225 - rule 117617 - U5Cobra4M][GTZC] default value MPCBB3 and MPCBB5 - Privileged memory - MPCBB1 is applicable
2025-08-16 19:42:45,569 [INFO] Rule:225 - rule 117617 - U5Cobra4M][GTZC] default value MPCBB3 and MPCBB5 - Privileged memory - MPCBB2 is applicable
2025-08-16 19:42:45,569 [INFO] Rule:225 - rule 117617 - U5Cobra4M][GTZC] default value MPCBB3 and MPCBB5 - Privileged memory - MPCBB3 is applicable
2025-08-16 19:42:45,569 [INFO] Rule:225 - rule 117617 - U5Cobra4M][GTZC] default value MPCBB3 and MPCBB5 - Privileged memory - MPCBB4 is applicable
2025-08-16 19:42:45,569 [INFO] Rule:225 - rule 117617 - U5Cobra4M][GTZC] default value MPCBB3 and MPCBB5 - Privileged memory - MPCBB1 is applicable
2025-08-16 19:42:45,569 [INFO] Rule:225 - rule 117617 - U5Cobra4M][GTZC] default value MPCBB3 and MPCBB5 - Privileged memory - MPCBB2 is applicable
2025-08-16 19:42:45,569 [INFO] Rule:225 - rule 117617 - U5Cobra4M][GTZC] default value MPCBB3 and MPCBB5 - Privileged memory - MPCBB3 is applicable
2025-08-16 19:42:45,569 [INFO] Rule:225 - rule 117617 - U5Cobra4M][GTZC] default value MPCBB3 and MPCBB5 - Privileged memory - MPCBB4 is applicable
2025-08-16 19:42:45,569 [INFO] Rule:225 - rule 117617 - U5Cobra4M][GTZC] default value MPCBB3 and MPCBB5 - Not Privileged memory - MPCBB1 is applicable
2025-08-16 19:42:45,569 [INFO] Rule:225 - rule 117617 - U5Cobra4M][GTZC] default value MPCBB3 and MPCBB5 - Not Privileged memory - MPCBB2 is applicable
2025-08-16 19:42:45,569 [INFO] Rule:225 - rule 117617 - U5Cobra4M][GTZC] default value MPCBB3 and MPCBB5 - Not Privileged memory - MPCBB3 is applicable
2025-08-16 19:42:45,569 [INFO] Rule:225 - rule 117617 - U5Cobra4M][GTZC] default value MPCBB3 and MPCBB5 - Not Privileged memory - MPCBB4 is applicable
2025-08-16 19:42:45,569 [INFO] Rule:225 - rule 117617 - U5Cobra4M][GTZC] default value MPCBB3 and MPCBB5 - Privileged memory - MPCBB1 is applicable
2025-08-16 19:42:45,569 [INFO] Rule:225 - rule 117617 - U5Cobra4M][GTZC] default value MPCBB3 and MPCBB5 - Privileged memory - MPCBB2 is applicable
2025-08-16 19:42:45,569 [INFO] Rule:225 - rule 117617 - U5Cobra4M][GTZC] default value MPCBB3 and MPCBB5 - Privileged memory - MPCBB3 is applicable
2025-08-16 19:42:45,569 [INFO] Rule:225 - rule 117617 - U5Cobra4M][GTZC] default value MPCBB3 and MPCBB5 - Privileged memory - MPCBB4 is applicable
2025-08-16 19:42:45,569 [INFO] Rule:225 - rule Rename SubGHz_Phy SUBGHZ_APPLICATION SUBGHZ_PINGPONG to SUBGHZ_ADV_APPLICATION is applicable
2025-08-16 19:42:45,569 [INFO] Rule:225 - rule Rename Enabled to IBEACON is applicable
2025-08-16 19:42:45,569 [INFO] Rule:225 - rule GTZC_S instance for project manager is applicable
2025-08-16 19:42:45,569 [INFO] Rule:225 - rule GTZC_S instance for context M33S is applicable
2025-08-16 19:42:45,570 [INFO] Rule:225 - rule GTZC_S instance value for IP GTZC is applicable
2025-08-16 19:42:45,570 [INFO] Rule:225 - rule GTZC_S instance for mcu.IP is applicable
2025-08-16 19:42:45,570 [INFO] Rule:225 - rule GTZC_S instance for VP is applicable
2025-08-16 19:42:45,570 [INFO] Rule:225 - rule GTZC_S instance for signal is applicable
2025-08-16 19:42:45,570 [INFO] Rule:225 - rule GTZC_S instance for mcu.Pin is applicable
2025-08-16 19:42:45,570 [INFO] Rule:225 - rule GTZC_S instance for VP is applicable
2025-08-16 19:42:45,570 [INFO] Rule:225 - rule GTZC_S instance for signal is applicable
2025-08-16 19:42:45,570 [INFO] Rule:225 - rule GTZC_S instance for mcu is applicable
2025-08-16 19:42:45,570 [INFO] Rule:225 - rule GTZC_S instance for mcu.Pin is applicable
2025-08-16 19:42:45,570 [INFO] Rule:225 - rule GTZC_S instance value for IP GTZC is applicable
2025-08-16 19:42:45,570 [INFO] Rule:225 - rule GTZC_S instance for project manager is applicable
2025-08-16 19:42:45,570 [INFO] Rule:225 - rule GTZC_S instance for context M33S is applicable
2025-08-16 19:42:45,570 [INFO] Rule:225 - rule GTZC_S instance for VP is applicable
2025-08-16 19:42:45,570 [INFO] Rule:225 - rule GTZC_S instance for signal is applicable
2025-08-16 19:42:45,570 [INFO] Rule:225 - rule SPDIFRX instance for mcu is applicable
2025-08-16 19:42:45,570 [INFO] Rule:225 - rule Rename Tracer Mode is applicable
2025-08-16 19:42:45,570 [INFO] Rule:225 - rule SPDIFRX instance value for IP SPDIFRX is applicable
2025-08-16 19:42:45,570 [INFO] Rule:225 - rule SPDIFRX instance for signal is applicable
2025-08-16 19:42:45,570 [INFO] Rule:225 - rule SPDIFRX instance for project manager is applicable
2025-08-16 19:42:45,570 [INFO] Rule:225 - rule SPDIFRX instance for project manager is applicable
2025-08-16 19:42:45,570 [INFO] Rule:225 - rule ADC Scan  fix with FW F7 is applicable
2025-08-16 19:42:45,570 [INFO] Rule:225 - rule ADC Scan  fix with FW F7 is applicable
2025-08-16 19:42:45,570 [INFO] Rule:225 - rule DFSDM instance value for IP DFSDM is applicable
2025-08-16 19:42:45,570 [INFO] Rule:225 - rule DFSDM instance for mcu is applicable
2025-08-16 19:42:45,570 [INFO] Rule:225 - rule DFSDM instance for VP is applicable
2025-08-16 19:42:45,570 [INFO] Rule:225 - rule DFSDM instance for signal is applicable
2025-08-16 19:42:45,570 [INFO] Rule:225 - rule DFSDM instance for shared is applicable
2025-08-16 19:42:45,571 [INFO] Rule:225 - rule BreakInputSource parameter for IP Timer is applicable
2025-08-16 19:42:45,571 [INFO] Rule:225 - rule Sourcebreak parameter for IP Timer is applicable
2025-08-16 19:42:45,571 [INFO] Rule:225 - rule Sourcebreak parameter for IP Timer is applicable
2025-08-16 19:42:45,571 [INFO] Rule:225 - rule DFSDM for PCC is applicable
2025-08-16 19:42:45,571 [INFO] Rule:225 - rule Serial_Wire Mode is applicable
2025-08-16 19:42:45,571 [INFO] Rule:225 - rule JTAG_4_pins Mode is applicable
2025-08-16 19:42:45,571 [INFO] Rule:225 - rule JTAG_5_pins Mode is applicable
2025-08-16 19:42:45,571 [INFO] Rule:225 - rule Trace_Asynchronous_SW Mode is applicable
2025-08-16 19:42:45,571 [INFO] Rule:225 - rule Trace_Synchro_1bit_JTAG Mode is applicable
2025-08-16 19:42:45,571 [INFO] Rule:225 - rule Trace_Synchro_2bits_JTAG Mode is applicable
2025-08-16 19:42:45,571 [INFO] Rule:225 - rule Trace_Synchro_4bits_JTAG Mode is applicable
2025-08-16 19:42:45,571 [INFO] Rule:225 - rule Trace_Synchro_1bit_SW Mode is applicable
2025-08-16 19:42:45,571 [INFO] Rule:225 - rule Trace_Synchro_2bits_SW Mode is applicable
2025-08-16 19:42:45,571 [INFO] Rule:225 - rule Trace_Synchro_4bits_SW Mode is applicable
2025-08-16 19:42:45,571 [INFO] Rule:225 - rule SYS_WakeUp0 Mode is applicable
2025-08-16 19:42:45,571 [INFO] Rule:225 - rule SYS_WakeUp0 Mode for STM32F446 is applicable
2025-08-16 19:42:45,571 [INFO] Rule:225 - rule SYS_WakeUp1 Mode is applicable
2025-08-16 19:42:45,571 [INFO] Rule:225 - rule SYS_WakeUp1 Mode for STM32F446 is applicable
2025-08-16 19:42:45,571 [INFO] Rule:225 - rule SYS_WakeUp2 Mode is applicable
2025-08-16 19:42:45,571 [INFO] Rule:225 - rule SYS_WakeUp3 Mode is applicable
2025-08-16 19:42:45,571 [INFO] Rule:225 - rule SYS_WakeUp4 Mode is applicable
2025-08-16 19:42:45,571 [INFO] Rule:225 - rule SYS_WakeUp5 Mode is applicable
2025-08-16 19:42:45,571 [INFO] Rule:225 - rule SYS_WakeUp6 Mode is applicable
2025-08-16 19:42:45,571 [INFO] Rule:225 - rule SYS_WakeUp7 Mode is applicable
2025-08-16 19:42:45,571 [INFO] Rule:225 - rule WakeUp0 Mode is applicable
2025-08-16 19:42:45,572 [INFO] Rule:225 - rule WakeUp0 SIGNAL is applicable
2025-08-16 19:42:45,572 [INFO] Rule:225 - rule WakeUp1 Mode is applicable
2025-08-16 19:42:45,572 [INFO] Rule:225 - rule WakeUp1 SIGNAL is applicable
2025-08-16 19:42:45,572 [INFO] Rule:225 - rule WakeUp2 Mode is applicable
2025-08-16 19:42:45,572 [INFO] Rule:225 - rule WakeUp2 SIGNAL is applicable
2025-08-16 19:42:45,572 [INFO] Rule:225 - rule WakeUp4 Mode is applicable
2025-08-16 19:42:45,572 [INFO] Rule:225 - rule WakeUp4 SIGNAL is applicable
2025-08-16 19:42:45,572 [INFO] Rule:225 - rule WakeUp5 Mode is applicable
2025-08-16 19:42:45,572 [INFO] Rule:225 - rule WakeUp5 SIGNAL is applicable
2025-08-16 19:42:45,572 [INFO] Rule:225 - rule Mode_PVD_Ext is applicable
2025-08-16 19:42:45,572 [INFO] Rule:225 - rule Mode_PVD_Int is applicable
2025-08-16 19:42:45,572 [INFO] Rule:225 - rule Add RTC Activate Clock Source is applicable
2025-08-16 19:42:45,572 [INFO] Rule:225 - rule Add RTC Activate Calendar 1 is applicable
2025-08-16 19:42:45,572 [INFO] Rule:225 - rule Add RTC Activate Calendar 2 is applicable
2025-08-16 19:42:45,572 [INFO] Rule:225 - rule Add RTC Activate Calendar 3 is applicable
2025-08-16 19:42:45,572 [INFO] Rule:225 - rule UART/USART TX Mode is applicable
2025-08-16 19:42:45,572 [INFO] Rule:225 - rule UART/USART RX Mode is applicable
2025-08-16 19:42:45,572 [INFO] Rule:225 - rule UART/USART RX TX Mode is applicable
2025-08-16 19:42:45,572 [INFO] Rule:225 - rule UART/USART PARITY NONE is applicable
2025-08-16 19:42:45,572 [INFO] Rule:225 - rule UART/USART PARITY EVEN is applicable
2025-08-16 19:42:45,572 [INFO] Rule:225 - rule UART/USART PARITY ODD is applicable
2025-08-16 19:42:45,572 [INFO] Rule:225 - rule USART StopBits 1 is applicable
2025-08-16 19:42:45,572 [INFO] Rule:225 - rule USART StopBits 2 is applicable
2025-08-16 19:42:45,572 [INFO] Rule:225 - rule USART StopBits 1.5 is applicable
2025-08-16 19:42:45,572 [INFO] Rule:225 - rule USART StopBits 0.5 is applicable
2025-08-16 19:42:45,572 [INFO] Rule:225 - rule UART/USART WORD LENGTH 7 is applicable
2025-08-16 19:42:45,573 [INFO] Rule:225 - rule UART/USART WORD LENGTH 8 is applicable
2025-08-16 19:42:45,573 [INFO] Rule:225 - rule UART/USART WORD LENGTH 9 is applicable
2025-08-16 19:42:45,573 [INFO] Rule:225 - rule Rename FMC NAND NCE signal is applicable
2025-08-16 19:42:45,573 [INFO] Rule:225 - rule Rename FMC NAND INT signal is applicable
2025-08-16 19:42:45,573 [INFO] Rule:225 - rule Change Default Value for LSE Drive Capability for WB family is applicable
2025-08-16 19:42:45,573 [INFO] Rule:225 - rule Change Default Value for ADC Clock Prescaler G0 family is applicable
2025-08-16 19:42:45,573 [INFO] Rule:225 - rule Change Default Value for ADC ExternalTrigConv L4 family is applicable
2025-08-16 19:42:45,573 [INFO] Rule:225 - rule Change Default Value for ADC ExternalTrigInjecConv L4 family is applicable
2025-08-16 19:42:45,573 [INFO] Rule:225 - rule Change Default Value for ADC ExternalTrigConv F3 family is applicable
2025-08-16 19:42:45,573 [INFO] Rule:225 - rule Change Default Value for ADC ExternalTrigInjecConv F3 family is applicable
2025-08-16 19:42:45,573 [INFO] Rule:225 - rule Change Default Value for ADC ExternalTrigConv Goldfish serie is applicable
2025-08-16 19:42:45,573 [INFO] Rule:225 - rule Change Default Value for ADC ExternalTrigInjecConv Goldfish serie is applicable
2025-08-16 19:42:45,573 [INFO] Rule:225 - rule Change Default Value for ADC ExternalTrigConv L0 family is applicable
2025-08-16 19:42:45,573 [INFO] Rule:225 - rule Change Default Value for ADC ExternalTrigConv F0 family is applicable
2025-08-16 19:42:45,573 [INFO] Rule:225 - rule Change Default Value for ADC ExternalTrigConvn L1 family is applicable
2025-08-16 19:42:45,573 [INFO] Rule:225 - rule Change Default Value for ADC ExternalTrigInjecConv L1 family is applicable
2025-08-16 19:42:45,573 [INFO] Rule:225 - rule Change Default Value for ADC ExternalTrigConv F1 family is applicable
2025-08-16 19:42:45,573 [INFO] Rule:225 - rule Change Default Value for ADC ExternalTrigInjecConv F1 family is applicable
2025-08-16 19:42:45,573 [INFO] Rule:225 - rule Change Default Value for ADC ExternalTrigConv F7 family is applicable
2025-08-16 19:42:45,573 [INFO] Rule:225 - rule Change Default Value for ADC ExternalTrigInjecConv F7 family is applicable
2025-08-16 19:42:45,573 [INFO] Rule:225 - rule Change Default Value for ADC ExternalTrigConv F4 and F2 family is applicable
2025-08-16 19:42:45,574 [INFO] Rule:225 - rule Change Default Value for ADC ExternalTrigInjecConv F4 and F2 family is applicable
2025-08-16 19:42:45,574 [INFO] Rule:225 - rule ADC SamplingTime fix with FW L0  is applicable
2025-08-16 19:42:45,574 [INFO] Rule:225 - rule ADC SamplingTime fix with FW L0  is applicable
2025-08-16 19:42:45,574 [INFO] Rule:225 - rule ADC SamplingTime fix with FW L0 is applicable
2025-08-16 19:42:45,574 [INFO] Rule:225 - rule ADC SamplingTime fix with FW L0 is applicable
2025-08-16 19:42:45,574 [INFO] Rule:225 - rule ADC SamplingTime fix with FW L0  is applicable
2025-08-16 19:42:45,574 [INFO] Rule:225 - rule ADC SamplingTime fix with FW L0 is applicable
2025-08-16 19:42:45,574 [INFO] Rule:225 - rule Rename USB_OE Signal is applicable
2025-08-16 19:42:45,574 [INFO] Rule:225 - rule Rename Activate_OE Mode is applicable
2025-08-16 19:42:45,574 [INFO] Rule:225 - rule Rename DIE462/DIE415 pin PC14/OSC32_IN -> PC14-OSC32_IN (PC14) is applicable
2025-08-16 19:42:45,574 [INFO] Rule:225 - rule Rename DIE462/DIE415 pin PC15/OSC32_OUT -> PC15-OSC32_OUT (PC15) is applicable
2025-08-16 19:42:45,574 [INFO] Rule:225 - rule Rename DIE462/DIE415 pin PH0/OSC_IN -> PH0-OSC_IN (PH0) is applicable
2025-08-16 19:42:45,574 [INFO] Rule:225 - rule Rename DIE462/DIE415 pin PH1/OSC_OUT -> PH1-OSC_OUT (PH1) is applicable
2025-08-16 19:42:45,574 [INFO] Rule:225 - rule Rename DIE462 pin PA13 -> PA13 (JTMS/SWDIO) is applicable
2025-08-16 19:42:45,574 [INFO] Rule:225 - rule Rename DIE415 pin PA13 -> PA13 (JTMS/SWDIO) is applicable
2025-08-16 19:42:45,574 [INFO] Rule:225 - rule Rename DIE462 pin PA14 -> PA14 (JTCK/SWCLK) is applicable
2025-08-16 19:42:45,574 [INFO] Rule:225 - rule Rename DIE415 pin PA14 -> PA14 (JTCK/SWCLK) is applicable
2025-08-16 19:42:45,574 [INFO] Rule:225 - rule Rename DIE462/DIE415 pin PA15 -> PA15 (JTDI) is applicable
2025-08-16 19:42:45,574 [INFO] Rule:225 - rule Rename DIE462 pin PB3 -> PB3 (JTD0/TRACESWO) is applicable
2025-08-16 19:42:45,574 [INFO] Rule:225 - rule Rename DIE415 pin PB3 -> PB3 (JTD0-TRACESWO) is applicable
2025-08-16 19:42:45,574 [INFO] Rule:225 - rule Rename DIE462/DIE415 pin PB4 -> PB4 (NJTRST) is applicable
2025-08-16 19:42:45,574 [INFO] Rule:225 - rule Rename DIE462 pin PH3/BOOT0 -> PH3-BOOT0 (BOOT0) is applicable
2025-08-16 19:42:45,574 [INFO] Rule:225 - rule Rename CRYP DataEncryptionTypesList to Algorithm is applicable
2025-08-16 19:42:45,574 [INFO] Rule:225 - rule Rename AES DataEncryptionTypesList to Algorithm is applicable
2025-08-16 19:42:45,574 [INFO] Rule:225 - rule Rename TDESECB to CRYP_TDES_ECB is applicable
2025-08-16 19:42:45,575 [INFO] Rule:225 - rule Rename TDESCBC to CRYP_TDES_CBC is applicable
2025-08-16 19:42:45,575 [INFO] Rule:225 - rule Rename DESECB to CRYP_DES_ECB is applicable
2025-08-16 19:42:45,575 [INFO] Rule:225 - rule Rename DESCBC to CRYP_DES_CBC is applicable
2025-08-16 19:42:45,575 [INFO] Rule:225 - rule Rename AESECB to CRYP_AES_ECB is applicable
2025-08-16 19:42:45,575 [INFO] Rule:225 - rule Rename AESCBC to CRYP_AES_CBC is applicable
2025-08-16 19:42:45,575 [INFO] Rule:225 - rule Rename AESCTR to CRYP_AES_CTR is applicable
2025-08-16 19:42:45,575 [INFO] Rule:225 - rule Rename AESGCM to CRYP_AES_GCM is applicable
2025-08-16 19:42:45,575 [INFO] Rule:225 - rule Rename AESCCM to CRYP_AES_CCM is applicable
2025-08-16 19:42:45,575 [INFO] Rule:225 - rule Rename CAN TimeSeg1 to BS1 is applicable
2025-08-16 19:42:45,575 [INFO] Rule:225 - rule Rename CAN TimeSeg2 to BS2 is applicable
2025-08-16 19:42:45,575 [INFO] Rule:225 - rule Rename CAN SyncJumpWidth to SJW is applicable
2025-08-16 19:42:45,575 [INFO] Rule:225 - rule TimeTriggeredMode to TTCM is applicable
2025-08-16 19:42:45,575 [INFO] Rule:225 - rule Rename CAN AutoBusOff to ABOM is applicable
2025-08-16 19:42:45,575 [INFO] Rule:225 - rule Rename CAN AutoWakeUp to AWUM is applicable
2025-08-16 19:42:45,575 [INFO] Rule:225 - rule Rename CAN AutoRetransmission to NART is applicable
2025-08-16 19:42:45,575 [INFO] Rule:225 - rule Rename CAN ReceiveFifoLocked to RFLM is applicable
2025-08-16 19:42:45,575 [INFO] Rule:225 - rule Rename CAN TransmitFifoPriority to TXFP is applicable
2025-08-16 19:42:45,575 [INFO] Rule:225 - rule Rename HRTIMER HRTIM_OUTPUTFAULTLEVEL_HIGH in HRTIMER HRTIM_OUTPUTFAULTLEVEL_HIGHZ is applicable
2025-08-16 19:42:45,575 [INFO] Rule:225 - rule Rename TIMER TIM_CLEARINPUTSOURCE_OCREFCLR in  TIMER TIM_CLEARINPUTSOURCE_NONE for F7 family is applicable
2025-08-16 19:42:45,575 [INFO] Rule:225 - rule FDCAN_R1 - Rename FDCAN mode Master into Classic is applicable
2025-08-16 19:42:45,575 [INFO] Rule:225 - rule FDCAN_R2 - Rename FDCAN mode Slave into Classic is applicable
2025-08-16 19:42:45,575 [INFO] Rule:225 - rule FDCAN1_R3 - if PA10.Mode=FullDuplex, add Pin PA12 is applicable
2025-08-16 19:42:45,575 [INFO] Rule:225 - rule FDCAN1_R3 - if PA9.Mode=FullDuplex, add Pin PA11 is applicable
2025-08-16 19:42:45,575 [INFO] Rule:225 - rule FDCAN1_R3 - Alternatepin_1 - if PE1.Mode=FullDuplex, add Pin PB9 is applicable
2025-08-16 19:42:45,575 [INFO] Rule:225 - rule FDCAN1_R3 - Alternatepin_1 - if PE0.Mode=FullDuplex, add Pin PB8 is applicable
2025-08-16 19:42:45,575 [INFO] Rule:225 - rule FDCAN1_R3 - Alternatepin_2 - if PD5.Mode=FullDuplex, add Pin PD1 is applicable
2025-08-16 19:42:45,576 [INFO] Rule:225 - rule FDCAN1_R3 - Alternatepin_2 - if PD4.Mode=FullDuplex, add Pin PD0 is applicable
2025-08-16 19:42:45,576 [INFO] Rule:225 - rule FDCAN1_R4 - Rename Mode FullDuplex into Enable FDCAN_TXFD for pin PA10 is applicable
2025-08-16 19:42:45,576 [INFO] Rule:225 - rule FDCAN1_R4 - Rename Mode FullDuplex into Enable FDCAN_TXFD for pin PA9 is applicable
2025-08-16 19:42:45,576 [INFO] Rule:225 - rule FDCAN1_R4 - Alternatepin_1 - Rename Mode FullDuplex into Enable FDCAN_TXFD for pin PE1 is applicable
2025-08-16 19:42:45,576 [INFO] Rule:225 - rule FDCAN1_R4 - Alternatepin_1 - Rename Mode FullDuplex into Enable FDCAN_TXFD for pin PE0 is applicable
2025-08-16 19:42:45,576 [INFO] Rule:225 - rule FDCAN1_R4 - Alternatepin_2 - Rename Mode FullDuplex into Enable FDCAN_TXFD for pin PD5 is applicable
2025-08-16 19:42:45,576 [INFO] Rule:225 - rule FDCAN1_R4 - Alternatepin_2 - Rename Mode FullDuplex into Enable FDCAN_TXFD for pin PD4 is applicable
2025-08-16 19:42:45,576 [INFO] Rule:225 - rule FDCAN2_R3 - if PD10.Mode=FullDuplex, add Pin PB13 is applicable
2025-08-16 19:42:45,576 [INFO] Rule:225 - rule FDCAN2_R3 - if PD9.Mode=FullDuplex, add Pin PB12 is applicable
2025-08-16 19:42:45,576 [INFO] Rule:225 - rule FDCAN2_R3 - Alternatepin_1 - if PB7.Mode=FullDuplex, add Pin PB6 is applicable
2025-08-16 19:42:45,576 [INFO] Rule:225 - rule FDCAN2_R3 - Alternatepin_1 - if PD9.Mode=FullDuplex, add Pin PB12 is applicable
2025-08-16 19:42:45,576 [INFO] Rule:225 - rule FDCAN2_R4 - Rename Mode FullDuplex into Enable FDCAN_TXFD for pin PD10 is applicable
2025-08-16 19:42:45,576 [INFO] Rule:225 - rule FDCAN2_R4 - Rename Mode FullDuplex into Enable FDCAN_TXFD for pin PD9 is applicable
2025-08-16 19:42:45,576 [INFO] Rule:225 - rule FDCAN2_R4 - Alternatepin_1 - Rename Mode FullDuplex into Enable FDCAN_TXFD for pin PB7 is applicable
2025-08-16 19:42:45,576 [INFO] Rule:225 - rule FDCAN2_R4 - Alternatepin_1 - Rename Mode FullDuplex into Enable FDCAN_TXFD for pin PD6 is applicable
2025-08-16 19:42:45,576 [INFO] Rule:225 - rule USART TxPinLevelInvertParam Mode is applicable
2025-08-16 19:42:45,576 [INFO] Rule:225 - rule USART RxPinLevelInvertParam Mode is applicable
2025-08-16 19:42:45,576 [INFO] Rule:225 - rule USART DataInvertParam Mode is applicable
2025-08-16 19:42:45,576 [INFO] Rule:225 - rule USART SwapParam Mode is applicable
2025-08-16 19:42:45,576 [INFO] Rule:225 - rule USART OverrunDisableParam Mode is applicable
2025-08-16 19:42:45,576 [INFO] Rule:225 - rule USART DMADisableonRxErrorParam Mode is applicable
2025-08-16 19:42:45,576 [INFO] Rule:225 - rule USART MSBFirstParam Mode is applicable
2025-08-16 19:42:45,576 [INFO] Rule:225 - rule Update MwName for USB_DEVICE is applicable
2025-08-16 19:42:45,576 [INFO] Rule:225 - rule Change PWR_Regulator_Voltage_Scale Default Value for RCC  H7 family is applicable
2025-08-16 19:42:45,576 [INFO] Rule:225 - rule UART/USART IPParameter rename Prescaler parameter to ClockPrescaler is applicable
2025-08-16 19:42:45,576 [INFO] Rule:225 - rule UART/USART Prescaler rename Prescaler parameter to ClockPrescaler is applicable
2025-08-16 19:42:45,576 [INFO] Rule:225 - rule TIM1CLockSelection is applicable
2025-08-16 19:42:45,576 [INFO] Rule:225 - rule TIM15CLockSelection is applicable
2025-08-16 19:42:45,577 [INFO] Rule:225 - rule align RCC SDMMC3CLockSelection default value on MP1 is applicable
2025-08-16 19:42:45,577 [INFO] Rule:225 - rule align RCC SDMMC12CLockSelection default value on MP1 is applicable
2025-08-16 19:42:45,577 [INFO] Rule:225 - rule align RCC QSPICLockSelection default value on MP1 is applicable
2025-08-16 19:42:45,577 [INFO] Rule:225 - rule align RCC QSPICLockSelection default value on MP1 is applicable
2025-08-16 19:42:45,577 [INFO] Rule:225 - rule align RCC SPI6CLockSelection default value on MP1 is applicable
2025-08-16 19:42:45,577 [INFO] Rule:225 - rule align RCC LPTIM23CLockSelection default value on MP1 is applicable
2025-08-16 19:42:45,577 [INFO] Rule:225 - rule align RCC LPTIM1CLockSelection default value on MP1 is applicable
2025-08-16 19:42:45,577 [INFO] Rule:225 - rule align RCC USART1CLockSelection default value on MP1 is applicable
2025-08-16 19:42:45,577 [INFO] Rule:225 - rule align RCC USART24CLockSelection default value on MP1 is applicable
2025-08-16 19:42:45,577 [INFO] Rule:225 - rule align RCC USART6CLockSelection default value on MP1 is applicable
2025-08-16 19:42:45,577 [INFO] Rule:225 - rule align RCC UART78CLockSelection default value on MP1 is applicable
2025-08-16 19:42:45,577 [INFO] Rule:225 - rule align RCC USART35CLockSelection default value on MP1 is applicable
2025-08-16 19:42:45,577 [INFO] Rule:225 - rule align RCC SPI45CLockSelection default value on MP1 is applicable
2025-08-16 19:42:45,577 [INFO] Rule:225 - rule align RCC I2C46CLockSelection BCLK value on MP1 is applicable
2025-08-16 19:42:45,577 [INFO] Rule:225 - rule align RCC SPI45CLockSelection default value on MP1 is applicable
2025-08-16 19:42:45,577 [INFO] Rule:225 - rule align RCC I2C12CLockSelection default value on MP1 is applicable
2025-08-16 19:42:45,577 [INFO] Rule:225 - rule align RCC I2C35CLockSelection default value on MP1 is applicable
2025-08-16 19:42:45,577 [INFO] Rule:225 - rule align RCC LPTIM45CLockSelection default value on MP1 is applicable
2025-08-16 19:42:45,577 [INFO] Rule:225 - rule Rename DCMI PIXCK signal is applicable
2025-08-16 19:42:45,577 [INFO] Rule:225 - rule Change Default Value for I2C46CLockSelection MP1 family is applicable
2025-08-16 19:42:45,577 [INFO] Rule:225 - rule Change Default Value for UART for G4, G0 and WB families is applicable
2025-08-16 19:42:45,577 [INFO] Rule:225 - rule Change Default Value for USART for G4, G0 and WB families is applicable
2025-08-16 19:42:45,577 [INFO] Rule:225 - rule Change Default Value for USART for G4 family is applicable
2025-08-16 19:42:45,577 [INFO] Rule:225 - rule Change USART1CLockSelection refparam name for MP1 is applicable
2025-08-16 19:42:45,577 [INFO] Rule:225 - rule Change USART2CLockSelection refparam name for MP1 is applicable
2025-08-16 19:42:45,577 [INFO] Rule:225 - rule Change USART3CLockSelection refparam name for MP1 is applicable
2025-08-16 19:42:45,577 [INFO] Rule:225 - rule Change UART4CLockSelection refparam name for MP1 is applicable
2025-08-16 19:42:45,577 [INFO] Rule:225 - rule Change UART5CLockSelection refparam name for MP1 is applicable
2025-08-16 19:42:45,578 [INFO] Rule:225 - rule Change LPUART1CLockSelection refparam name for MP1 is applicable
2025-08-16 19:42:45,578 [INFO] Rule:225 - rule Change LPTIM1CLockSelection refparam name for MP1 is applicable
2025-08-16 19:42:45,578 [INFO] Rule:225 - rule Change LPTIM2CLockSelection refparam name for MP1 is applicable
2025-08-16 19:42:45,578 [INFO] Rule:225 - rule Change RCC_MCO1Source refparam name for MP1 is applicable
2025-08-16 19:42:45,578 [INFO] Rule:225 - rule Change LSCOSource1 refparam name for MP1 is applicable
2025-08-16 19:42:45,578 [INFO] Rule:225 - rule Change SMPSCLockSelection refparam name for MP1 is applicable
2025-08-16 19:42:45,578 [INFO] Rule:225 - rule Change LPTIM3CLockSelection refparam name for MP1 is applicable
2025-08-16 19:42:45,578 [INFO] Rule:225 - rule Change MPCBB* Default Template Mode to Parameters is applicable
2025-08-16 19:42:45,578 [INFO] Rule:225 - rule Change MPCWM* or MPCBB* Secure Mode to Parameters is applicable
2025-08-16 19:42:45,578 [INFO] Rule:225 - rule Change MPCWM* or MPCBB* No Secure Mode to Parameters is applicable
2025-08-16 19:42:45,578 [INFO] Rule:225 - rule Change TZSC IP Secure Mode to Parameters is applicable
2025-08-16 19:42:45,578 [INFO] Rule:225 - rule Change TZSC IP No Secure Mode to Parameters is applicable
2025-08-16 19:42:45,578 [INFO] Rule:225 - rule Change TZSC IP Privilege Mode to Parameters is applicable
2025-08-16 19:42:45,578 [INFO] Rule:225 - rule Change TZSC IP No Privilege Mode to Parameters is applicable
2025-08-16 19:42:45,578 [INFO] Rule:225 - rule Change TZIC IT Secure Mode to Parameters is applicable
2025-08-16 19:42:45,578 [INFO] Rule:225 - rule Change TZIC IT No Secure Mode to Parameters is applicable
2025-08-16 19:42:45,578 [INFO] Rule:225 - rule Add MPCBB1_NonSecureArea_Start_Address value with referenced to MPCBB1_NonSecureArea_Start value is applicable
2025-08-16 19:42:45,578 [INFO] Rule:225 - rule Add MPCBB2_NonSecureArea_Start_Address value with referenced to MPCBB2_NonSecureArea_Start value is applicable
2025-08-16 19:42:45,578 [INFO] Rule:225 - rule Add MPCWM1_NonSecureArea*_Start_Address value with referenced to MPCWM1_NonSecureArea*_Start value is applicable
2025-08-16 19:42:45,578 [INFO] Rule:225 - rule Add MPCWM2_NonSecureArea*_Start_Address value with referenced to MPCWM2_NonSecureArea*_Start value is applicable
2025-08-16 19:42:45,578 [INFO] Rule:225 - rule Add MPCWM3_NonSecureArea_Start_Address value with referenced to MPCWM3_NonSecureArea_Start value is applicable
2025-08-16 19:42:45,578 [INFO] Rule:225 - rule Change Default Value for PLL1UserDefinedConfig is applicable
2025-08-16 19:42:45,578 [INFO] Rule:225 - rule Change GPIO_PuPd Default Value for USART in async mode is applicable
2025-08-16 19:42:45,579 [INFO] Rule:225 - rule Change SMPSDivider Default Value is applicable
2025-08-16 19:42:45,579 [INFO] Rule:225 - rule OPAMP is applicable
2025-08-16 19:42:45,579 [INFO] Rule:225 - rule LPUART IPParameter rename Prescaler parameter to ClockPrescaler for STM32H7 is applicable
2025-08-16 19:42:45,579 [INFO] Rule:225 - rule LPUART IPParameter rename Prescaler parameter to ClockPrescaler for STM32H7 is applicable
2025-08-16 19:42:45,579 [INFO] Rule:225 - rule LPUART IPParameter rename Prescaler parameter to ClockPrescaler for STM32WB is applicable
2025-08-16 19:42:45,579 [INFO] Rule:225 - rule LPUART IPParameter rename Prescaler parameter to ClockPrescaler for STM32WB is applicable
2025-08-16 19:42:45,579 [INFO] Rule:225 - rule LPUART IPParameter rename Prescaler parameter to ClockPrescaler for STM32G4 is applicable
2025-08-16 19:42:45,579 [INFO] Rule:225 - rule LPUART IPParameter rename Prescaler parameter to ClockPrescaler for STM32G4 is applicable
2025-08-16 19:42:45,579 [INFO] Rule:225 - rule LPUART IPParameter rename Prescaler parameter to ClockPrescaler for STM32L5 is applicable
2025-08-16 19:42:45,579 [INFO] Rule:225 - rule LPUART IPParameter rename Prescaler parameter to ClockPrescaler for STM32L5 is applicable
2025-08-16 19:42:45,579 [INFO] Rule:225 - rule LPUART IPParameter rename Prescaler parameter to ClockPrescaler for STM32G4 is applicable
2025-08-16 19:42:45,579 [INFO] Rule:225 - rule LPUART IPParameter rename Prescaler parameter to ClockPrescaler for STM32G4 is applicable
2025-08-16 19:42:45,579 [INFO] Rule:225 - rule USB device lib V2.5.3 for L0 rename USBD_SUPPORT_USER_STRING parameter to USBD_SUPPORT_USER_STRING_DESC4 is applicable
2025-08-16 19:42:45,579 [INFO] Rule:225 - rule I2SCLockSelection clock entry align is applicable
2025-08-16 19:42:45,579 [INFO] Rule:225 - rule Assign TIMx context if used as SYS timebase is applicable
2025-08-16 19:42:45,580 [INFO] Rule:225 - rule Change GPIO_Pu Default Value for I2C is applicable
2025-08-16 19:42:45,580 [INFO] Rule:225 - rule Change GPIO_Pu Default Value for SMBus is applicable
2025-08-16 19:42:45,580 [INFO] Rule:225 - rule change FDCAN default value is applicable
2025-08-16 19:42:45,580 [INFO] Rule:225 - rule Change mode sai is applicable
2025-08-16 19:42:45,580 [INFO] Rule:225 - rule **Change sai mode is applicable
2025-08-16 19:42:45,580 [INFO] Rule:225 - rule Rename STM32WPAN CFG_BLE_IRK to CFG_BLE_IR is applicable
2025-08-16 19:42:45,580 [INFO] Rule:225 - rule Rename STM32WPAN CFG_BLE_ERK to CFG_BLE_ER is applicable
2025-08-16 19:42:45,580 [INFO] Rule:225 - rule Rename STM32WPAN CFG_BLE_IRK_HEX to CFG_BLE_IR_HEX is applicable
2025-08-16 19:42:45,580 [INFO] Rule:225 - rule Rename STM32WPAN CFG_BLE_ERK_HEX to CFG_BLE_ER_HEX is applicable
2025-08-16 19:42:45,580 [INFO] Rule:225 - rule Adapt Old IOC before rework replace old CORTEX_M33/CORTEX_M55 attributes by the new one. is applicable
2025-08-16 19:42:45,580 [INFO] Rule:225 - rule Rename parametre of RCC RCC_APBDBG_DIV2 to RCC_TIMPRES_DIV2 is applicable
2025-08-16 19:42:45,580 [INFO] Rule:225 - rule Rename DIE493 pin PA10 [PA12] -> PA10 is applicable
2025-08-16 19:42:45,580 [INFO] Rule:225 - rule Rename DIE493 pin PA9 [PA11] -> PA9 is applicable
2025-08-16 19:42:45,580 [INFO] Rule:225 - rule Adapt Old IOC CSI. is applicable
2025-08-16 19:42:45,608 [INFO] DbConfProperties:307 - Apply Compatibility (78/298 Rules)
2025-08-16 19:42:46,148 [INFO] ImportTextPane:218 - (OptionalMessage_ERROR) Unable to find key (Mcu.ThirdPartyNb) in loaded IOC file
2025-08-16 19:42:46,150 [INFO] ImportTextPane:218 - (OptionalMessage_ERROR) Pin11 (VP_RIF_VS_RIF1) cannot be retrieved for this MCU
2025-08-16 19:42:46,379 [INFO] RtosManager:558 - Registered RTOS mode: class=CMSIS, group=RTOS, mode=CMSIS_V1, owner=FREERTOS
2025-08-16 19:42:46,380 [INFO] RtosManager:558 - Registered RTOS mode: class=CMSIS, group=RTOS2, mode=CMSIS_V2, owner=FREERTOS
2025-08-16 19:42:46,380 [INFO] RtosManager:558 - Registered RTOS mode: class=RTOS, group=Core, mode=CMSIS_V1, owner=FREERTOS
2025-08-16 19:42:46,380 [INFO] RtosManager:558 - Registered RTOS mode: class=RTOS, group=Core, mode=CMSIS_V2, owner=FREERTOS
2025-08-16 19:42:46,380 [WARN] ModelIntegratedComponent:184 - Missing modes for component STMicroelectronics:FreeRTOS:0.0.1:STMicroelectronics:RTOS:FreeRTOS:Core:::10.2.0:
2025-08-16 19:42:46,389 [WARN] ModelIntegratedComponent:63 - No mode defined for component null
2025-08-16 19:42:46,389 [WARN] ModelIntegratedComponent:63 - No mode defined for component null
2025-08-16 19:42:46,389 [WARN] ModelIntegratedComponent:63 - No mode defined for component null
2025-08-16 19:42:46,389 [WARN] ModelIntegratedComponent:63 - No mode defined for component null
2025-08-16 19:42:46,390 [WARN] ModelIntegratedComponent:63 - No mode defined for component null
2025-08-16 19:42:46,390 [WARN] ModelIntegratedComponent:63 - No mode defined for component null
2025-08-16 19:42:46,390 [WARN] ModelIntegratedComponent:63 - No mode defined for component null
2025-08-16 19:42:46,390 [WARN] ModelIntegratedComponent:63 - No mode defined for component null
2025-08-16 19:42:46,390 [WARN] ModelIntegratedComponent:63 - No mode defined for component null
2025-08-16 19:42:46,390 [WARN] ModelIntegratedComponent:63 - No mode defined for component null
2025-08-16 19:42:46,390 [WARN] ModelIntegratedComponent:63 - No mode defined for component null
2025-08-16 19:42:46,390 [WARN] ModelIntegratedComponent:63 - No mode defined for component null
2025-08-16 19:42:46,390 [WARN] ModelIntegratedComponent:63 - No mode defined for component null
2025-08-16 19:42:46,390 [WARN] ModelIntegratedComponent:63 - No mode defined for component null
2025-08-16 19:42:46,390 [WARN] ModelIntegratedComponent:63 - No mode defined for component null
2025-08-16 19:42:46,390 [WARN] ModelIntegratedComponent:63 - No mode defined for component null
2025-08-16 19:42:46,390 [WARN] ModelIntegratedComponent:63 - No mode defined for component null
2025-08-16 19:42:46,390 [WARN] ModelIntegratedComponent:63 - No mode defined for component null
2025-08-16 19:42:46,390 [WARN] ModelIntegratedComponent:63 - No mode defined for component null
2025-08-16 19:42:46,390 [WARN] ModelIntegratedComponent:63 - No mode defined for component null
2025-08-16 19:42:46,390 [WARN] ModelIntegratedComponent:63 - No mode defined for component null
2025-08-16 19:42:46,390 [WARN] ModelIntegratedComponent:63 - No mode defined for component null
2025-08-16 19:42:46,390 [WARN] ModelIntegratedComponent:63 - No mode defined for component null
2025-08-16 19:42:46,390 [WARN] ModelIntegratedComponent:63 - No mode defined for component null
2025-08-16 19:42:46,390 [WARN] ModelIntegratedComponent:63 - No mode defined for component null
2025-08-16 19:42:46,390 [WARN] ModelIntegratedComponent:63 - No mode defined for component null
2025-08-16 19:42:46,390 [WARN] ModelIntegratedComponent:63 - No mode defined for component null
2025-08-16 19:42:46,390 [WARN] ModelIntegratedComponent:63 - No mode defined for component null
2025-08-16 19:42:46,390 [WARN] ModelIntegratedComponent:63 - No mode defined for component null
2025-08-16 19:42:46,390 [WARN] ModelIntegratedComponent:63 - No mode defined for component null
2025-08-16 19:42:46,390 [WARN] ModelIntegratedComponent:63 - No mode defined for component null
2025-08-16 19:42:46,390 [WARN] ModelIntegratedComponent:63 - No mode defined for component null
2025-08-16 19:42:46,390 [WARN] ModelIntegratedComponent:63 - No mode defined for component null
2025-08-16 19:42:46,390 [WARN] ModelIntegratedComponent:63 - No mode defined for component null
2025-08-16 19:42:46,390 [WARN] ModelIntegratedComponent:63 - No mode defined for component null
2025-08-16 19:42:46,391 [WARN] ModelPack:524 - Component already loaded: STMicroelectronics:HAL Drivers:0.0.0:STMicroelectronics:Device:STMicro_Driver:XSPI:HAL::0.0.1:HAL_XSPI
2025-08-16 19:42:46,722 [INFO] ThirdPartyModel:298 - Start build external matchings
2025-08-16 19:42:49,299 [INFO] ThirdPartyModel:316 - End build external matchings
2025-08-16 19:42:49,584 [INFO] UtilMem:75 - End LoadConfig() Used Memory: 855463344 Bytes (1073741824)
2025-08-16 19:42:49,706 [WARN] ThirdParty:833 - waiting for thirdparty lock release [change project]
2025-08-16 19:42:49,706 [INFO] ThirdParty:835 - entering critical section [change project]
2025-08-16 19:42:49,706 [INFO] ThirdParty:1030 - CMSIS Pack Vendor :STMicroelectronics X-CUBE-PM33A1 1.0.0
2025-08-16 19:42:49,706 [INFO] ThirdParty:1030 - CMSIS Pack Vendor :STMicroelectronics USBPD 4.1
2025-08-16 19:42:49,706 [INFO] ThirdParty:1030 - CMSIS Pack Vendor :STMicroelectronics X-CUBE-GNSS1 6.0.0
2025-08-16 19:42:49,706 [INFO] ThirdParty:1030 - CMSIS Pack Vendor :STMicroelectronics USB_HOST 2.0.0
2025-08-16 19:42:49,706 [INFO] ThirdParty:1030 - CMSIS Pack Vendor :STMicroelectronics FP-SNS-MOTENVWB1 1.4.0
2025-08-16 19:42:49,706 [INFO] ThirdParty:1030 - CMSIS Pack Vendor :STMicroelectronics X-CUBE-AZRTOS-F4 1.1.0
2025-08-16 19:42:49,706 [INFO] ThirdParty:1030 - CMSIS Pack Vendor :STMicroelectronics LIBJPEG 8.0.0
2025-08-16 19:42:49,706 [INFO] ThirdParty:1030 - CMSIS Pack Vendor :STMicroelectronics FP-ATR-ASTRA1 2.0.2
2025-08-16 19:42:49,706 [INFO] ThirdParty:1030 - CMSIS Pack Vendor :STMicroelectronics FP-ATR-ASTRA1 2.0.1
2025-08-16 19:42:49,706 [INFO] ThirdParty:1030 - CMSIS Pack Vendor :Avnet-IotConnect X-CUBE-IoTC-DA16k-PMOD 1.0.0
2025-08-16 19:42:49,706 [INFO] ThirdParty:1030 - CMSIS Pack Vendor :STMicroelectronics X-CUBE-SMBUS 2.1.0
2025-08-16 19:42:49,706 [INFO] ThirdParty:1030 - CMSIS Pack Vendor :STMicroelectronics X-CUBE-WB05N 1.1.0
2025-08-16 19:42:49,706 [INFO] ThirdParty:1030 - CMSIS Pack Vendor :wolfSSL I-CUBE-wolfSSL 5.6.0
2025-08-16 19:42:49,706 [INFO] ThirdParty:1030 - CMSIS Pack Vendor :STMicroelectronics X-CUBE-ISPU 2.1.0
2025-08-16 19:42:49,706 [INFO] ThirdParty:1030 - CMSIS Pack Vendor :STMicroelectronics X-CUBE-FREERTOS 1.2.0
2025-08-16 19:42:49,706 [INFO] ThirdParty:1030 - CMSIS Pack Vendor :STMicroelectronics X-CUBE-ST60 1.0.0
2025-08-16 19:42:49,706 [INFO] ThirdParty:1030 - CMSIS Pack Vendor :STMicroelectronics X-CUBE-TOUCHGFX 4.23.1
2025-08-16 19:42:49,706 [INFO] ThirdParty:1030 - CMSIS Pack Vendor :STMicroelectronics X-CUBE-NFC12 1.0.0
2025-08-16 19:42:49,706 [INFO] ThirdParty:1030 - CMSIS Pack Vendor :STMicroelectronics X-CUBE-TOUCHGFX 4.23.2
2025-08-16 19:42:49,706 [INFO] ThirdParty:1030 - CMSIS Pack Vendor :STMicroelectronics X-CUBE-AZRTOS-F7 1.1.0
2025-08-16 19:42:49,706 [INFO] ThirdParty:1030 - CMSIS Pack Vendor :STMicroelectronics X-CUBE-AZRTOS-L5 2.0.0
2025-08-16 19:42:49,707 [INFO] ThirdParty:1030 - CMSIS Pack Vendor :STMicroelectronics USB_DEVICE 2.0.0
2025-08-16 19:42:49,707 [INFO] ThirdParty:1030 - CMSIS Pack Vendor :STMicroelectronics X-CUBE-MEMS1 9.6.0
2025-08-16 19:42:49,707 [INFO] ThirdParty:1030 - CMSIS Pack Vendor :STMicroelectronics X-CUBE-NFC6 3.1.0
2025-08-16 19:42:49,707 [INFO] ThirdParty:1030 - CMSIS Pack Vendor :ITTIA_DB I-CUBE-ITTIADB 8.8.0
2025-08-16 19:42:49,707 [INFO] ThirdParty:1030 - CMSIS Pack Vendor :STMicroelectronics FP-SNS-MOTENV1 4.3.0
2025-08-16 19:42:49,707 [INFO] ThirdParty:1030 - CMSIS Pack Vendor :STMicroelectronics FP-SNS-MOTENV1 4.3.2
2025-08-16 19:42:49,707 [INFO] ThirdParty:1030 - CMSIS Pack Vendor :STMicroelectronics FP-SNS-FLIGHT1 5.0.0
2025-08-16 19:42:49,707 [INFO] ThirdParty:1030 - CMSIS Pack Vendor :STMicroelectronics X-CUBE-MEMS1 11.0.0
2025-08-16 19:42:49,707 [INFO] ThirdParty:1030 - CMSIS Pack Vendor :STMicroelectronics X-CUBE-BLE1 6.2.4
2025-08-16 19:42:49,707 [INFO] ThirdParty:1030 - CMSIS Pack Vendor :STMicroelectronics FreeRTOS 0.0.1
2025-08-16 19:42:49,707 [INFO] ThirdParty:1030 - CMSIS Pack Vendor :emotas I-CUBE-CANOPEN 1.1.3
2025-08-16 19:42:49,707 [INFO] ThirdParty:1030 - CMSIS Pack Vendor :STMicroelectronics X-CUBE-BLEMGR 2.0.0
2025-08-16 19:42:49,707 [INFO] ThirdParty:1030 - CMSIS Pack Vendor :STMicroelectronics X-CUBE-DPower 1.2.0
2025-08-16 19:42:49,707 [INFO] ThirdParty:1030 - CMSIS Pack Vendor :STMicroelectronics FP-SNS-FLIGHT1 5.0.2
2025-08-16 19:42:49,707 [INFO] ThirdParty:1030 - CMSIS Pack Vendor :Infineon AIROC-Wi-Fi-Bluetooth-STM32 1.7.0
2025-08-16 19:42:49,707 [INFO] ThirdParty:1030 - CMSIS Pack Vendor :STMicroelectronics X-CUBE-AI 9.0.0
2025-08-16 19:42:49,707 [INFO] ThirdParty:1030 - CMSIS Pack Vendor :STMicroelectronics X-CUBE-AZRTOS-H7 3.1.0
2025-08-16 19:42:49,707 [INFO] ThirdParty:1030 - CMSIS Pack Vendor :STMicroelectronics PDM2PCM 3.3.0
2025-08-16 19:42:49,707 [INFO] ThirdParty:1030 - CMSIS Pack Vendor :STMicroelectronics X-CUBE-AZRTOS-H7 3.4.0
2025-08-16 19:42:49,707 [INFO] ThirdParty:1030 - CMSIS Pack Vendor :STMicroelectronics X-CUBE-DISPLAY 3.0.0
2025-08-16 19:42:49,707 [INFO] ThirdParty:1030 - CMSIS Pack Vendor :STMicroelectronics X-CUBE-BLE1 7.0.0
2025-08-16 19:42:49,707 [INFO] ThirdParty:1030 - CMSIS Pack Vendor :STMicroelectronics X-CUBE-NFC10 1.0.0
2025-08-16 19:42:49,707 [INFO] ThirdParty:1030 - CMSIS Pack Vendor :STMicroelectronics X-CUBE-BLEMGR 4.0.0
2025-08-16 19:42:49,707 [INFO] ThirdParty:1030 - CMSIS Pack Vendor :STMicroelectronics X-CUBE-FREERTOS 1.3.1
2025-08-16 19:42:49,707 [INFO] ThirdParty:1030 - CMSIS Pack Vendor :STMicroelectronics HAL Drivers 0.0.0
2025-08-16 19:42:49,707 [INFO] ThirdParty:1030 - CMSIS Pack Vendor :emotas I-CUBE-CANOPEN 1.3.0
2025-08-16 19:42:49,707 [INFO] ThirdParty:1030 - CMSIS Pack Vendor :STMicroelectronics X-CUBE-FREERTOS 1.3.0
2025-08-16 19:42:49,707 [INFO] ThirdParty:1030 - CMSIS Pack Vendor :STMicroelectronics X-CUBE-TOUCHGFX 4.22.0
2025-08-16 19:42:49,707 [INFO] ThirdParty:1030 - CMSIS Pack Vendor :STMicroelectronics X-CUBE-NFC7 1.0.1
2025-08-16 19:42:49,707 [INFO] ThirdParty:1030 - CMSIS Pack Vendor :STMicroelectronics MBEDTLS 2.14.1
2025-08-16 19:42:49,707 [INFO] ThirdParty:1030 - CMSIS Pack Vendor :STMicroelectronics X-CUBE-NFC7 1.0.0
2025-08-16 19:42:49,707 [INFO] ThirdParty:1030 - CMSIS Pack Vendor :STMicroelectronics X-CUBE-TOUCHGFX 4.22.1
2025-08-16 19:42:49,707 [INFO] ThirdParty:1030 - CMSIS Pack Vendor :wolfSSL I-CUBE-wolfTPM 3.2.0
2025-08-16 19:42:49,707 [INFO] ThirdParty:1030 - CMSIS Pack Vendor :STMicroelectronics X-CUBE-NFC6 3.0.0
2025-08-16 19:42:49,707 [INFO] ThirdParty:1030 - CMSIS Pack Vendor :STMicroelectronics X-CUBE-EEPRMA1 4.1.0
2025-08-16 19:42:49,707 [INFO] ThirdParty:1030 - CMSIS Pack Vendor :STMicroelectronics X-CUBE-BLEMGR 3.1.0
2025-08-16 19:42:49,707 [INFO] ThirdParty:1030 - CMSIS Pack Vendor :STMicroelectronics X-CUBE-AI 10.0.0
2025-08-16 19:42:49,707 [INFO] ThirdParty:1030 - CMSIS Pack Vendor :STMicroelectronics FP-SNS-STAIOTCFT 1.0.0
2025-08-16 19:42:49,707 [INFO] ThirdParty:1030 - CMSIS Pack Vendor :STMicroelectronics FP-SNS-SMARTAG2 1.2.0
2025-08-16 19:42:49,707 [INFO] ThirdParty:1030 - CMSIS Pack Vendor :STMicroelectronics FP-SNS-FLIGHT1 5.1.0
2025-08-16 19:42:49,707 [INFO] ThirdParty:1030 - CMSIS Pack Vendor :STMicroelectronics X-CUBE-MEMS1 11.1.0
2025-08-16 19:42:49,707 [INFO] ThirdParty:1030 - CMSIS Pack Vendor :STMicroelectronics X-CUBE-AZRTOS-WL 2.0.0
2025-08-16 19:42:49,707 [INFO] ThirdParty:1030 - CMSIS Pack Vendor :STMicroelectronics X-CUBE-DPower 1.3.0
2025-08-16 19:42:49,707 [INFO] ThirdParty:1030 - CMSIS Pack Vendor :STMicroelectronics FP-SNS-MOTENV1 5.0.0
2025-08-16 19:42:49,707 [INFO] ThirdParty:1030 - CMSIS Pack Vendor :STMicroelectronics USB_DEVICE 1.0.0
2025-08-16 19:42:49,707 [INFO] ThirdParty:1030 - CMSIS Pack Vendor :STMicroelectronics X-CUBE-AI 8.1.0
2025-08-16 19:42:49,707 [INFO] ThirdParty:1030 - CMSIS Pack Vendor :wolfSSL I-CUBE-wolfMQTT 1.19.0
2025-08-16 19:42:49,707 [INFO] ThirdParty:1030 - CMSIS Pack Vendor :STMicroelectronics X-CUBE-AZRTOS-L4 2.0.0
2025-08-16 19:42:49,707 [INFO] ThirdParty:1030 - CMSIS Pack Vendor :STMicroelectronics ThreadX 0.0.2
2025-08-16 19:42:49,707 [INFO] ThirdParty:1030 - CMSIS Pack Vendor :WES I-CUBE-Cesium 1.3.0
2025-08-16 19:42:49,707 [INFO] ThirdParty:1030 - CMSIS Pack Vendor :STMicroelectronics lwIP 2.1.2
2025-08-16 19:42:49,707 [INFO] ThirdParty:1030 - CMSIS Pack Vendor :STMicroelectronics X-CUBE-SFXS2LP1 4.0.0
2025-08-16 19:42:49,707 [INFO] ThirdParty:1030 - CMSIS Pack Vendor :STMicroelectronics X-CUBE-BLE2 3.3.0
2025-08-16 19:42:49,707 [INFO] ThirdParty:1030 - CMSIS Pack Vendor :STMicroelectronics PDM2PCM 3.2.0
2025-08-16 19:42:49,708 [INFO] ThirdParty:1030 - CMSIS Pack Vendor :STMicroelectronics X-CUBE-AZRTOS-H7 3.0.0
2025-08-16 19:42:49,708 [INFO] ThirdParty:1030 - CMSIS Pack Vendor :STMicroelectronics X-CUBE-ISPU 1.1.0
2025-08-16 19:42:49,708 [INFO] ThirdParty:1030 - CMSIS Pack Vendor :STMicroelectronics X-CUBE-AZRTOS-H7 3.3.0
2025-08-16 19:42:49,708 [INFO] ThirdParty:1030 - CMSIS Pack Vendor :RoweBots I-CUBE-UNISONRTOS 5.5.0-4
2025-08-16 19:42:49,708 [INFO] ThirdParty:1030 - CMSIS Pack Vendor :STMicroelectronics X-CUBE-NFC9 1.0.0
2025-08-16 19:42:49,708 [INFO] ThirdParty:1030 - CMSIS Pack Vendor :STMicroelectronics X-CUBE-BLE1 7.1.0
2025-08-16 19:42:49,708 [INFO] ThirdParty:1030 - CMSIS Pack Vendor :STMicroelectronics USB_DEVICE 3.0.0
2025-08-16 19:42:49,708 [INFO] ThirdParty:1030 - CMSIS Pack Vendor :STMicroelectronics X-CUBE-TCPP 4.1.0
2025-08-16 19:42:49,708 [INFO] ThirdParty:1030 - CMSIS Pack Vendor :STMicroelectronics X-CUBE-EEPRMA1 5.2.0
2025-08-16 19:42:49,708 [INFO] ThirdParty:1030 - CMSIS Pack Vendor :STMicroelectronics X-CUBE-BLEMGR 4.1.0
2025-08-16 19:42:49,708 [INFO] ThirdParty:1030 - CMSIS Pack Vendor :STMicroelectronics X-CUBE-AI 8.0.0
2025-08-16 19:42:49,708 [INFO] ThirdParty:1030 - CMSIS Pack Vendor :STMicroelectronics X-CUBE-IPS 3.0.0
2025-08-16 19:42:49,708 [INFO] ThirdParty:1030 - CMSIS Pack Vendor :STMicroelectronics X-CUBE-AZRTOS-WB 2.0.0
2025-08-16 19:42:49,708 [INFO] ThirdParty:1030 - CMSIS Pack Vendor :STMicroelectronics X-CUBE-FREERTOS 1.0.0
2025-08-16 19:42:49,708 [INFO] ThirdParty:1030 - CMSIS Pack Vendor :STMicroelectronics X-CUBE-FREERTOS 1.0.1
2025-08-16 19:42:49,708 [INFO] ThirdParty:1030 - CMSIS Pack Vendor :STMicroelectronics X-CUBE-GNSS1 7.0.0
2025-08-16 19:42:49,708 [INFO] ThirdParty:1030 - CMSIS Pack Vendor :STMicroelectronics X-CUBE-GNSS1 7.0.1
2025-08-16 19:42:49,708 [INFO] ThirdParty:1030 - CMSIS Pack Vendor :STMicroelectronics X-CUBE-TOUCHGFX 4.21.3
2025-08-16 19:42:49,708 [INFO] ThirdParty:1030 - CMSIS Pack Vendor :STMicroelectronics X-CUBE-TOUCHGFX 4.21.4
2025-08-16 19:42:49,708 [INFO] ThirdParty:1030 - CMSIS Pack Vendor :STMicroelectronics X-CUBE-TOUCHGFX 4.25.0
2025-08-16 19:42:49,708 [INFO] ThirdParty:1030 - CMSIS Pack Vendor :STMicroelectronics X-CUBE-AI 10.1.0
2025-08-16 19:42:49,708 [INFO] ThirdParty:1030 - CMSIS Pack Vendor :STMicroelectronics FP-SNS-STBOX1 2.0.0
2025-08-16 19:42:49,708 [INFO] ThirdParty:1030 - CMSIS Pack Vendor :STMicroelectronics X-CUBE-ALGOBUILD 1.3.0
2025-08-16 19:42:49,708 [INFO] ThirdParty:1030 - CMSIS Pack Vendor :STMicroelectronics X-CUBE-AZRTOS-L5 1.1.0
2025-08-16 19:42:49,708 [INFO] ThirdParty:1030 - CMSIS Pack Vendor :STMicroelectronics X-CUBE-MEMS1 11.2.0
2025-08-16 19:42:49,708 [INFO] ThirdParty:1030 - CMSIS Pack Vendor :STMicroelectronics X-CUBE-AZRTOS-G0 1.1.0
2025-08-16 19:42:49,708 [INFO] ThirdParty:1030 - CMSIS Pack Vendor :STMicroelectronics X-CUBE-AI 8.0.1
2025-08-16 19:42:49,708 [INFO] ThirdParty:1030 - CMSIS Pack Vendor :STMicroelectronics X-CUBE-SAFEA1 1.2.2
2025-08-16 19:42:49,708 [INFO] ThirdParty:1030 - CMSIS Pack Vendor :STMicroelectronics X-CUBE-NFC4 3.0.0
2025-08-16 19:42:49,708 [INFO] ThirdParty:1030 - CMSIS Pack Vendor :STMicroelectronics X-CUBE-SUBG2 5.0.0
2025-08-16 19:42:49,708 [INFO] ThirdParty:1030 - CMSIS Pack Vendor :STMicroelectronics X-CUBE-AZRTOS-H7RS 1.1.0
2025-08-16 19:42:49,708 [INFO] ThirdParty:1030 - CMSIS Pack Vendor :STMicroelectronics STM32_WPAN 1.0.0
2025-08-16 19:42:49,708 [INFO] ThirdParty:1030 - CMSIS Pack Vendor :EmbeddedOffice I-CUBE-FS-RTOS 1.0.1
2025-08-16 19:42:49,708 [INFO] ThirdParty:1030 - CMSIS Pack Vendor :STMicroelectronics lwIP 2.0.3
2025-08-16 19:42:49,708 [INFO] ThirdParty:1030 - CMSIS Pack Vendor :Cesanta I-CUBE-Mongoose 7.13.0
2025-08-16 19:42:49,708 [INFO] ThirdParty:1030 - CMSIS Pack Vendor :STMicroelectronics USB_HOST 1.0.0
2025-08-16 19:42:49,708 [INFO] ThirdParty:1030 - CMSIS Pack Vendor :STMicroelectronics X-CUBE-TOF1 3.3.1
2025-08-16 19:42:49,708 [INFO] ThirdParty:1030 - CMSIS Pack Vendor :STMicroelectronics X-CUBE-AZRTOS-G4 2.0.0
2025-08-16 19:42:49,708 [INFO] ThirdParty:1030 - CMSIS Pack Vendor :STMicroelectronics X-CUBE-WB05N 2.0.0
2025-08-16 19:42:49,708 [INFO] ThirdParty:1030 - CMSIS Pack Vendor :STMicroelectronics PDM2PCM 3.1.0
2025-08-16 19:42:49,708 [INFO] ThirdParty:1030 - CMSIS Pack Vendor :STMicroelectronics X-CUBE-TOF1 3.3.0
2025-08-16 19:42:49,708 [INFO] ThirdParty:1030 - CMSIS Pack Vendor :STMicroelectronics FP-ATR-ASTRA1 1.1.1
2025-08-16 19:42:49,708 [INFO] ThirdParty:1030 - CMSIS Pack Vendor :Infineon AIROC-Wi-Fi-Bluetooth-STM32 1.5.1
2025-08-16 19:42:49,708 [INFO] ThirdParty:1030 - CMSIS Pack Vendor :STMicroelectronics X-CUBE-NFC7 2.0.0
2025-08-16 19:42:49,708 [INFO] ThirdParty:1030 - CMSIS Pack Vendor :STMicroelectronics X-CUBE-TCPP 4.2.0
2025-08-16 19:42:49,708 [INFO] ThirdParty:1030 - CMSIS Pack Vendor :RealThread X-CUBE-RT-Thread_Nano 4.1.1
2025-08-16 19:42:49,708 [INFO] ThirdParty:1030 - CMSIS Pack Vendor :STMicroelectronics FP-SNS-MOTENVWB1 1.3.1
2025-08-16 19:42:49,708 [INFO] ThirdParty:1030 - CMSIS Pack Vendor :STMicroelectronics FP-ATR-SIGFOX1 3.2.0
2025-08-16 19:42:49,708 [INFO] ThirdParty:1030 - CMSIS Pack Vendor :STMicroelectronics X-CUBE-AZRTOS-G4 1.0.0
2025-08-16 19:42:49,708 [INFO] ThirdParty:1030 - CMSIS Pack Vendor :STMicroelectronics X-CUBE-AZRTOS-L4 1.0.0
2025-08-16 19:42:49,708 [INFO] ThirdParty:1030 - CMSIS Pack Vendor :quantropi X-CUBE-qispace-sdk-base 1.9.3
2025-08-16 19:42:49,708 [INFO] ThirdParty:1030 - CMSIS Pack Vendor :STMicroelectronics X-CUBE-ISPU 2.0.0
2025-08-16 19:42:49,708 [INFO] ThirdParty:1030 - CMSIS Pack Vendor :STMicroelectronics X-CUBE-EEPRMA1 5.1.0
2025-08-16 19:42:49,708 [INFO] ThirdParty:1030 - CMSIS Pack Vendor :STMicroelectronics MBEDTLS 2.16.2
2025-08-16 19:42:49,708 [INFO] ThirdParty:1030 - CMSIS Pack Vendor :STMicroelectronics X-CUBE-IPS 3.1.0
2025-08-16 19:42:49,708 [INFO] ThirdParty:1030 - CMSIS Pack Vendor :STMicroelectronics X-CUBE-ALS 1.0.2
2025-08-16 19:42:49,708 [INFO] ThirdParty:1030 - CMSIS Pack Vendor :STMicroelectronics X-CUBE-MEMS1 10.0.0
2025-08-16 19:42:49,708 [INFO] ThirdParty:1030 - CMSIS Pack Vendor :STMicroelectronics X-CUBE-FREERTOS 1.1.0
2025-08-16 19:42:49,709 [INFO] ThirdParty:1030 - CMSIS Pack Vendor :wolfSSL I-CUBE-wolfSSL 5.7.6
2025-08-16 19:42:49,709 [INFO] ThirdParty:1030 - CMSIS Pack Vendor :STMicroelectronics X-CUBE-TOUCHGFX 4.24.0
2025-08-16 19:42:49,709 [INFO] ThirdParty:1030 - CMSIS Pack Vendor :ITTIA_DB I-CUBE-ITTIADB 8.9.0
2025-08-16 19:42:49,709 [INFO] ThirdParty:1030 - CMSIS Pack Vendor :STMicroelectronics X-CUBE-TOUCHGFX 4.24.2
2025-08-16 19:42:49,709 [INFO] ThirdParty:1030 - CMSIS Pack Vendor :STMicroelectronics X-CUBE-AZRTOS-WL 1.0.0
2025-08-16 19:42:49,709 [INFO] ThirdParty:1030 - CMSIS Pack Vendor :STMicroelectronics X-CUBE-TOUCHGFX 4.24.1
2025-08-16 19:42:49,709 [INFO] ThirdParty:1030 - CMSIS Pack Vendor :wolfSSL I-CUBE-wolfTPM 3.4.0
2025-08-16 19:42:49,709 [INFO] ThirdParty:1030 - CMSIS Pack Vendor :portGmbH I-Cube-SoM-uGOAL 1.1.0
2025-08-16 19:42:49,709 [INFO] ThirdParty:1030 - CMSIS Pack Vendor :STMicroelectronics X-CUBE-ALS 1.0.1
2025-08-16 19:42:49,709 [INFO] ThirdParty:1030 - CMSIS Pack Vendor :STMicroelectronics X-CUBE-MEMS1 9.5.0
2025-08-16 19:42:49,709 [INFO] ThirdParty:1030 - CMSIS Pack Vendor :STMicroelectronics X-CUBE-ST67W61 1.0.0
2025-08-16 19:42:49,709 [INFO] ThirdParty:1030 - CMSIS Pack Vendor :STMicroelectronics X-CUBE-AI 10.2.0
2025-08-16 19:42:49,709 [INFO] ThirdParty:1030 - CMSIS Pack Vendor :STMicroelectronics ThreadX 1.0.0
2025-08-16 19:42:49,709 [INFO] ThirdParty:1030 - CMSIS Pack Vendor :STMicroelectronics X-CUBE-AZRTOS-WB 1.1.0
2025-08-16 19:42:49,709 [INFO] ThirdParty:1030 - CMSIS Pack Vendor :SEGGER I-CUBE-embOS 1.3.1
2025-08-16 19:42:49,709 [INFO] ThirdParty:1030 - CMSIS Pack Vendor :STMicroelectronics X-CUBE-ALGOBUILD 1.4.0
2025-08-16 19:42:49,709 [INFO] ThirdParty:1030 - CMSIS Pack Vendor :STMicroelectronics X-CUBE-MEMS1 11.3.0
2025-08-16 19:42:49,709 [INFO] ThirdParty:1030 - CMSIS Pack Vendor :STMicroelectronics X-CUBE-AZRTOS-H7RS 1.0.0
2025-08-16 19:42:49,709 [INFO] ThirdParty:1030 - CMSIS Pack Vendor :STMicroelectronics FP-ATR-ASTRA1 2.0.0
2025-08-16 19:42:49,709 [INFO] ThirdParty:1030 - CMSIS Pack Vendor :STMicroelectronics X-CUBE-TOF1 3.4.2
2025-08-16 19:42:49,709 [INFO] ThirdParty:1030 - CMSIS Pack Vendor :STMicroelectronics X-CUBE-TOF1 3.4.3
2025-08-16 19:42:49,709 [INFO] ThirdParty:1030 - CMSIS Pack Vendor :STMicroelectronics X-CUBE-AI 9.1.0
2025-08-16 19:42:49,709 [INFO] ThirdParty:1030 - CMSIS Pack Vendor :STMicroelectronics X-CUBE-TOF1 3.4.1
2025-08-16 19:42:49,709 [INFO] ThirdParty:1030 - CMSIS Pack Vendor :STMicroelectronics X-CUBE-AZRTOS-H7 3.2.0
2025-08-16 19:42:49,709 [INFO] ThirdParty:1030 - CMSIS Pack Vendor :wolfSSL I-CUBE-wolfSSH 1.4.17
2025-08-16 19:42:49,709 [INFO] ThirdParty:841 - exiting critical section [change project]
2025-08-16 19:42:49,966 [INFO] PinOutPanel:1589 - setPackage(No Configuration,No Configuration)
2025-08-16 19:42:49,968 [INFO] PinOutPanel:1589 - setPackage(STM32F401RETx,LQFP64)
2025-08-16 19:42:50,539 [INFO] UtilMem:75 - Before build in PCC Used Memory: 891105440 Bytes (1073741824)
2025-08-16 19:42:51,306 [INFO] UtilMem:75 - After build in PCC Used Memory: 951780840 Bytes (1073741824)
2025-08-16 19:42:51,336 [INFO] IPUIPlugin:80 - create IPUIPlugin
2025-08-16 19:42:51,336 [INFO] IPUIPlugin:80 - create IPUIPlugin
2025-08-16 19:42:51,336 [INFO] IPUIPlugin:80 - create IPUIPlugin
2025-08-16 19:42:51,336 [INFO] IPUIPlugin:80 - create IPUIPlugin
2025-08-16 19:42:51,336 [INFO] IPUIPlugin:80 - create IPUIPlugin
2025-08-16 19:42:51,337 [INFO] IPUIPlugin:80 - create IPUIPlugin
2025-08-16 19:42:51,337 [INFO] IPUIPlugin:80 - create IPUIPlugin
2025-08-16 19:42:51,337 [INFO] IPUIPlugin:80 - create IPUIPlugin
2025-08-16 19:42:51,337 [INFO] IPUIPlugin:80 - create IPUIPlugin
2025-08-16 19:42:51,337 [INFO] IPUIPlugin:80 - create IPUIPlugin
2025-08-16 19:42:51,337 [INFO] IPUIPlugin:80 - create IPUIPlugin
2025-08-16 19:42:51,337 [INFO] IPUIPlugin:80 - create IPUIPlugin
2025-08-16 19:42:51,337 [INFO] IPUIPlugin:80 - create IPUIPlugin
2025-08-16 19:42:51,338 [INFO] IPUIPlugin:80 - create IPUIPlugin
2025-08-16 19:42:51,338 [INFO] IPUIPlugin:80 - create IPUIPlugin
2025-08-16 19:42:51,338 [INFO] IPUIPlugin:80 - create IPUIPlugin
2025-08-16 19:42:51,338 [INFO] IPUIPlugin:80 - create IPUIPlugin
2025-08-16 19:42:51,338 [INFO] IPUIPlugin:80 - create IPUIPlugin
2025-08-16 19:42:51,339 [INFO] IPUIPlugin:80 - create IPUIPlugin
2025-08-16 19:42:51,339 [INFO] IPUIPlugin:80 - create IPUIPlugin
2025-08-16 19:42:51,339 [INFO] IPUIPlugin:80 - create IPUIPlugin
2025-08-16 19:42:51,339 [INFO] IPUIPlugin:80 - create IPUIPlugin
2025-08-16 19:42:51,339 [INFO] IPUIPlugin:80 - create IPUIPlugin
2025-08-16 19:42:51,340 [INFO] IPUIPlugin:80 - create IPUIPlugin
2025-08-16 19:42:51,340 [INFO] IPUIPlugin:80 - create IPUIPlugin
2025-08-16 19:42:51,340 [INFO] IPUIPlugin:80 - create IPUIPlugin
2025-08-16 19:42:51,340 [INFO] IPUIPlugin:80 - create IPUIPlugin
2025-08-16 19:42:51,340 [INFO] IPUIPlugin:80 - create IPUIPlugin
2025-08-16 19:42:51,340 [INFO] IPUIPlugin:80 - create IPUIPlugin
2025-08-16 19:42:51,340 [INFO] IPUIPlugin:80 - create IPUIPlugin
2025-08-16 19:42:51,341 [INFO] IPUIPlugin:80 - create IPUIPlugin
2025-08-16 19:42:51,341 [INFO] IPUIPlugin:80 - create IPUIPlugin
2025-08-16 19:42:51,341 [INFO] IPUIPlugin:80 - create IPUIPlugin
2025-08-16 19:42:51,341 [INFO] IPUIPlugin:80 - create IPUIPlugin
2025-08-16 19:42:51,341 [INFO] IPUIPlugin:80 - create IPUIPlugin
2025-08-16 19:42:51,341 [INFO] IPUIPlugin:80 - create IPUIPlugin
2025-08-16 19:42:51,342 [INFO] IPUIPlugin:80 - create IPUIPlugin
2025-08-16 19:42:51,342 [INFO] IPUIPlugin:80 - create IPUIPlugin
2025-08-16 19:42:51,391 [INFO] ApiDbMcu:508 - Load IP Config File for PDM2PCM
2025-08-16 19:42:51,559 [INFO] CADModel:165 - CPN selected for project levelSTM32F401RET6
2025-08-16 19:42:51,559 [INFO] CADModel:114 - Register for checkConnection events
2025-08-16 19:42:51,626 [INFO] OpenFileManager:385 - Restore cursor
2025-08-16 19:42:52,331 [INFO] UtilMem:75 - End SaveConfig() Used Memory: 912076960 Bytes (1073741824)
2025-08-16 19:42:52,427 [INFO] UtilMem:75 - End SaveConfig() Used Memory: 927805600 Bytes (1073741824)
2025-08-16 19:42:52,610 [INFO] BlockDiagram:2775 - set Specific Code input for plugin: NVIC
2025-08-16 19:42:52,610 [INFO] BlockDiagram:2775 - set Specific Code input for plugin: GPIO
2025-08-16 19:42:52,610 [INFO] BlockDiagram:2775 - set Specific Code input for plugin: RCC
2025-08-16 19:42:52,611 [INFO] CodeGenerator:882 - code generatio: config db path: C:\ST\STM32CubeIDE_1.18.1\STM32CubeIDE\plugins\com.st.stm32cube.common.mx_6.14.1.202504091515\\db\
2025-08-16 19:42:52,724 [INFO] CodeEngine:263 - oldGeneratedFile, C:\Users\bhagy\STM32CubeIDE\workspace_1.18.1\002DebugOptions\MXTmpFiles\license.tmp_save
2025-08-16 19:42:53,136 [INFO] CodeEngine:287 - Generated code: C:\Users\bhagy\STM32CubeIDE\workspace_1.18.1\002DebugOptions\MXTmpFiles\license.tmp
2025-08-16 19:42:53,193 [INFO] CodeEngine:263 - oldGeneratedFile, C:\Users\bhagy\STM32CubeIDE\workspace_1.18.1\002DebugOptions\MXTmpFiles\gpio.tmp_save
2025-08-16 19:42:53,337 [INFO] CodeEngine:287 - Generated code: C:\Users\bhagy\STM32CubeIDE\workspace_1.18.1\002DebugOptions\MXTmpFiles\gpio.tmp
2025-08-16 19:42:53,357 [INFO] CodeEngine:263 - oldGeneratedFile, C:\Users\bhagy\STM32CubeIDE\workspace_1.18.1\002DebugOptions\Core\Src\stm32f4xx_it.c_save
2025-08-16 19:42:53,485 [INFO] CodeEngine:287 - Generated code: C:\Users\bhagy\STM32CubeIDE\workspace_1.18.1\002DebugOptions\Core\Src\stm32f4xx_it.c
2025-08-16 19:42:53,490 [INFO] CodeEngine:263 - oldGeneratedFile, C:\Users\bhagy\STM32CubeIDE\workspace_1.18.1\002DebugOptions\Core\Inc\stm32f4xx_it.h_save
2025-08-16 19:42:53,578 [INFO] CodeEngine:287 - Generated code: C:\Users\bhagy\STM32CubeIDE\workspace_1.18.1\002DebugOptions\Core\Inc\stm32f4xx_it.h
2025-08-16 19:42:53,617 [INFO] CodeEngine:263 - oldGeneratedFile, C:\Users\bhagy\STM32CubeIDE\workspace_1.18.1\002DebugOptions\Core\Src\stm32f4xx_hal_msp.c_save
2025-08-16 19:42:53,725 [INFO] CodeEngine:287 - Generated code: C:\Users\bhagy\STM32CubeIDE\workspace_1.18.1\002DebugOptions\Core\Src\stm32f4xx_hal_msp.c
2025-08-16 19:42:53,731 [INFO] CodeEngine:263 - oldGeneratedFile, C:\Users\bhagy\STM32CubeIDE\workspace_1.18.1\002DebugOptions\MXTmpFiles\system.tmp_save
2025-08-16 19:42:53,787 [INFO] CodeEngine:287 - Generated code: C:\Users\bhagy\STM32CubeIDE\workspace_1.18.1\002DebugOptions\MXTmpFiles\system.tmp
2025-08-16 19:42:53,802 [INFO] CodeEngine:319 - oldGeneratedFile, C:\Users\bhagy\STM32CubeIDE\workspace_1.18.1\002DebugOptions\Core\Inc\stm32f4xx_hal_conf.h_save
2025-08-16 19:42:53,883 [INFO] CodeEngine:343 - Generated code: C:\Users\bhagy\STM32CubeIDE\workspace_1.18.1\002DebugOptions\Core\Inc\stm32f4xx_hal_conf.h
2025-08-16 19:42:53,945 [INFO] ApiDbMcu:508 - Load IP Config File for RCC
2025-08-16 19:42:53,960 [INFO] CodeEngine:263 - oldGeneratedFile, C:\Users\bhagy\STM32CubeIDE\workspace_1.18.1\002DebugOptions\Core\Inc\main.h_save
2025-08-16 19:42:54,056 [INFO] CodeEngine:287 - Generated code: C:\Users\bhagy\STM32CubeIDE\workspace_1.18.1\002DebugOptions\Core\Inc\main.h
2025-08-16 19:42:54,064 [INFO] CodeEngine:263 - oldGeneratedFile, C:\Users\bhagy\STM32CubeIDE\workspace_1.18.1\002DebugOptions\Core\Src\main.c_save
2025-08-16 19:42:54,200 [INFO] CodeEngine:287 - Generated code: C:\Users\bhagy\STM32CubeIDE\workspace_1.18.1\002DebugOptions\Core\Src\main.c
2025-08-16 19:42:54,811 [INFO] ProjectBuilder:3324 - Time for Copy HAL[1] : 261mS.
2025-08-16 19:42:54,821 [INFO] ProjectBuilder:4912 - Project Generator version: 4.6.0.1-B1
2025-08-16 19:42:54,950 [INFO] ConfigFileManager:1590 - The Die is : DIE433
2025-08-16 19:42:54,979 [INFO] ApiDbMcu:508 - Load IP Config File for FATFS
2025-08-16 19:42:55,010 [INFO] ApiDbMcu:508 - Load IP Config File for FREERTOS
2025-08-16 19:42:55,017 [INFO] ApiDbMcu:508 - Load IP Config File for LIBJPEG
2025-08-16 19:42:55,057 [INFO] ApiDbMcu:508 - Load IP Config File for MBEDTLS
2025-08-16 19:42:55,093 [INFO] ApiDbMcu:508 - Load IP Config File for USB_DEVICE
2025-08-16 19:42:55,101 [INFO] ApiDbMcu:508 - Load IP Config File for USB_HOST
2025-08-16 19:42:55,416 [INFO] LogOutputStream:77 - [STDOUT_REDIRECT] 
2025-08-16 19:42:57,262 [INFO] ProjectBuilder:5191 - Time for Generating toolchain IDE Files: 2440mS.
2025-08-16 19:42:57,264 [INFO] ProjectBuilder:3181 - Time for Copy CMSIS : 1mS.
2025-08-16 19:42:57,269 [INFO] ProjectBuilder:3181 - Time for Copy CMSIS : 1mS.
2025-08-16 19:42:58,319 [INFO] McuFinderGlobals:76 - Set McuFinderConnectedMode to true
2025-08-16 19:42:58,325 [INFO] ApiDb:448 - Save user favorites file C:\Users\bhagy/.stm32cubeide/favorites.mcus.txt: 0 item(s)
2025-08-16 19:42:58,325 [INFO] ApiDb:452 - User favorites MCUs=[]
2025-08-16 19:42:58,328 [INFO] ApiDb:448 - Save user favorites file C:\Users\bhagy/.stm32cubeide/favorites.boards.txt: 2 item(s)
2025-08-16 19:42:58,328 [INFO] ApiDb:452 - User favorites Boards=[NUCLEO-F401RE, STM32N6570-DK]
2025-08-16 19:43:04,695 [ERROR] LogOutputStream:75 - [STDERR_REDIRECT] Exception in thread "AWT-EventQueue-0" java.awt.IllegalComponentStateException: Native resources unavailable
2025-08-16 19:43:04,696 [ERROR] LogOutputStream:75 - [STDERR_REDIRECT] 	at java.desktop/sun.awt.windows.WWindowPeer.getScreenImOn(Native Method)
2025-08-16 19:43:04,697 [ERROR] LogOutputStream:75 - [STDERR_REDIRECT] 	at java.desktop/sun.awt.windows.WWindowPeer.updateGC(WWindowPeer.java:566)
2025-08-16 19:43:04,698 [ERROR] LogOutputStream:75 - [STDERR_REDIRECT] 	at java.desktop/java.awt.event.InvocationEvent.dispatch(InvocationEvent.java:318)
2025-08-16 19:43:04,699 [ERROR] LogOutputStream:75 - [STDERR_REDIRECT] 	at java.desktop/java.awt.EventQueue.dispatchEventImpl(EventQueue.java:773)
2025-08-16 19:43:04,699 [ERROR] LogOutputStream:75 - [STDERR_REDIRECT] 	at java.desktop/java.awt.EventQueue$4.run(EventQueue.java:720)
2025-08-16 19:43:04,700 [ERROR] LogOutputStream:75 - [STDERR_REDIRECT] 	at java.desktop/java.awt.EventQueue$4.run(EventQueue.java:714)
2025-08-16 19:43:04,701 [ERROR] LogOutputStream:75 - [STDERR_REDIRECT] 	at java.base/java.security.AccessController.doPrivileged(AccessController.java:400)
2025-08-16 19:43:04,702 [ERROR] LogOutputStream:75 - [STDERR_REDIRECT] 	at java.base/java.security.ProtectionDomain$JavaSecurityAccessImpl.doIntersectionPrivilege(ProtectionDomain.java:87)
2025-08-16 19:43:04,703 [ERROR] LogOutputStream:75 - [STDERR_REDIRECT] 	at java.base/java.security.ProtectionDomain$JavaSecurityAccessImpl.doIntersectionPrivilege(ProtectionDomain.java:98)
2025-08-16 19:43:04,703 [ERROR] LogOutputStream:75 - [STDERR_REDIRECT] 	at java.desktop/java.awt.EventQueue$5.run(EventQueue.java:747)
2025-08-16 19:43:04,705 [ERROR] LogOutputStream:75 - [STDERR_REDIRECT] 	at java.desktop/java.awt.EventQueue$5.run(EventQueue.java:745)
2025-08-16 19:43:04,706 [ERROR] LogOutputStream:75 - [STDERR_REDIRECT] 	at java.base/java.security.AccessController.doPrivileged(AccessController.java:400)
2025-08-16 19:43:04,707 [ERROR] LogOutputStream:75 - [STDERR_REDIRECT] 	at java.base/java.security.ProtectionDomain$JavaSecurityAccessImpl.doIntersectionPrivilege(ProtectionDomain.java:87)
2025-08-16 19:43:04,707 [ERROR] LogOutputStream:75 - [STDERR_REDIRECT] 	at java.desktop/java.awt.EventQueue.dispatchEvent(EventQueue.java:744)
2025-08-16 19:43:04,708 [ERROR] LogOutputStream:75 - [STDERR_REDIRECT] 	at java.desktop/java.awt.EventDispatchThread.pumpOneEventForFilters(EventDispatchThread.java:203)
2025-08-16 19:43:04,709 [ERROR] LogOutputStream:75 - [STDERR_REDIRECT] 	at java.desktop/java.awt.EventDispatchThread.pumpEventsForFilter(EventDispatchThread.java:124)
2025-08-16 19:43:04,710 [ERROR] LogOutputStream:75 - [STDERR_REDIRECT] 	at java.desktop/java.awt.EventDispatchThread.pumpEventsForHierarchy(EventDispatchThread.java:113)
2025-08-16 19:43:04,711 [ERROR] LogOutputStream:75 - [STDERR_REDIRECT] 	at java.desktop/java.awt.EventDispatchThread.pumpEvents(EventDispatchThread.java:109)
2025-08-16 19:43:04,712 [ERROR] LogOutputStream:75 - [STDERR_REDIRECT] 	at java.desktop/java.awt.EventDispatchThread.pumpEvents(EventDispatchThread.java:101)
2025-08-16 19:43:04,713 [ERROR] LogOutputStream:75 - [STDERR_REDIRECT] 	at java.desktop/java.awt.EventDispatchThread.run(EventDispatchThread.java:90)
2025-08-16 19:43:08,938 [INFO] MainUpdater:2872 - connection check result : 10
2025-08-16 19:43:09,003 [INFO] McuFinderGlobals:76 - Set McuFinderConnectedMode to true
2025-08-16 19:43:09,004 [INFO] MultiScanPanel:200 - Auto-refresh data requested => check proxy status ongoing
2025-08-16 19:43:09,004 [INFO] FinderPluginLoader:95 - Searching for filters in installed packs
2025-08-16 19:43:09,752 [INFO] LoadUrlFilesThread:185 - End of LoadServerUrlFiles without Thread
2025-08-16 19:43:09,752 [INFO] DetailPanel:341 - Set advertising image to C:/Users/bhagy/STM32Cube/Repository/\en.2400x1350px.jpeg
2025-08-16 19:43:12,824 [INFO] MultiScanPanel:200 - Auto-refresh data requested => check proxy status ongoing
2025-08-16 19:43:12,876 [INFO] LoadUrlFilesThread:185 - End of LoadServerUrlFiles without Thread
2025-08-16 19:43:12,876 [INFO] DetailPanel:341 - Set advertising image to C:/Users/bhagy/STM32Cube/Repository/\en.2400x1350px.jpeg
2025-08-16 19:43:40,619 [INFO] McuFinderGlobals:76 - Set McuFinderConnectedMode to true
2025-08-16 19:43:40,623 [INFO] ApiDb:448 - Save user favorites file C:\Users\bhagy/.stm32cubeide/favorites.mcus.txt: 0 item(s)
2025-08-16 19:43:40,623 [INFO] ApiDb:452 - User favorites MCUs=[]
2025-08-16 19:43:40,625 [INFO] ApiDb:448 - Save user favorites file C:\Users\bhagy/.stm32cubeide/favorites.boards.txt: 2 item(s)
2025-08-16 19:43:40,625 [INFO] ApiDb:452 - User favorites Boards=[NUCLEO-F401RE, STM32N6570-DK]
2025-08-16 19:44:04,448 [INFO] MainUpdater:2872 - connection check result : 10
2025-08-16 19:44:04,537 [INFO] McuFinderGlobals:76 - Set McuFinderConnectedMode to true
2025-08-16 19:44:04,539 [INFO] MultiScanPanel:200 - Auto-refresh data requested => check proxy status ongoing
2025-08-16 19:44:04,539 [INFO] FinderPluginLoader:95 - Searching for filters in installed packs
2025-08-16 19:44:05,418 [INFO] LoadUrlFilesThread:185 - End of LoadServerUrlFiles without Thread
2025-08-16 19:44:05,418 [INFO] DetailPanel:341 - Set advertising image to C:/Users/bhagy/STM32Cube/Repository/\en.2400x1350px.jpeg
2025-08-16 19:44:09,299 [INFO] MultiScanPanel:200 - Auto-refresh data requested => check proxy status ongoing
2025-08-16 19:44:09,330 [INFO] LoadUrlFilesThread:185 - End of LoadServerUrlFiles without Thread
2025-08-16 19:44:09,330 [INFO] DetailPanel:341 - Set advertising image to C:/Users/bhagy/STM32Cube/Repository/\en.2400x1350px.jpeg
2025-08-16 19:44:37,562 [INFO] McuFinderGlobals:76 - Set McuFinderConnectedMode to true
2025-08-16 19:44:37,566 [INFO] ApiDb:448 - Save user favorites file C:\Users\bhagy/.stm32cubeide/favorites.mcus.txt: 0 item(s)
2025-08-16 19:44:37,566 [INFO] ApiDb:452 - User favorites MCUs=[]
2025-08-16 19:44:37,568 [INFO] ApiDb:448 - Save user favorites file C:\Users\bhagy/.stm32cubeide/favorites.boards.txt: 2 item(s)
2025-08-16 19:44:37,568 [INFO] ApiDb:452 - User favorites Boards=[NUCLEO-F401RE, STM32N6570-DK]
2025-08-16 21:14:44,934 [INFO] WebApp:194 - Connection lost
2025-08-16 21:14:45,097 [INFO] WebApp:191 - Connection restablished
2025-08-16 21:15:22,416 [INFO] WebApp:194 - Connection lost
2025-08-16 21:15:22,547 [INFO] WebApp:191 - Connection restablished
2025-08-16 21:15:33,919 [INFO] WebApp:194 - Connection lost
2025-08-16 21:15:34,642 [INFO] WebApp:191 - Connection restablished
2025-08-16 21:15:39,422 [INFO] WebApp:194 - Connection lost
2025-08-16 21:15:39,531 [INFO] WebApp:191 - Connection restablished
2025-08-16 21:57:32,947 [INFO] WebApp:194 - Connection lost
2025-08-16 21:57:34,100 [INFO] WebApp:191 - Connection restablished
2025-08-16 21:57:37,934 [INFO] WebApp:194 - Connection lost
2025-08-16 21:57:38,057 [INFO] WebApp:191 - Connection restablished
2025-08-16 21:58:00,927 [INFO] WebApp:194 - Connection lost
2025-08-16 21:58:01,038 [INFO] WebApp:191 - Connection restablished
2025-08-16 21:58:08,436 [INFO] WebApp:194 - Connection lost
2025-08-16 21:58:08,541 [INFO] WebApp:191 - Connection restablished
2025-08-16 21:58:25,935 [INFO] WebApp:194 - Connection lost
2025-08-16 21:58:26,038 [INFO] WebApp:191 - Connection restablished
