2025-06-22 03:11:53,164 [INFO] WebApp:194 - Connection lost
2025-06-22 03:11:53,510 [INFO] WebApp:191 - Connection restablished
2025-06-22 09:12:28,772 [INFO] WebApp:194 - Connection lost
2025-06-22 09:12:29,031 [INFO] WebApp:191 - Connection restablished
2025-06-22 21:30:12,484 [WARN] IP:2250 - I2C_Coeff_DF not found: check if there is a RefParameter without a condition.
2025-06-22 21:30:12,485 [WARN] IP:2250 - Analog_Filter not found: check if there is a RefParameter without a condition.
2025-06-22 21:30:30,213 [WARN] IP:2250 - I2C_Coeff_DF not found: check if there is a RefParameter without a condition.
2025-06-22 21:30:30,213 [WARN] IP:2250 - Analog_Filter not found: check if there is a RefParameter without a condition.
2025-06-22 21:30:30,213 [WARN] IP:2250 - I2C_Coeff_DF not found: check if there is a RefParameter without a condition.
2025-06-22 21:30:30,213 [WARN] IP:2250 - Analog_Filter not found: check if there is a RefParameter without a condition.
2025-06-22 21:30:30,268 [WARN] IP:2250 - I2C_Coeff_DF not found: check if there is a RefParameter without a condition.
2025-06-22 21:30:30,268 [WARN] IP:2250 - Analog_Filter not found: check if there is a RefParameter without a condition.
2025-06-22 21:30:42,345 [INFO] UtilMem:75 - End SaveConfig() Used Memory: 343080352 Bytes (943718400)
2025-06-22 21:30:43,685 [INFO] UtilMem:75 - End SaveConfig() Used Memory: 362476960 Bytes (943718400)
2025-06-22 21:30:45,268 [INFO] UtilMem:75 - End SaveConfig() Used Memory: 418577824 Bytes (943718400)
2025-06-22 21:30:45,440 [INFO] BlockDiagram:2775 - set Specific Code input for plugin: NVIC
2025-06-22 21:30:45,441 [INFO] BlockDiagram:2775 - set Specific Code input for plugin: USART
2025-06-22 21:30:45,441 [INFO] BlockDiagram:2775 - set Specific Code input for plugin: TIM1_8
2025-06-22 21:30:45,441 [INFO] BlockDiagram:2775 - set Specific Code input for plugin: TIM1_8
2025-06-22 21:30:45,441 [INFO] BlockDiagram:2775 - set Specific Code input for plugin: SYS
2025-06-22 21:30:45,441 [INFO] BlockDiagram:2775 - set Specific Code input for plugin: GPIO
2025-06-22 21:30:45,441 [INFO] BlockDiagram:2775 - set Specific Code input for plugin: RCC
2025-06-22 21:30:45,441 [INFO] BlockDiagram:2775 - set Specific Code input for plugin: I2C
2025-06-22 21:30:45,443 [INFO] CodeGenerator:882 - code generatio: config db path: C:\ST\STM32CubeIDE_1.18.1\STM32CubeIDE\plugins\com.st.stm32cube.common.mx_6.14.1.202504091515\\db\
2025-06-22 21:30:45,444 [WARN] IP:2250 - I2C_Coeff_DF not found: check if there is a RefParameter without a condition.
2025-06-22 21:30:45,444 [WARN] IP:2250 - Analog_Filter not found: check if there is a RefParameter without a condition.
2025-06-22 21:30:45,523 [INFO] CodeEngine:263 - oldGeneratedFile, C:\Users\bhagy\STM32CubeIDE\workspace_1.12.0\Brushed_DC_Motor_Control_Using_STM32\MXTmpFiles\license.tmp_save
2025-06-22 21:30:45,726 [INFO] CodeEngine:287 - Generated code: C:\Users\bhagy\STM32CubeIDE\workspace_1.12.0\Brushed_DC_Motor_Control_Using_STM32\MXTmpFiles\license.tmp
2025-06-22 21:30:45,766 [INFO] CodeEngine:263 - oldGeneratedFile, C:\Users\bhagy\STM32CubeIDE\workspace_1.12.0\Brushed_DC_Motor_Control_Using_STM32\MXTmpFiles\gpio.tmp_save
2025-06-22 21:30:45,877 [INFO] CodeEngine:287 - Generated code: C:\Users\bhagy\STM32CubeIDE\workspace_1.12.0\Brushed_DC_Motor_Control_Using_STM32\MXTmpFiles\gpio.tmp
2025-06-22 21:30:46,107 [INFO] CodeEngine:263 - oldGeneratedFile, C:\Users\bhagy\STM32CubeIDE\workspace_1.12.0\Brushed_DC_Motor_Control_Using_STM32\Core\Src\stm32f4xx_it.c_save
2025-06-22 21:30:46,308 [INFO] CodeEngine:287 - Generated code: C:\Users\bhagy\STM32CubeIDE\workspace_1.12.0\Brushed_DC_Motor_Control_Using_STM32\Core\Src\stm32f4xx_it.c
2025-06-22 21:30:46,318 [INFO] CodeEngine:263 - oldGeneratedFile, C:\Users\bhagy\STM32CubeIDE\workspace_1.12.0\Brushed_DC_Motor_Control_Using_STM32\Core\Inc\stm32f4xx_it.h_save
2025-06-22 21:30:46,420 [INFO] CodeEngine:287 - Generated code: C:\Users\bhagy\STM32CubeIDE\workspace_1.12.0\Brushed_DC_Motor_Control_Using_STM32\Core\Inc\stm32f4xx_it.h
2025-06-22 21:30:46,440 [INFO] CodeEngine:263 - oldGeneratedFile, C:\Users\bhagy\STM32CubeIDE\workspace_1.12.0\Brushed_DC_Motor_Control_Using_STM32\Core\Src\stm32f4xx_hal_msp.c_save
2025-06-22 21:30:46,551 [INFO] CodeEngine:287 - Generated code: C:\Users\bhagy\STM32CubeIDE\workspace_1.12.0\Brushed_DC_Motor_Control_Using_STM32\Core\Src\stm32f4xx_hal_msp.c
2025-06-22 21:30:46,558 [INFO] CodeEngine:263 - oldGeneratedFile, C:\Users\bhagy\STM32CubeIDE\workspace_1.12.0\Brushed_DC_Motor_Control_Using_STM32\MXTmpFiles\system.tmp_save
2025-06-22 21:30:46,612 [INFO] CodeEngine:287 - Generated code: C:\Users\bhagy\STM32CubeIDE\workspace_1.12.0\Brushed_DC_Motor_Control_Using_STM32\MXTmpFiles\system.tmp
2025-06-22 21:30:46,626 [INFO] CodeEngine:319 - oldGeneratedFile, C:\Users\bhagy\STM32CubeIDE\workspace_1.12.0\Brushed_DC_Motor_Control_Using_STM32\Core\Inc\stm32f4xx_hal_conf.h_save
2025-06-22 21:30:46,701 [INFO] CodeEngine:343 - Generated code: C:\Users\bhagy\STM32CubeIDE\workspace_1.12.0\Brushed_DC_Motor_Control_Using_STM32\Core\Inc\stm32f4xx_hal_conf.h
2025-06-22 21:30:46,726 [WARN] IPConfigManager:3790 - IP not found : TIM
2025-06-22 21:30:46,727 [WARN] CodeGenerator:4198 - IP not found : null
2025-06-22 21:30:46,741 [INFO] CodeEngine:263 - oldGeneratedFile, C:\Users\bhagy\STM32CubeIDE\workspace_1.12.0\Brushed_DC_Motor_Control_Using_STM32\Core\Inc\main.h_save
2025-06-22 21:30:46,819 [INFO] CodeEngine:287 - Generated code: C:\Users\bhagy\STM32CubeIDE\workspace_1.12.0\Brushed_DC_Motor_Control_Using_STM32\Core\Inc\main.h
2025-06-22 21:30:46,828 [INFO] CodeEngine:263 - oldGeneratedFile, C:\Users\bhagy\STM32CubeIDE\workspace_1.12.0\Brushed_DC_Motor_Control_Using_STM32\Core\Src\main.c_save
2025-06-22 21:30:46,943 [INFO] CodeEngine:287 - Generated code: C:\Users\bhagy\STM32CubeIDE\workspace_1.12.0\Brushed_DC_Motor_Control_Using_STM32\Core\Src\main.c
2025-06-22 21:30:47,447 [INFO] ProjectBuilder:3324 - Time for Copy HAL[1] : 307mS.
2025-06-22 21:30:47,450 [INFO] ProjectBuilder:4912 - Project Generator version: 4.6.0.1-B1
2025-06-22 21:30:47,524 [INFO] ConfigFileManager:1590 - The Die is : DIE433
2025-06-22 21:30:48,925 [INFO] ProjectBuilder:5191 - Time for Generating toolchain IDE Files: 1475mS.
2025-06-22 21:30:48,926 [INFO] ProjectBuilder:3181 - Time for Copy CMSIS : 0mS.
2025-06-22 21:30:48,933 [INFO] ProjectBuilder:3181 - Time for Copy CMSIS : 0mS.
