2025-06-02 01:39:07,379 [INFO] WebApp:194 - Connection lost
2025-06-02 13:27:10,720 [INFO] WebApp:191 - Connection restablished
2025-06-02 13:27:12,301 [INFO] WebApp:194 - Connection lost
2025-06-02 13:27:12,614 [INFO] WebApp:191 - Connection restablished
2025-06-02 18:37:41,950 [INFO] WebApp:194 - Connection lost
2025-06-02 18:37:42,129 [INFO] WebApp:191 - Connection restablished
2025-06-02 19:09:23,407 [INFO] WebApp:194 - Connection lost
2025-06-02 19:09:23,608 [INFO] WebApp:191 - Connection restablished
2025-06-02 19:09:50,424 [INFO] WebApp:194 - Connection lost
2025-06-02 19:09:50,579 [INFO] WebApp:191 - Connection restablished
2025-06-02 19:10:20,914 [INFO] WebApp:194 - Connection lost
2025-06-02 19:10:21,112 [INFO] WebApp:191 - Connection restablished
2025-06-02 19:11:10,425 [INFO] WebApp:194 - Connection lost
2025-06-02 19:11:10,589 [INFO] WebApp:191 - Connection restablished
2025-06-02 19:11:35,431 [INFO] WebApp:194 - Connection lost
2025-06-02 19:11:35,560 [INFO] WebApp:191 - Connection restablished
2025-06-02 19:11:45,411 [INFO] WebApp:194 - Connection lost
2025-06-02 19:11:45,529 [INFO] WebApp:191 - Connection restablished
2025-06-02 19:11:50,413 [INFO] WebApp:194 - Connection lost
2025-06-02 19:11:50,563 [INFO] WebApp:191 - Connection restablished
2025-06-02 19:12:01,925 [INFO] WebApp:194 - Connection lost
2025-06-02 19:12:02,067 [INFO] WebApp:191 - Connection restablished
2025-06-02 19:23:47,927 [INFO] WebApp:194 - Connection lost
2025-06-02 19:23:48,125 [INFO] WebApp:191 - Connection restablished
2025-06-02 19:24:06,924 [INFO] WebApp:194 - Connection lost
2025-06-02 19:24:07,111 [INFO] WebApp:191 - Connection restablished
2025-06-02 19:24:13,910 [INFO] WebApp:194 - Connection lost
2025-06-02 19:24:14,054 [INFO] WebApp:191 - Connection restablished
2025-06-02 19:24:22,426 [INFO] WebApp:194 - Connection lost
2025-06-02 19:24:22,555 [INFO] WebApp:191 - Connection restablished
2025-06-02 19:24:33,946 [INFO] WebApp:194 - Connection lost
2025-06-02 19:24:34,078 [INFO] WebApp:191 - Connection restablished
2025-06-02 19:24:37,921 [INFO] WebApp:194 - Connection lost
2025-06-02 19:24:38,057 [INFO] WebApp:191 - Connection restablished
2025-06-02 19:24:45,417 [INFO] WebApp:194 - Connection lost
2025-06-02 19:24:45,567 [INFO] WebApp:191 - Connection restablished
2025-06-02 19:24:54,416 [INFO] WebApp:194 - Connection lost
2025-06-02 19:24:54,550 [INFO] WebApp:191 - Connection restablished
2025-06-02 19:35:43,799 [INFO] MainUpdater:2872 - connection check result : 10
2025-06-02 19:35:43,799 [INFO] MainUpdater:2872 - connection check result : 10
2025-06-02 19:35:43,936 [INFO] MicroXplorer:468 - Change Database Path : 
2025-06-02 19:35:43,937 [INFO] MicroXplorer:498 - Change Database Version : DB.6.0.141
2025-06-02 19:35:43,980 [ERROR] ProjectManagerView:395 - 
java.lang.NullPointerException: Cannot invoke "javax.swing.JTextField.getText()" because the return value of "java.util.List.get(int)" is null
	at com.st.microxplorer.plugins.projectmanager.gui.ProjectChoiceTab$9.caretUpdate(ProjectChoiceTab.java:2678) ~[filemanager.jar:?]
	at javax.swing.text.JTextComponent.fireCaretUpdate(JTextComponent.java:408) ~[?:?]
	at javax.swing.text.JTextComponent$MutableCaretEvent.fire(JTextComponent.java:4484) ~[?:?]
	at javax.swing.text.JTextComponent$MutableCaretEvent.stateChanged(JTextComponent.java:4506) ~[?:?]
	at javax.swing.text.DefaultCaret.fireStateChanged(DefaultCaret.java:857) ~[?:?]
	at javax.swing.text.DefaultCaret.changeCaretPosition(DefaultCaret.java:1343) ~[?:?]
	at javax.swing.text.DefaultCaret.handleSetDot(DefaultCaret.java:1242) ~[?:?]
	at javax.swing.text.DefaultCaret.setDot(DefaultCaret.java:1223) ~[?:?]
	at javax.swing.text.DefaultCaret$Handler.insertUpdate(DefaultCaret.java:1819) ~[?:?]
	at javax.swing.text.AbstractDocument.fireInsertUpdate(AbstractDocument.java:227) ~[?:?]
	at javax.swing.text.AbstractDocument.handleInsertString(AbstractDocument.java:781) ~[?:?]
	at javax.swing.text.AbstractDocument.insertString(AbstractDocument.java:740) ~[?:?]
	at javax.swing.text.PlainDocument.insertString(PlainDocument.java:131) ~[?:?]
	at javax.swing.text.AbstractDocument.replace(AbstractDocument.java:699) ~[?:?]
	at javax.swing.text.JTextComponent.setText(JTextComponent.java:1725) ~[?:?]
	at com.st.microxplorer.plugins.projectmanager.gui.ProjectChoiceTab.createHeapStackFields(ProjectChoiceTab.java:979) ~[filemanager.jar:?]
	at com.st.microxplorer.plugins.projectmanager.gui.ProjectChoiceTab.buildLinkSettingsPanel(ProjectChoiceTab.java:3766) ~[filemanager.jar:?]
	at com.st.microxplorer.plugins.projectmanager.gui.ProjectChoiceTab.defineWindowsFields(ProjectChoiceTab.java:1962) ~[filemanager.jar:?]
	at com.st.microxplorer.plugins.projectmanager.gui.ProjectChoiceTab.updateSettings(ProjectChoiceTab.java:555) ~[filemanager.jar:?]
	at com.st.microxplorer.plugins.projectmanager.gui.ProjectSettingsPanel.UpdateDialog(ProjectSettingsPanel.java:245) ~[filemanager.jar:?]
	at com.st.microxplorer.plugins.projectmanager.ProjectManagerView.propertyChange(ProjectManagerView.java:392) ~[filemanager.jar:?]
	at java.beans.PropertyChangeSupport.fire(PropertyChangeSupport.java:343) ~[?:?]
	at java.beans.PropertyChangeSupport.firePropertyChange(PropertyChangeSupport.java:335) ~[?:?]
	at java.beans.PropertyChangeSupport.firePropertyChange(PropertyChangeSupport.java:268) ~[?:?]
	at com.st.microxplorer.util.MXPropertyChangeSupport.firePropertyChange(MXPropertyChangeSupport.java:54) ~[STM32CubeMX.jar:?]
	at com.st.microxplorer.mxsystem.MxSystem.closeConfig(MxSystem.java:899) ~[STM32CubeMX.jar:?]
	at com.st.microxplorer.maingui.MainPanel.closeConfig(MainPanel.java:789) ~[STM32CubeMX.jar:?]
	at com.st.microxplorer.plugins.filemanager.engine.OpenFileManager.loadConfigurationFile(OpenFileManager.java:287) ~[filemanager.jar:?]
	at com.st.microxplorer.plugins.filemanager.engine.MainFileManager.userLoadConfig(MainFileManager.java:341) ~[filemanager.jar:?]
	at com.st.microxplorer.plugins.filemanager.engine.MainFileManager.userLoadConfig(MainFileManager.java:319) ~[filemanager.jar:?]
	at com.st.microxplorer.plugins.filemanager.FileManagerView.getSpecificTask(FileManagerView.java:246) ~[filemanager.jar:?]
	at com.st.stm32cube.common.mx.editor.CubeMxEditor.getMxTabbedPaneInstance(CubeMxEditor.java:1198) ~[com.st.stm32cube.common.mx_6.14.1.202504091515/:?]
	at com.st.stm32cube.common.mx.editor.CubeMxEditor$12$1.createSwingComponent(CubeMxEditor.java:1068) ~[com.st.stm32cube.common.mx_6.14.1.202504091515/:?]
	at com.st.stm32cube.common.mx.oss.core.awtswtbridge.EmbeddedSwingComposite.doComponentCreation(EmbeddedSwingComposite.java:492) ~[com.st.stm32cube.common.mx.oss_6.14.1.202504091515/:?]
	at com.st.stm32cube.common.mx.oss.core.awtswtbridge.EmbeddedSwingComposite$4.run(EmbeddedSwingComposite.java:291) ~[com.st.stm32cube.common.mx.oss_6.14.1.202504091515/:?]
	at com.st.stm32cube.common.mx.oss.core.awtswtbridge.AwtEnvironment$2.run(AwtEnvironment.java:166) ~[com.st.stm32cube.common.mx.oss_6.14.1.202504091515/:?]
	at java.awt.event.InvocationEvent.dispatch(InvocationEvent.java:318) ~[?:?]
	at java.awt.EventQueue.dispatchEventImpl(EventQueue.java:773) ~[?:?]
	at java.awt.EventQueue$4.run(EventQueue.java:720) ~[?:?]
	at java.awt.EventQueue$4.run(EventQueue.java:714) ~[?:?]
	at java.security.AccessController.doPrivileged(AccessController.java:400) ~[?:?]
	at java.security.ProtectionDomain$JavaSecurityAccessImpl.doIntersectionPrivilege(ProtectionDomain.java:87) ~[?:?]
	at java.awt.EventQueue.dispatchEvent(EventQueue.java:742) ~[?:?]
	at java.awt.EventDispatchThread.pumpOneEventForFilters(EventDispatchThread.java:203) ~[?:?]
	at java.awt.EventDispatchThread.pumpEventsForFilter(EventDispatchThread.java:124) ~[?:?]
	at java.awt.EventDispatchThread.pumpEventsForHierarchy(EventDispatchThread.java:113) ~[?:?]
	at java.awt.EventDispatchThread.pumpEvents(EventDispatchThread.java:109) ~[?:?]
	at java.awt.EventDispatchThread.pumpEvents(EventDispatchThread.java:101) ~[?:?]
	at java.awt.EventDispatchThread.run(EventDispatchThread.java:90) ~[?:?]
2025-06-02 19:35:43,982 [WARN] ThirdParty:871 - waiting for thirdparty lock release [close project]
2025-06-02 19:35:43,982 [INFO] ThirdParty:873 - entering critical section [close project]
2025-06-02 19:35:43,982 [INFO] ThirdParty:883 - exiting critical section [close project]
2025-06-02 19:35:43,986 [INFO] PinOutPanel:1589 - setPackage(No Configuration,No Configuration)
2025-06-02 19:35:44,002 [WARN] IpParametersView:155 - Warning: This peripheral hasn't parameters
2025-06-02 19:35:44,017 [WARN] MainPanel:289 - <html><b><center>Warning: This peripheral has no parameters to be configured<br></b></html>
2025-06-02 19:35:44,024 [INFO] UtilMem:75 - Begin LoadConfig() Used Memory: 969005136 Bytes (1073741824)
2025-06-02 19:35:44,026 [INFO] MicroXplorer:468 - Change Database Path : 
2025-06-02 19:35:44,026 [INFO] MicroXplorer:498 - Change Database Version : DB.6.0.141
2025-06-02 19:35:44,026 [INFO] OpenFileManager:354 - Change cursor
2025-06-02 19:35:44,079 [INFO] RulesReader:64 - Compatibility file has been processed (302 Rules)
2025-06-02 19:35:44,103 [INFO] Mcu:2011 - Initializing MCU STM32F401R(D-E)Tx STM32F401RETx STM32F401RET6
2025-06-02 19:35:45,369 [INFO] Context:756 - Trying to add GPIOservice into a context  which must be forbidden
2025-06-02 19:35:45,821 [INFO] ImportTextPane:218 - (OptionalMessage_ERROR) Pin19 (VP_RIF_VS_RIF1) cannot be retrieved for this MCU
2025-06-02 19:35:46,187 [INFO] RtosManager:558 - Registered RTOS mode: class=CMSIS, group=RTOS, mode=CMSIS_V1, owner=FREERTOS
2025-06-02 19:35:46,187 [INFO] RtosManager:558 - Registered RTOS mode: class=CMSIS, group=RTOS2, mode=CMSIS_V2, owner=FREERTOS
2025-06-02 19:35:46,187 [INFO] RtosManager:558 - Registered RTOS mode: class=RTOS, group=Core, mode=CMSIS_V1, owner=FREERTOS
2025-06-02 19:35:46,187 [INFO] RtosManager:558 - Registered RTOS mode: class=RTOS, group=Core, mode=CMSIS_V2, owner=FREERTOS
2025-06-02 19:35:46,187 [WARN] ModelIntegratedComponent:184 - Missing modes for component STMicroelectronics:FreeRTOS:0.0.1:STMicroelectronics:RTOS:FreeRTOS:Core:::10.2.0:
2025-06-02 19:35:46,191 [WARN] ModelIntegratedComponent:63 - No mode defined for component null
2025-06-02 19:35:46,191 [WARN] ModelIntegratedComponent:63 - No mode defined for component null
2025-06-02 19:35:46,191 [WARN] ModelIntegratedComponent:63 - No mode defined for component null
2025-06-02 19:35:46,191 [WARN] ModelIntegratedComponent:63 - No mode defined for component null
2025-06-02 19:35:46,191 [WARN] ModelIntegratedComponent:63 - No mode defined for component null
2025-06-02 19:35:46,191 [WARN] ModelIntegratedComponent:63 - No mode defined for component null
2025-06-02 19:35:46,191 [WARN] ModelIntegratedComponent:63 - No mode defined for component null
2025-06-02 19:35:46,191 [WARN] ModelIntegratedComponent:63 - No mode defined for component null
2025-06-02 19:35:46,191 [WARN] ModelIntegratedComponent:63 - No mode defined for component null
2025-06-02 19:35:46,191 [WARN] ModelIntegratedComponent:63 - No mode defined for component null
2025-06-02 19:35:46,191 [WARN] ModelIntegratedComponent:63 - No mode defined for component null
2025-06-02 19:35:46,191 [WARN] ModelIntegratedComponent:63 - No mode defined for component null
2025-06-02 19:35:46,191 [WARN] ModelIntegratedComponent:63 - No mode defined for component null
2025-06-02 19:35:46,191 [WARN] ModelIntegratedComponent:63 - No mode defined for component null
2025-06-02 19:35:46,191 [WARN] ModelIntegratedComponent:63 - No mode defined for component null
2025-06-02 19:35:46,191 [WARN] ModelIntegratedComponent:63 - No mode defined for component null
2025-06-02 19:35:46,191 [WARN] ModelIntegratedComponent:63 - No mode defined for component null
2025-06-02 19:35:46,192 [WARN] ModelIntegratedComponent:63 - No mode defined for component null
2025-06-02 19:35:46,192 [WARN] ModelIntegratedComponent:63 - No mode defined for component null
2025-06-02 19:35:46,192 [WARN] ModelIntegratedComponent:63 - No mode defined for component null
2025-06-02 19:35:46,192 [WARN] ModelIntegratedComponent:63 - No mode defined for component null
2025-06-02 19:35:46,192 [WARN] ModelIntegratedComponent:63 - No mode defined for component null
2025-06-02 19:35:46,192 [WARN] ModelIntegratedComponent:63 - No mode defined for component null
2025-06-02 19:35:46,192 [WARN] ModelIntegratedComponent:63 - No mode defined for component null
2025-06-02 19:35:46,192 [WARN] ModelIntegratedComponent:63 - No mode defined for component null
2025-06-02 19:35:46,192 [WARN] ModelIntegratedComponent:63 - No mode defined for component null
2025-06-02 19:35:46,192 [WARN] ModelIntegratedComponent:63 - No mode defined for component null
2025-06-02 19:35:46,192 [WARN] ModelIntegratedComponent:63 - No mode defined for component null
2025-06-02 19:35:46,192 [WARN] ModelIntegratedComponent:63 - No mode defined for component null
2025-06-02 19:35:46,192 [WARN] ModelIntegratedComponent:63 - No mode defined for component null
2025-06-02 19:35:46,192 [WARN] ModelIntegratedComponent:63 - No mode defined for component null
2025-06-02 19:35:46,192 [WARN] ModelIntegratedComponent:63 - No mode defined for component null
2025-06-02 19:35:46,192 [WARN] ModelIntegratedComponent:63 - No mode defined for component null
2025-06-02 19:35:46,192 [WARN] ModelIntegratedComponent:63 - No mode defined for component null
2025-06-02 19:35:46,192 [WARN] ModelIntegratedComponent:63 - No mode defined for component null
2025-06-02 19:35:46,192 [WARN] ModelPack:524 - Component already loaded: STMicroelectronics:HAL Drivers:0.0.0:STMicroelectronics:Device:STMicro_Driver:XSPI:HAL::0.0.1:HAL_XSPI
2025-06-02 19:35:46,595 [INFO] ThirdPartyModel:298 - Start build external matchings
2025-06-02 19:35:49,976 [INFO] ThirdPartyModel:316 - End build external matchings
2025-06-02 19:35:50,036 [INFO] ImportTextPane:218 - (OptionalMessage_ERROR) IP (RCC) : Parameter (RTCHSEDivFreq_Value) has invalid value (4000000)
2025-06-02 19:35:50,241 [INFO] UtilMem:75 - End LoadConfig() Used Memory: 975547200 Bytes (1073741824)
2025-06-02 19:35:50,283 [WARN] ThirdParty:833 - waiting for thirdparty lock release [change project]
2025-06-02 19:35:50,283 [INFO] ThirdParty:835 - entering critical section [change project]
2025-06-02 19:35:50,283 [INFO] ThirdParty:1030 - CMSIS Pack Vendor :STMicroelectronics USBPD 4.1
2025-06-02 19:35:50,283 [INFO] ThirdParty:1030 - CMSIS Pack Vendor :STMicroelectronics X-CUBE-GNSS1 6.0.0
2025-06-02 19:35:50,283 [INFO] ThirdParty:1030 - CMSIS Pack Vendor :STMicroelectronics USB_HOST 2.0.0
2025-06-02 19:35:50,283 [INFO] ThirdParty:1030 - CMSIS Pack Vendor :STMicroelectronics FP-SNS-MOTENVWB1 1.4.0
2025-06-02 19:35:50,283 [INFO] ThirdParty:1030 - CMSIS Pack Vendor :STMicroelectronics X-CUBE-AZRTOS-F4 1.1.0
2025-06-02 19:35:50,283 [INFO] ThirdParty:1030 - CMSIS Pack Vendor :STMicroelectronics LIBJPEG 8.0.0
2025-06-02 19:35:50,283 [INFO] ThirdParty:1030 - CMSIS Pack Vendor :STMicroelectronics FP-ATR-ASTRA1 2.0.2
2025-06-02 19:35:50,283 [INFO] ThirdParty:1030 - CMSIS Pack Vendor :STMicroelectronics FP-ATR-ASTRA1 2.0.1
2025-06-02 19:35:50,283 [INFO] ThirdParty:1030 - CMSIS Pack Vendor :Avnet-IotConnect X-CUBE-IoTC-DA16k-PMOD 1.0.0
2025-06-02 19:35:50,283 [INFO] ThirdParty:1030 - CMSIS Pack Vendor :STMicroelectronics X-CUBE-SMBUS 2.1.0
2025-06-02 19:35:50,283 [INFO] ThirdParty:1030 - CMSIS Pack Vendor :STMicroelectronics X-CUBE-WB05N 1.1.0
2025-06-02 19:35:50,283 [INFO] ThirdParty:1030 - CMSIS Pack Vendor :wolfSSL I-CUBE-wolfSSL 5.6.0
2025-06-02 19:35:50,283 [INFO] ThirdParty:1030 - CMSIS Pack Vendor :STMicroelectronics X-CUBE-ISPU 2.1.0
2025-06-02 19:35:50,283 [INFO] ThirdParty:1030 - CMSIS Pack Vendor :STMicroelectronics X-CUBE-FREERTOS 1.2.0
2025-06-02 19:35:50,283 [INFO] ThirdParty:1030 - CMSIS Pack Vendor :STMicroelectronics X-CUBE-ST60 1.0.0
2025-06-02 19:35:50,283 [INFO] ThirdParty:1030 - CMSIS Pack Vendor :STMicroelectronics X-CUBE-TOUCHGFX 4.23.1
2025-06-02 19:35:50,284 [INFO] ThirdParty:1030 - CMSIS Pack Vendor :STMicroelectronics X-CUBE-TOUCHGFX 4.23.2
2025-06-02 19:35:50,284 [INFO] ThirdParty:1030 - CMSIS Pack Vendor :STMicroelectronics X-CUBE-AZRTOS-F7 1.1.0
2025-06-02 19:35:50,284 [INFO] ThirdParty:1030 - CMSIS Pack Vendor :STMicroelectronics X-CUBE-AZRTOS-L5 2.0.0
2025-06-02 19:35:50,284 [INFO] ThirdParty:1030 - CMSIS Pack Vendor :STMicroelectronics USB_DEVICE 2.0.0
2025-06-02 19:35:50,284 [INFO] ThirdParty:1030 - CMSIS Pack Vendor :STMicroelectronics X-CUBE-MEMS1 9.6.0
2025-06-02 19:35:50,284 [INFO] ThirdParty:1030 - CMSIS Pack Vendor :STMicroelectronics X-CUBE-NFC6 3.1.0
2025-06-02 19:35:50,284 [INFO] ThirdParty:1030 - CMSIS Pack Vendor :ITTIA_DB I-CUBE-ITTIADB 8.8.0
2025-06-02 19:35:50,284 [INFO] ThirdParty:1030 - CMSIS Pack Vendor :STMicroelectronics FP-SNS-MOTENV1 4.3.0
2025-06-02 19:35:50,284 [INFO] ThirdParty:1030 - CMSIS Pack Vendor :STMicroelectronics FP-SNS-MOTENV1 4.3.2
2025-06-02 19:35:50,284 [INFO] ThirdParty:1030 - CMSIS Pack Vendor :STMicroelectronics FP-SNS-FLIGHT1 5.0.0
2025-06-02 19:35:50,284 [INFO] ThirdParty:1030 - CMSIS Pack Vendor :STMicroelectronics X-CUBE-MEMS1 11.0.0
2025-06-02 19:35:50,284 [INFO] ThirdParty:1030 - CMSIS Pack Vendor :STMicroelectronics X-CUBE-BLE1 6.2.4
2025-06-02 19:35:50,284 [INFO] ThirdParty:1030 - CMSIS Pack Vendor :STMicroelectronics FreeRTOS 0.0.1
2025-06-02 19:35:50,284 [INFO] ThirdParty:1030 - CMSIS Pack Vendor :emotas I-CUBE-CANOPEN 1.1.3
2025-06-02 19:35:50,284 [INFO] ThirdParty:1030 - CMSIS Pack Vendor :STMicroelectronics X-CUBE-BLEMGR 2.0.0
2025-06-02 19:35:50,284 [INFO] ThirdParty:1030 - CMSIS Pack Vendor :STMicroelectronics X-CUBE-DPower 1.2.0
2025-06-02 19:35:50,284 [INFO] ThirdParty:1030 - CMSIS Pack Vendor :STMicroelectronics FP-SNS-FLIGHT1 5.0.2
2025-06-02 19:35:50,284 [INFO] ThirdParty:1030 - CMSIS Pack Vendor :Infineon AIROC-Wi-Fi-Bluetooth-STM32 1.7.0
2025-06-02 19:35:50,284 [INFO] ThirdParty:1030 - CMSIS Pack Vendor :STMicroelectronics X-CUBE-AI 9.0.0
2025-06-02 19:35:50,284 [INFO] ThirdParty:1030 - CMSIS Pack Vendor :STMicroelectronics X-CUBE-AZRTOS-H7 3.1.0
2025-06-02 19:35:50,284 [INFO] ThirdParty:1030 - CMSIS Pack Vendor :STMicroelectronics PDM2PCM 3.3.0
2025-06-02 19:35:50,284 [INFO] ThirdParty:1030 - CMSIS Pack Vendor :STMicroelectronics X-CUBE-DISPLAY 3.0.0
2025-06-02 19:35:50,284 [INFO] ThirdParty:1030 - CMSIS Pack Vendor :STMicroelectronics X-CUBE-BLE1 7.0.0
2025-06-02 19:35:50,284 [INFO] ThirdParty:1030 - CMSIS Pack Vendor :STMicroelectronics X-CUBE-NFC10 1.0.0
2025-06-02 19:35:50,284 [INFO] ThirdParty:1030 - CMSIS Pack Vendor :STMicroelectronics X-CUBE-BLEMGR 4.0.0
2025-06-02 19:35:50,284 [INFO] ThirdParty:1030 - CMSIS Pack Vendor :STMicroelectronics X-CUBE-FREERTOS 1.3.1
2025-06-02 19:35:50,284 [INFO] ThirdParty:1030 - CMSIS Pack Vendor :STMicroelectronics HAL Drivers 0.0.0
2025-06-02 19:35:50,284 [INFO] ThirdParty:1030 - CMSIS Pack Vendor :emotas I-CUBE-CANOPEN 1.3.0
2025-06-02 19:35:50,284 [INFO] ThirdParty:1030 - CMSIS Pack Vendor :STMicroelectronics X-CUBE-FREERTOS 1.3.0
2025-06-02 19:35:50,284 [INFO] ThirdParty:1030 - CMSIS Pack Vendor :STMicroelectronics X-CUBE-TOUCHGFX 4.22.0
2025-06-02 19:35:50,284 [INFO] ThirdParty:1030 - CMSIS Pack Vendor :STMicroelectronics X-CUBE-NFC7 1.0.1
2025-06-02 19:35:50,284 [INFO] ThirdParty:1030 - CMSIS Pack Vendor :STMicroelectronics MBEDTLS 2.14.1
2025-06-02 19:35:50,284 [INFO] ThirdParty:1030 - CMSIS Pack Vendor :STMicroelectronics X-CUBE-NFC7 1.0.0
2025-06-02 19:35:50,284 [INFO] ThirdParty:1030 - CMSIS Pack Vendor :STMicroelectronics X-CUBE-TOUCHGFX 4.22.1
2025-06-02 19:35:50,284 [INFO] ThirdParty:1030 - CMSIS Pack Vendor :wolfSSL I-CUBE-wolfTPM 3.2.0
2025-06-02 19:35:50,284 [INFO] ThirdParty:1030 - CMSIS Pack Vendor :STMicroelectronics X-CUBE-NFC6 3.0.0
2025-06-02 19:35:50,284 [INFO] ThirdParty:1030 - CMSIS Pack Vendor :STMicroelectronics X-CUBE-EEPRMA1 4.1.0
2025-06-02 19:35:50,284 [INFO] ThirdParty:1030 - CMSIS Pack Vendor :STMicroelectronics X-CUBE-BLEMGR 3.1.0
2025-06-02 19:35:50,285 [INFO] ThirdParty:1030 - CMSIS Pack Vendor :STMicroelectronics X-CUBE-AI 10.0.0
2025-06-02 19:35:50,285 [INFO] ThirdParty:1030 - CMSIS Pack Vendor :STMicroelectronics FP-SNS-SMARTAG2 1.2.0
2025-06-02 19:35:50,285 [INFO] ThirdParty:1030 - CMSIS Pack Vendor :STMicroelectronics FP-SNS-FLIGHT1 5.1.0
2025-06-02 19:35:50,285 [INFO] ThirdParty:1030 - CMSIS Pack Vendor :STMicroelectronics X-CUBE-MEMS1 11.1.0
2025-06-02 19:35:50,285 [INFO] ThirdParty:1030 - CMSIS Pack Vendor :STMicroelectronics X-CUBE-AZRTOS-WL 2.0.0
2025-06-02 19:35:50,285 [INFO] ThirdParty:1030 - CMSIS Pack Vendor :STMicroelectronics X-CUBE-DPower 1.3.0
2025-06-02 19:35:50,285 [INFO] ThirdParty:1030 - CMSIS Pack Vendor :STMicroelectronics FP-SNS-MOTENV1 5.0.0
2025-06-02 19:35:50,285 [INFO] ThirdParty:1030 - CMSIS Pack Vendor :STMicroelectronics USB_DEVICE 1.0.0
2025-06-02 19:35:50,285 [INFO] ThirdParty:1030 - CMSIS Pack Vendor :STMicroelectronics X-CUBE-AI 8.1.0
2025-06-02 19:35:50,285 [INFO] ThirdParty:1030 - CMSIS Pack Vendor :wolfSSL I-CUBE-wolfMQTT 1.19.0
2025-06-02 19:35:50,285 [INFO] ThirdParty:1030 - CMSIS Pack Vendor :STMicroelectronics X-CUBE-AZRTOS-L4 2.0.0
2025-06-02 19:35:50,285 [INFO] ThirdParty:1030 - CMSIS Pack Vendor :STMicroelectronics ThreadX 0.0.2
2025-06-02 19:35:50,285 [INFO] ThirdParty:1030 - CMSIS Pack Vendor :WES I-CUBE-Cesium 1.3.0
2025-06-02 19:35:50,285 [INFO] ThirdParty:1030 - CMSIS Pack Vendor :STMicroelectronics lwIP 2.1.2
2025-06-02 19:35:50,285 [INFO] ThirdParty:1030 - CMSIS Pack Vendor :STMicroelectronics X-CUBE-SFXS2LP1 4.0.0
2025-06-02 19:35:50,285 [INFO] ThirdParty:1030 - CMSIS Pack Vendor :STMicroelectronics X-CUBE-BLE2 3.3.0
2025-06-02 19:35:50,285 [INFO] ThirdParty:1030 - CMSIS Pack Vendor :STMicroelectronics PDM2PCM 3.2.0
2025-06-02 19:35:50,285 [INFO] ThirdParty:1030 - CMSIS Pack Vendor :STMicroelectronics X-CUBE-AZRTOS-H7 3.0.0
2025-06-02 19:35:50,285 [INFO] ThirdParty:1030 - CMSIS Pack Vendor :STMicroelectronics X-CUBE-ISPU 1.1.0
2025-06-02 19:35:50,285 [INFO] ThirdParty:1030 - CMSIS Pack Vendor :STMicroelectronics X-CUBE-AZRTOS-H7 3.3.0
2025-06-02 19:35:50,285 [INFO] ThirdParty:1030 - CMSIS Pack Vendor :RoweBots I-CUBE-UNISONRTOS 5.5.0-4
2025-06-02 19:35:50,285 [INFO] ThirdParty:1030 - CMSIS Pack Vendor :STMicroelectronics X-CUBE-NFC9 1.0.0
2025-06-02 19:35:50,285 [INFO] ThirdParty:1030 - CMSIS Pack Vendor :STMicroelectronics X-CUBE-BLE1 7.1.0
2025-06-02 19:35:50,285 [INFO] ThirdParty:1030 - CMSIS Pack Vendor :STMicroelectronics USB_DEVICE 3.0.0
2025-06-02 19:35:50,285 [INFO] ThirdParty:1030 - CMSIS Pack Vendor :STMicroelectronics X-CUBE-TCPP 4.1.0
2025-06-02 19:35:50,285 [INFO] ThirdParty:1030 - CMSIS Pack Vendor :STMicroelectronics X-CUBE-AI 8.0.0
2025-06-02 19:35:50,285 [INFO] ThirdParty:1030 - CMSIS Pack Vendor :STMicroelectronics X-CUBE-IPS 3.0.0
2025-06-02 19:35:50,285 [INFO] ThirdParty:1030 - CMSIS Pack Vendor :STMicroelectronics X-CUBE-AZRTOS-WB 2.0.0
2025-06-02 19:35:50,285 [INFO] ThirdParty:1030 - CMSIS Pack Vendor :STMicroelectronics X-CUBE-FREERTOS 1.0.0
2025-06-02 19:35:50,285 [INFO] ThirdParty:1030 - CMSIS Pack Vendor :STMicroelectronics X-CUBE-FREERTOS 1.0.1
2025-06-02 19:35:50,285 [INFO] ThirdParty:1030 - CMSIS Pack Vendor :STMicroelectronics X-CUBE-GNSS1 7.0.0
2025-06-02 19:35:50,285 [INFO] ThirdParty:1030 - CMSIS Pack Vendor :STMicroelectronics X-CUBE-GNSS1 7.0.1
2025-06-02 19:35:50,285 [INFO] ThirdParty:1030 - CMSIS Pack Vendor :STMicroelectronics X-CUBE-TOUCHGFX 4.21.3
2025-06-02 19:35:50,285 [INFO] ThirdParty:1030 - CMSIS Pack Vendor :STMicroelectronics X-CUBE-TOUCHGFX 4.21.4
2025-06-02 19:35:50,285 [INFO] ThirdParty:1030 - CMSIS Pack Vendor :STMicroelectronics X-CUBE-TOUCHGFX 4.25.0
2025-06-02 19:35:50,285 [INFO] ThirdParty:1030 - CMSIS Pack Vendor :STMicroelectronics X-CUBE-AI 10.1.0
2025-06-02 19:35:50,285 [INFO] ThirdParty:1030 - CMSIS Pack Vendor :STMicroelectronics FP-SNS-STBOX1 2.0.0
2025-06-02 19:35:50,285 [INFO] ThirdParty:1030 - CMSIS Pack Vendor :STMicroelectronics X-CUBE-ALGOBUILD 1.3.0
2025-06-02 19:35:50,285 [INFO] ThirdParty:1030 - CMSIS Pack Vendor :STMicroelectronics X-CUBE-AZRTOS-L5 1.1.0
2025-06-02 19:35:50,285 [INFO] ThirdParty:1030 - CMSIS Pack Vendor :STMicroelectronics X-CUBE-MEMS1 11.2.0
2025-06-02 19:35:50,285 [INFO] ThirdParty:1030 - CMSIS Pack Vendor :STMicroelectronics X-CUBE-AZRTOS-G0 1.1.0
2025-06-02 19:35:50,286 [INFO] ThirdParty:1030 - CMSIS Pack Vendor :STMicroelectronics X-CUBE-AI 8.0.1
2025-06-02 19:35:50,286 [INFO] ThirdParty:1030 - CMSIS Pack Vendor :STMicroelectronics X-CUBE-SAFEA1 1.2.2
2025-06-02 19:35:50,286 [INFO] ThirdParty:1030 - CMSIS Pack Vendor :STMicroelectronics X-CUBE-NFC4 3.0.0
2025-06-02 19:35:50,286 [INFO] ThirdParty:1030 - CMSIS Pack Vendor :STMicroelectronics X-CUBE-SUBG2 5.0.0
2025-06-02 19:35:50,286 [INFO] ThirdParty:1030 - CMSIS Pack Vendor :STMicroelectronics X-CUBE-AZRTOS-H7RS 1.1.0
2025-06-02 19:35:50,286 [INFO] ThirdParty:1030 - CMSIS Pack Vendor :STMicroelectronics STM32_WPAN 1.0.0
2025-06-02 19:35:50,286 [INFO] ThirdParty:1030 - CMSIS Pack Vendor :EmbeddedOffice I-CUBE-FS-RTOS 1.0.1
2025-06-02 19:35:50,286 [INFO] ThirdParty:1030 - CMSIS Pack Vendor :STMicroelectronics lwIP 2.0.3
2025-06-02 19:35:50,286 [INFO] ThirdParty:1030 - CMSIS Pack Vendor :Cesanta I-CUBE-Mongoose 7.13.0
2025-06-02 19:35:50,286 [INFO] ThirdParty:1030 - CMSIS Pack Vendor :STMicroelectronics USB_HOST 1.0.0
2025-06-02 19:35:50,286 [INFO] ThirdParty:1030 - CMSIS Pack Vendor :STMicroelectronics X-CUBE-TOF1 3.3.1
2025-06-02 19:35:50,286 [INFO] ThirdParty:1030 - CMSIS Pack Vendor :STMicroelectronics X-CUBE-AZRTOS-G4 2.0.0
2025-06-02 19:35:50,286 [INFO] ThirdParty:1030 - CMSIS Pack Vendor :STMicroelectronics X-CUBE-WB05N 2.0.0
2025-06-02 19:35:50,286 [INFO] ThirdParty:1030 - CMSIS Pack Vendor :STMicroelectronics PDM2PCM 3.1.0
2025-06-02 19:35:50,286 [INFO] ThirdParty:1030 - CMSIS Pack Vendor :STMicroelectronics X-CUBE-TOF1 3.3.0
2025-06-02 19:35:50,286 [INFO] ThirdParty:1030 - CMSIS Pack Vendor :STMicroelectronics FP-ATR-ASTRA1 1.1.1
2025-06-02 19:35:50,286 [INFO] ThirdParty:1030 - CMSIS Pack Vendor :Infineon AIROC-Wi-Fi-Bluetooth-STM32 1.5.1
2025-06-02 19:35:50,286 [INFO] ThirdParty:1030 - CMSIS Pack Vendor :STMicroelectronics X-CUBE-NFC7 2.0.0
2025-06-02 19:35:50,286 [INFO] ThirdParty:1030 - CMSIS Pack Vendor :STMicroelectronics X-CUBE-TCPP 4.2.0
2025-06-02 19:35:50,286 [INFO] ThirdParty:1030 - CMSIS Pack Vendor :RealThread X-CUBE-RT-Thread_Nano 4.1.1
2025-06-02 19:35:50,286 [INFO] ThirdParty:1030 - CMSIS Pack Vendor :STMicroelectronics FP-SNS-MOTENVWB1 1.3.1
2025-06-02 19:35:50,286 [INFO] ThirdParty:1030 - CMSIS Pack Vendor :STMicroelectronics FP-ATR-SIGFOX1 3.2.0
2025-06-02 19:35:50,286 [INFO] ThirdParty:1030 - CMSIS Pack Vendor :STMicroelectronics X-CUBE-AZRTOS-G4 1.0.0
2025-06-02 19:35:50,286 [INFO] ThirdParty:1030 - CMSIS Pack Vendor :STMicroelectronics X-CUBE-AZRTOS-L4 1.0.0
2025-06-02 19:35:50,286 [INFO] ThirdParty:1030 - CMSIS Pack Vendor :quantropi X-CUBE-qispace-sdk-base 1.9.3
2025-06-02 19:35:50,286 [INFO] ThirdParty:1030 - CMSIS Pack Vendor :STMicroelectronics X-CUBE-ISPU 2.0.0
2025-06-02 19:35:50,286 [INFO] ThirdParty:1030 - CMSIS Pack Vendor :STMicroelectronics X-CUBE-EEPRMA1 5.1.0
2025-06-02 19:35:50,286 [INFO] ThirdParty:1030 - CMSIS Pack Vendor :STMicroelectronics MBEDTLS 2.16.2
2025-06-02 19:35:50,286 [INFO] ThirdParty:1030 - CMSIS Pack Vendor :STMicroelectronics X-CUBE-IPS 3.1.0
2025-06-02 19:35:50,286 [INFO] ThirdParty:1030 - CMSIS Pack Vendor :STMicroelectronics X-CUBE-ALS 1.0.2
2025-06-02 19:35:50,286 [INFO] ThirdParty:1030 - CMSIS Pack Vendor :STMicroelectronics X-CUBE-MEMS1 10.0.0
2025-06-02 19:35:50,286 [INFO] ThirdParty:1030 - CMSIS Pack Vendor :STMicroelectronics X-CUBE-FREERTOS 1.1.0
2025-06-02 19:35:50,286 [INFO] ThirdParty:1030 - CMSIS Pack Vendor :wolfSSL I-CUBE-wolfSSL 5.7.6
2025-06-02 19:35:50,286 [INFO] ThirdParty:1030 - CMSIS Pack Vendor :STMicroelectronics X-CUBE-TOUCHGFX 4.24.0
2025-06-02 19:35:50,286 [INFO] ThirdParty:1030 - CMSIS Pack Vendor :ITTIA_DB I-CUBE-ITTIADB 8.9.0
2025-06-02 19:35:50,286 [INFO] ThirdParty:1030 - CMSIS Pack Vendor :STMicroelectronics X-CUBE-TOUCHGFX 4.24.2
2025-06-02 19:35:50,286 [INFO] ThirdParty:1030 - CMSIS Pack Vendor :STMicroelectronics X-CUBE-AZRTOS-WL 1.0.0
2025-06-02 19:35:50,286 [INFO] ThirdParty:1030 - CMSIS Pack Vendor :STMicroelectronics X-CUBE-TOUCHGFX 4.24.1
2025-06-02 19:35:50,286 [INFO] ThirdParty:1030 - CMSIS Pack Vendor :wolfSSL I-CUBE-wolfTPM 3.4.0
2025-06-02 19:35:50,286 [INFO] ThirdParty:1030 - CMSIS Pack Vendor :portGmbH I-Cube-SoM-uGOAL 1.1.0
2025-06-02 19:35:50,286 [INFO] ThirdParty:1030 - CMSIS Pack Vendor :STMicroelectronics X-CUBE-ALS 1.0.1
2025-06-02 19:35:50,286 [INFO] ThirdParty:1030 - CMSIS Pack Vendor :STMicroelectronics X-CUBE-MEMS1 9.5.0
2025-06-02 19:35:50,287 [INFO] ThirdParty:1030 - CMSIS Pack Vendor :STMicroelectronics ThreadX 1.0.0
2025-06-02 19:35:50,287 [INFO] ThirdParty:1030 - CMSIS Pack Vendor :STMicroelectronics X-CUBE-AZRTOS-WB 1.1.0
2025-06-02 19:35:50,287 [INFO] ThirdParty:1030 - CMSIS Pack Vendor :SEGGER I-CUBE-embOS 1.3.1
2025-06-02 19:35:50,287 [INFO] ThirdParty:1030 - CMSIS Pack Vendor :STMicroelectronics X-CUBE-ALGOBUILD 1.4.0
2025-06-02 19:35:50,287 [INFO] ThirdParty:1030 - CMSIS Pack Vendor :STMicroelectronics X-CUBE-AZRTOS-H7RS 1.0.0
2025-06-02 19:35:50,287 [INFO] ThirdParty:1030 - CMSIS Pack Vendor :STMicroelectronics FP-ATR-ASTRA1 2.0.0
2025-06-02 19:35:50,287 [INFO] ThirdParty:1030 - CMSIS Pack Vendor :STMicroelectronics X-CUBE-TOF1 3.4.2
2025-06-02 19:35:50,287 [INFO] ThirdParty:1030 - CMSIS Pack Vendor :STMicroelectronics X-CUBE-TOF1 3.4.3
2025-06-02 19:35:50,287 [INFO] ThirdParty:1030 - CMSIS Pack Vendor :STMicroelectronics X-CUBE-AI 9.1.0
2025-06-02 19:35:50,287 [INFO] ThirdParty:1030 - CMSIS Pack Vendor :STMicroelectronics X-CUBE-TOF1 3.4.1
2025-06-02 19:35:50,287 [INFO] ThirdParty:1030 - CMSIS Pack Vendor :STMicroelectronics X-CUBE-AZRTOS-H7 3.2.0
2025-06-02 19:35:50,287 [INFO] ThirdParty:1030 - CMSIS Pack Vendor :wolfSSL I-CUBE-wolfSSH 1.4.17
2025-06-02 19:35:50,287 [INFO] ThirdParty:841 - exiting critical section [change project]
2025-06-02 19:35:50,555 [INFO] PinOutPanel:1589 - setPackage(No Configuration,No Configuration)
2025-06-02 19:35:50,558 [INFO] PinOutPanel:1589 - setPackage(STM32F401RETx,LQFP64)
2025-06-02 19:35:50,942 [INFO] UtilMem:75 - Before build in PCC Used Memory: 805809336 Bytes (1073741824)
2025-06-02 19:35:51,230 [INFO] UtilMem:75 - After build in PCC Used Memory: 852995256 Bytes (1073741824)
2025-06-02 19:35:51,247 [INFO] IPUIPlugin:80 - create IPUIPlugin
2025-06-02 19:35:51,247 [INFO] IPUIPlugin:80 - create IPUIPlugin
2025-06-02 19:35:51,247 [INFO] IPUIPlugin:80 - create IPUIPlugin
2025-06-02 19:35:51,247 [INFO] IPUIPlugin:80 - create IPUIPlugin
2025-06-02 19:35:51,247 [INFO] IPUIPlugin:80 - create IPUIPlugin
2025-06-02 19:35:51,247 [INFO] IPUIPlugin:80 - create IPUIPlugin
2025-06-02 19:35:51,248 [INFO] IPUIPlugin:80 - create IPUIPlugin
2025-06-02 19:35:51,248 [INFO] IPUIPlugin:80 - create IPUIPlugin
2025-06-02 19:35:51,248 [INFO] IPUIPlugin:80 - create IPUIPlugin
2025-06-02 19:35:51,248 [INFO] IPUIPlugin:80 - create IPUIPlugin
2025-06-02 19:35:51,248 [INFO] IPUIPlugin:80 - create IPUIPlugin
2025-06-02 19:35:51,248 [INFO] IPUIPlugin:80 - create IPUIPlugin
2025-06-02 19:35:51,248 [INFO] IPUIPlugin:80 - create IPUIPlugin
2025-06-02 19:35:51,248 [INFO] IPUIPlugin:80 - create IPUIPlugin
2025-06-02 19:35:51,248 [INFO] IPUIPlugin:80 - create IPUIPlugin
2025-06-02 19:35:51,248 [INFO] IPUIPlugin:80 - create IPUIPlugin
2025-06-02 19:35:51,248 [INFO] IPUIPlugin:80 - create IPUIPlugin
2025-06-02 19:35:51,248 [INFO] IPUIPlugin:80 - create IPUIPlugin
2025-06-02 19:35:51,248 [INFO] IPUIPlugin:80 - create IPUIPlugin
2025-06-02 19:35:51,249 [INFO] IPUIPlugin:80 - create IPUIPlugin
2025-06-02 19:35:51,249 [INFO] IPUIPlugin:80 - create IPUIPlugin
2025-06-02 19:35:51,249 [INFO] IPUIPlugin:80 - create IPUIPlugin
2025-06-02 19:35:51,249 [INFO] IPUIPlugin:80 - create IPUIPlugin
2025-06-02 19:35:51,249 [INFO] IPUIPlugin:80 - create IPUIPlugin
2025-06-02 19:35:51,249 [INFO] IPUIPlugin:80 - create IPUIPlugin
2025-06-02 19:35:51,249 [INFO] IPUIPlugin:80 - create IPUIPlugin
2025-06-02 19:35:51,249 [INFO] IPUIPlugin:80 - create IPUIPlugin
2025-06-02 19:35:51,250 [INFO] IPUIPlugin:80 - create IPUIPlugin
2025-06-02 19:35:51,250 [INFO] IPUIPlugin:80 - create IPUIPlugin
2025-06-02 19:35:51,250 [INFO] IPUIPlugin:80 - create IPUIPlugin
2025-06-02 19:35:51,250 [INFO] IPUIPlugin:80 - create IPUIPlugin
2025-06-02 19:35:51,250 [INFO] IPUIPlugin:80 - create IPUIPlugin
2025-06-02 19:35:51,250 [INFO] IPUIPlugin:80 - create IPUIPlugin
2025-06-02 19:35:51,250 [INFO] IPUIPlugin:80 - create IPUIPlugin
2025-06-02 19:35:51,251 [INFO] IPUIPlugin:80 - create IPUIPlugin
2025-06-02 19:35:51,251 [INFO] IPUIPlugin:80 - create IPUIPlugin
2025-06-02 19:35:51,251 [INFO] IPUIPlugin:80 - create IPUIPlugin
2025-06-02 19:35:51,251 [INFO] IPUIPlugin:80 - create IPUIPlugin
2025-06-02 19:35:51,255 [INFO] ApiDbMcu:508 - Load IP Config File for PDM2PCM
2025-06-02 19:35:51,256 [WARN] IP:2250 - I2C_Coeff_DF not found: check if there is a RefParameter without a condition.
2025-06-02 19:35:51,256 [WARN] IP:2250 - Analog_Filter not found: check if there is a RefParameter without a condition.
2025-06-02 19:35:51,312 [INFO] CADModel:165 - CPN selected for project levelSTM32F401RET6
2025-06-02 19:35:51,312 [INFO] CADModel:114 - Register for checkConnection events
2025-06-02 19:35:51,366 [INFO] OpenFileManager:385 - Restore cursor
2025-06-02 19:35:51,687 [WARN] IP:2250 - I2C_Coeff_DF not found: check if there is a RefParameter without a condition.
2025-06-02 19:35:51,688 [WARN] IP:2250 - Analog_Filter not found: check if there is a RefParameter without a condition.
2025-06-02 19:35:51,688 [WARN] IP:2250 - I2C_Coeff_DF not found: check if there is a RefParameter without a condition.
2025-06-02 19:35:51,688 [WARN] IP:2250 - Analog_Filter not found: check if there is a RefParameter without a condition.
