2025-08-17 03:14:41,228 [INFO] WebApp:194 - Connection lost
2025-08-17 09:50:41,436 [INFO] WebApp:191 - Connection restablished
2025-08-17 09:57:00,491 [INFO] WebApp:194 - Connection lost
2025-08-17 09:57:00,631 [INFO] WebApp:191 - Connection restablished
2025-08-17 09:57:06,931 [INFO] WebApp:194 - Connection lost
2025-08-17 09:57:07,041 [INFO] WebApp:191 - Connection restablished
2025-08-17 09:57:10,459 [INFO] WebApp:194 - Connection lost
2025-08-17 09:57:10,561 [INFO] WebApp:191 - Connection restablished
2025-08-17 10:00:03,095 [INFO] WebApp:194 - Connection lost
2025-08-17 10:00:03,291 [INFO] WebApp:191 - Connection restablished
2025-08-17 10:00:10,583 [INFO] WebApp:194 - Connection lost
2025-08-17 10:00:10,744 [INFO] WebApp:191 - Connection restablished
2025-08-17 11:59:54,937 [INFO] WebApp:194 - Connection lost
2025-08-17 12:00:00,237 [INFO] WebApp:191 - Connection restablished
2025-08-17 12:00:01,925 [INFO] WebApp:194 - Connection lost
2025-08-17 12:00:02,041 [INFO] WebApp:191 - Connection restablished
2025-08-17 12:00:12,926 [INFO] WebApp:194 - Connection lost
2025-08-17 12:00:13,063 [INFO] WebApp:191 - Connection restablished
2025-08-17 12:00:27,428 [INFO] WebApp:194 - Connection lost
2025-08-17 12:00:36,336 [INFO] WebApp:191 - Connection restablished
2025-08-17 12:00:40,938 [INFO] WebApp:194 - Connection lost
2025-08-17 12:00:41,983 [INFO] WebApp:191 - Connection restablished
2025-08-17 12:00:46,449 [INFO] WebApp:194 - Connection lost
2025-08-17 12:00:46,578 [INFO] WebApp:191 - Connection restablished
2025-08-17 12:16:05,443 [INFO] WebApp:194 - Connection lost
2025-08-17 12:16:08,704 [INFO] WebApp:191 - Connection restablished
2025-08-17 12:16:12,438 [INFO] WebApp:194 - Connection lost
2025-08-17 12:16:14,953 [INFO] WebApp:191 - Connection restablished
2025-08-17 12:16:19,430 [INFO] WebApp:194 - Connection lost
2025-08-17 12:16:22,969 [INFO] WebApp:191 - Connection restablished
2025-08-17 12:16:26,932 [INFO] WebApp:194 - Connection lost
2025-08-17 12:16:30,695 [INFO] WebApp:191 - Connection restablished
2025-08-17 12:16:35,433 [INFO] WebApp:194 - Connection lost
2025-08-17 12:16:35,610 [INFO] WebApp:191 - Connection restablished
2025-08-17 12:16:52,411 [INFO] WebApp:194 - Connection lost
2025-08-17 12:16:57,102 [INFO] WebApp:191 - Connection restablished
2025-08-17 12:17:00,432 [INFO] WebApp:194 - Connection lost
2025-08-17 13:45:20,832 [INFO] WebApp:191 - Connection restablished
2025-08-17 14:50:34,433 [INFO] WebApp:194 - Connection lost
2025-08-17 14:50:34,664 [INFO] WebApp:191 - Connection restablished
2025-08-17 14:50:46,445 [INFO] WebApp:194 - Connection lost
2025-08-17 14:50:51,547 [INFO] WebApp:191 - Connection restablished
2025-08-17 14:50:55,924 [INFO] WebApp:194 - Connection lost
2025-08-17 14:50:58,066 [INFO] WebApp:191 - Connection restablished
2025-08-17 14:51:02,439 [INFO] WebApp:194 - Connection lost
2025-08-17 14:51:02,603 [INFO] WebApp:191 - Connection restablished
2025-08-17 14:51:24,432 [INFO] WebApp:194 - Connection lost
2025-08-17 14:51:25,469 [INFO] WebApp:191 - Connection restablished
2025-08-17 14:51:29,922 [INFO] WebApp:194 - Connection lost
2025-08-17 14:51:32,125 [INFO] WebApp:191 - Connection restablished
2025-08-17 14:51:35,944 [INFO] WebApp:194 - Connection lost
2025-08-17 14:51:36,107 [INFO] WebApp:191 - Connection restablished
2025-08-17 15:16:29,435 [INFO] WebApp:194 - Connection lost
2025-08-17 15:16:29,594 [INFO] WebApp:191 - Connection restablished
2025-08-17 15:16:44,426 [INFO] WebApp:194 - Connection lost
2025-08-17 15:16:44,589 [INFO] WebApp:191 - Connection restablished
2025-08-17 15:16:52,460 [INFO] WebApp:194 - Connection lost
2025-08-17 15:16:52,601 [INFO] WebApp:191 - Connection restablished
2025-08-17 15:17:10,428 [INFO] WebApp:194 - Connection lost
2025-08-17 15:17:10,556 [INFO] WebApp:191 - Connection restablished
2025-08-17 15:17:29,425 [INFO] WebApp:194 - Connection lost
2025-08-17 15:17:29,531 [INFO] WebApp:191 - Connection restablished
2025-08-17 15:17:32,924 [INFO] WebApp:194 - Connection lost
2025-08-17 15:17:33,033 [INFO] WebApp:191 - Connection restablished
2025-08-17 20:40:07,113 [INFO] WebApp:194 - Connection lost
2025-08-17 20:40:07,586 [INFO] WebApp:191 - Connection restablished
2025-08-17 21:17:22,427 [INFO] WebApp:194 - Connection lost
2025-08-17 21:17:27,241 [INFO] WebApp:191 - Connection restablished
2025-08-17 21:17:31,420 [INFO] WebApp:194 - Connection lost
2025-08-17 21:17:36,406 [INFO] WebApp:191 - Connection restablished
2025-08-17 21:17:40,934 [INFO] WebApp:194 - Connection lost
2025-08-17 21:17:44,200 [INFO] WebApp:191 - Connection restablished
2025-08-17 21:17:47,438 [INFO] WebApp:194 - Connection lost
2025-08-17 21:18:04,517 [INFO] WebApp:191 - Connection restablished
2025-08-17 21:18:07,950 [INFO] WebApp:194 - Connection lost
2025-08-17 21:18:08,119 [INFO] WebApp:191 - Connection restablished
2025-08-17 21:18:22,924 [INFO] WebApp:194 - Connection lost
2025-08-17 21:18:23,141 [INFO] WebApp:191 - Connection restablished
2025-08-17 21:49:27,766 [INFO] MainUpdater:2872 - connection check result : 10
2025-08-17 21:49:27,766 [INFO] MainUpdater:2872 - connection check result : 10
2025-08-17 21:49:27,793 [ERROR] IocParser:57 - IOException caught: C:\Users\bhagy\STM32CubeIDE\workspace_1.18.1\002DebugOptions\002DebugOptions.ioc (The system cannot find the file specified)
2025-08-17 21:49:27,793 [ERROR] PeripheralListParser:95 - Something went wrong with ioc file reading: C:\Users\bhagy\STM32CubeIDE\workspace_1.18.1\002DebugOptions\002DebugOptions.ioc (The system cannot find the file specified)
2025-08-17 21:49:27,794 [ERROR] RegexParser:59 - Issue caught when parsing regex: C:\Users\bhagy\STM32CubeIDE\workspace_1.18.1\002DebugOptions\002DebugOptions.ioc (The system cannot find the file specified)
2025-08-17 21:49:28,157 [INFO] MicroXplorer:468 - Change Database Path : 
2025-08-17 21:49:28,157 [INFO] MicroXplorer:498 - Change Database Version : DB.6.0.141
2025-08-17 21:49:28,198 [ERROR] ProjectManagerView:395 - 
java.lang.NullPointerException: Cannot invoke "javax.swing.JTextField.getText()" because the return value of "java.util.List.get(int)" is null
	at com.st.microxplorer.plugins.projectmanager.gui.ProjectChoiceTab$9.caretUpdate(ProjectChoiceTab.java:2678) ~[filemanager.jar:?]
	at javax.swing.text.JTextComponent.fireCaretUpdate(JTextComponent.java:408) ~[?:?]
	at javax.swing.text.JTextComponent$MutableCaretEvent.fire(JTextComponent.java:4484) ~[?:?]
	at javax.swing.text.JTextComponent$MutableCaretEvent.stateChanged(JTextComponent.java:4506) ~[?:?]
	at javax.swing.text.DefaultCaret.fireStateChanged(DefaultCaret.java:857) ~[?:?]
	at javax.swing.text.DefaultCaret.changeCaretPosition(DefaultCaret.java:1343) ~[?:?]
	at javax.swing.text.DefaultCaret.handleSetDot(DefaultCaret.java:1242) ~[?:?]
	at javax.swing.text.DefaultCaret.setDot(DefaultCaret.java:1223) ~[?:?]
	at javax.swing.text.DefaultCaret$Handler.insertUpdate(DefaultCaret.java:1819) ~[?:?]
	at javax.swing.text.AbstractDocument.fireInsertUpdate(AbstractDocument.java:227) ~[?:?]
	at javax.swing.text.AbstractDocument.handleInsertString(AbstractDocument.java:781) ~[?:?]
	at javax.swing.text.AbstractDocument.insertString(AbstractDocument.java:740) ~[?:?]
	at javax.swing.text.PlainDocument.insertString(PlainDocument.java:131) ~[?:?]
	at javax.swing.text.AbstractDocument.replace(AbstractDocument.java:699) ~[?:?]
	at javax.swing.text.JTextComponent.setText(JTextComponent.java:1725) ~[?:?]
	at com.st.microxplorer.plugins.projectmanager.gui.ProjectChoiceTab.createHeapStackFields(ProjectChoiceTab.java:979) ~[filemanager.jar:?]
	at com.st.microxplorer.plugins.projectmanager.gui.ProjectChoiceTab.buildLinkSettingsPanel(ProjectChoiceTab.java:3766) ~[filemanager.jar:?]
	at com.st.microxplorer.plugins.projectmanager.gui.ProjectChoiceTab.defineWindowsFields(ProjectChoiceTab.java:1962) ~[filemanager.jar:?]
	at com.st.microxplorer.plugins.projectmanager.gui.ProjectChoiceTab.updateSettings(ProjectChoiceTab.java:555) ~[filemanager.jar:?]
	at com.st.microxplorer.plugins.projectmanager.gui.ProjectSettingsPanel.UpdateDialog(ProjectSettingsPanel.java:245) ~[filemanager.jar:?]
	at com.st.microxplorer.plugins.projectmanager.ProjectManagerView.propertyChange(ProjectManagerView.java:392) ~[filemanager.jar:?]
	at java.beans.PropertyChangeSupport.fire(PropertyChangeSupport.java:343) ~[?:?]
	at java.beans.PropertyChangeSupport.firePropertyChange(PropertyChangeSupport.java:335) ~[?:?]
	at java.beans.PropertyChangeSupport.firePropertyChange(PropertyChangeSupport.java:268) ~[?:?]
	at com.st.microxplorer.util.MXPropertyChangeSupport.firePropertyChange(MXPropertyChangeSupport.java:54) ~[STM32CubeMX.jar:?]
	at com.st.microxplorer.mxsystem.MxSystem.closeConfig(MxSystem.java:899) ~[STM32CubeMX.jar:?]
	at com.st.microxplorer.maingui.MainPanel.closeConfig(MainPanel.java:789) ~[STM32CubeMX.jar:?]
	at com.st.microxplorer.plugins.filemanager.engine.OpenFileManager.loadConfigurationFile(OpenFileManager.java:287) ~[filemanager.jar:?]
	at com.st.microxplorer.plugins.filemanager.engine.MainFileManager.userLoadConfig(MainFileManager.java:341) ~[filemanager.jar:?]
	at com.st.microxplorer.plugins.filemanager.engine.MainFileManager.userLoadConfig(MainFileManager.java:319) ~[filemanager.jar:?]
	at com.st.microxplorer.plugins.filemanager.FileManagerView.getSpecificTask(FileManagerView.java:246) ~[filemanager.jar:?]
	at com.st.stm32cube.common.mx.editor.CubeMxEditor.getMxTabbedPaneInstance(CubeMxEditor.java:1198) ~[com.st.stm32cube.common.mx_6.14.1.202504091515/:?]
	at com.st.stm32cube.common.mx.editor.CubeMxEditor$12$1.createSwingComponent(CubeMxEditor.java:1068) ~[com.st.stm32cube.common.mx_6.14.1.202504091515/:?]
	at com.st.stm32cube.common.mx.oss.core.awtswtbridge.EmbeddedSwingComposite.doComponentCreation(EmbeddedSwingComposite.java:492) ~[com.st.stm32cube.common.mx.oss_6.14.1.202504091515/:?]
	at com.st.stm32cube.common.mx.oss.core.awtswtbridge.EmbeddedSwingComposite$4.run(EmbeddedSwingComposite.java:291) ~[com.st.stm32cube.common.mx.oss_6.14.1.202504091515/:?]
	at com.st.stm32cube.common.mx.oss.core.awtswtbridge.AwtEnvironment$2.run(AwtEnvironment.java:166) ~[com.st.stm32cube.common.mx.oss_6.14.1.202504091515/:?]
	at java.awt.event.InvocationEvent.dispatch(InvocationEvent.java:318) ~[?:?]
	at java.awt.EventQueue.dispatchEventImpl(EventQueue.java:773) ~[?:?]
	at java.awt.EventQueue$4.run(EventQueue.java:720) ~[?:?]
	at java.awt.EventQueue$4.run(EventQueue.java:714) ~[?:?]
	at java.security.AccessController.doPrivileged(AccessController.java:400) ~[?:?]
	at java.security.ProtectionDomain$JavaSecurityAccessImpl.doIntersectionPrivilege(ProtectionDomain.java:87) ~[?:?]
	at java.awt.EventQueue.dispatchEvent(EventQueue.java:742) ~[?:?]
	at java.awt.EventDispatchThread.pumpOneEventForFilters(EventDispatchThread.java:203) ~[?:?]
	at java.awt.EventDispatchThread.pumpEventsForFilter(EventDispatchThread.java:124) ~[?:?]
	at java.awt.EventDispatchThread.pumpEventsForHierarchy(EventDispatchThread.java:113) ~[?:?]
	at java.awt.EventDispatchThread.pumpEvents(EventDispatchThread.java:109) ~[?:?]
	at java.awt.EventDispatchThread.pumpEvents(EventDispatchThread.java:101) ~[?:?]
	at java.awt.EventDispatchThread.run(EventDispatchThread.java:90) ~[?:?]
2025-08-17 21:49:28,210 [WARN] ThirdParty:871 - waiting for thirdparty lock release [close project]
2025-08-17 21:49:28,210 [INFO] ThirdParty:873 - entering critical section [close project]
2025-08-17 21:49:28,210 [INFO] ThirdParty:883 - exiting critical section [close project]
2025-08-17 21:49:28,212 [INFO] PinOutPanel:1589 - setPackage(No Configuration,No Configuration)
2025-08-17 21:49:28,240 [WARN] IpParametersView:155 - Warning: This peripheral hasn't parameters
2025-08-17 21:49:28,271 [WARN] MainPanel:289 - <html><b><center>Warning: This peripheral has no parameters to be configured<br></b></html>
2025-08-17 21:49:28,284 [INFO] UtilMem:75 - Begin LoadConfig() Used Memory: 720894632 Bytes (1073741824)
2025-08-17 21:49:28,285 [INFO] MicroXplorer:468 - Change Database Path : 
2025-08-17 21:49:28,285 [INFO] MicroXplorer:498 - Change Database Version : DB.6.0.141
2025-08-17 21:49:28,285 [INFO] OpenFileManager:354 - Change cursor
2025-08-17 21:49:28,322 [INFO] RulesReader:64 - Compatibility file has been processed (302 Rules)
2025-08-17 21:49:28,332 [INFO] Mcu:2011 - Initializing MCU STM32F401R(D-E)Tx STM32F401RETx STM32F401RET6
2025-08-17 21:49:29,179 [INFO] Context:756 - Trying to add GPIOservice into a context  which must be forbidden
2025-08-17 21:49:29,611 [INFO] ImportTextPane:218 - (OptionalMessage_ERROR) Pin20 (VP_RIF_VS_RIF1) cannot be retrieved for this MCU
2025-08-17 21:49:29,903 [INFO] RtosManager:558 - Registered RTOS mode: class=CMSIS, group=RTOS, mode=CMSIS_V1, owner=FREERTOS
2025-08-17 21:49:29,904 [INFO] RtosManager:558 - Registered RTOS mode: class=CMSIS, group=RTOS2, mode=CMSIS_V2, owner=FREERTOS
2025-08-17 21:49:29,904 [INFO] RtosManager:558 - Registered RTOS mode: class=RTOS, group=Core, mode=CMSIS_V1, owner=FREERTOS
2025-08-17 21:49:29,904 [INFO] RtosManager:558 - Registered RTOS mode: class=RTOS, group=Core, mode=CMSIS_V2, owner=FREERTOS
2025-08-17 21:49:29,904 [WARN] ModelIntegratedComponent:184 - Missing modes for component STMicroelectronics:FreeRTOS:0.0.1:STMicroelectronics:RTOS:FreeRTOS:Core:::10.2.0:
2025-08-17 21:49:29,912 [WARN] ModelIntegratedComponent:63 - No mode defined for component null
2025-08-17 21:49:29,912 [WARN] ModelIntegratedComponent:63 - No mode defined for component null
2025-08-17 21:49:29,912 [WARN] ModelIntegratedComponent:63 - No mode defined for component null
2025-08-17 21:49:29,912 [WARN] ModelIntegratedComponent:63 - No mode defined for component null
2025-08-17 21:49:29,912 [WARN] ModelIntegratedComponent:63 - No mode defined for component null
2025-08-17 21:49:29,912 [WARN] ModelIntegratedComponent:63 - No mode defined for component null
2025-08-17 21:49:29,912 [WARN] ModelIntegratedComponent:63 - No mode defined for component null
2025-08-17 21:49:29,913 [WARN] ModelIntegratedComponent:63 - No mode defined for component null
2025-08-17 21:49:29,913 [WARN] ModelIntegratedComponent:63 - No mode defined for component null
2025-08-17 21:49:29,913 [WARN] ModelIntegratedComponent:63 - No mode defined for component null
2025-08-17 21:49:29,913 [WARN] ModelIntegratedComponent:63 - No mode defined for component null
2025-08-17 21:49:29,913 [WARN] ModelIntegratedComponent:63 - No mode defined for component null
2025-08-17 21:49:29,913 [WARN] ModelIntegratedComponent:63 - No mode defined for component null
2025-08-17 21:49:29,913 [WARN] ModelIntegratedComponent:63 - No mode defined for component null
2025-08-17 21:49:29,913 [WARN] ModelIntegratedComponent:63 - No mode defined for component null
2025-08-17 21:49:29,913 [WARN] ModelIntegratedComponent:63 - No mode defined for component null
2025-08-17 21:49:29,913 [WARN] ModelIntegratedComponent:63 - No mode defined for component null
2025-08-17 21:49:29,913 [WARN] ModelIntegratedComponent:63 - No mode defined for component null
2025-08-17 21:49:29,913 [WARN] ModelIntegratedComponent:63 - No mode defined for component null
2025-08-17 21:49:29,913 [WARN] ModelIntegratedComponent:63 - No mode defined for component null
2025-08-17 21:49:29,913 [WARN] ModelIntegratedComponent:63 - No mode defined for component null
2025-08-17 21:49:29,913 [WARN] ModelIntegratedComponent:63 - No mode defined for component null
2025-08-17 21:49:29,913 [WARN] ModelIntegratedComponent:63 - No mode defined for component null
2025-08-17 21:49:29,913 [WARN] ModelIntegratedComponent:63 - No mode defined for component null
2025-08-17 21:49:29,913 [WARN] ModelIntegratedComponent:63 - No mode defined for component null
2025-08-17 21:49:29,913 [WARN] ModelIntegratedComponent:63 - No mode defined for component null
2025-08-17 21:49:29,913 [WARN] ModelIntegratedComponent:63 - No mode defined for component null
2025-08-17 21:49:29,913 [WARN] ModelIntegratedComponent:63 - No mode defined for component null
2025-08-17 21:49:29,913 [WARN] ModelIntegratedComponent:63 - No mode defined for component null
2025-08-17 21:49:29,913 [WARN] ModelIntegratedComponent:63 - No mode defined for component null
2025-08-17 21:49:29,913 [WARN] ModelIntegratedComponent:63 - No mode defined for component null
2025-08-17 21:49:29,914 [WARN] ModelIntegratedComponent:63 - No mode defined for component null
2025-08-17 21:49:29,914 [WARN] ModelIntegratedComponent:63 - No mode defined for component null
2025-08-17 21:49:29,914 [WARN] ModelIntegratedComponent:63 - No mode defined for component null
2025-08-17 21:49:29,914 [WARN] ModelIntegratedComponent:63 - No mode defined for component null
2025-08-17 21:49:29,914 [WARN] ModelPack:524 - Component already loaded: STMicroelectronics:HAL Drivers:0.0.0:STMicroelectronics:Device:STMicro_Driver:XSPI:HAL::0.0.1:HAL_XSPI
2025-08-17 21:49:30,565 [INFO] ThirdPartyModel:298 - Start build external matchings
2025-08-17 21:49:34,881 [INFO] ThirdPartyModel:316 - End build external matchings
2025-08-17 21:49:34,989 [INFO] ImportTextPane:218 - (OptionalMessage_ERROR) IP (RCC) : Parameter (RTCHSEDivFreq_Value) has invalid value (4000000)
2025-08-17 21:49:35,340 [INFO] UtilMem:75 - End LoadConfig() Used Memory: 818138112 Bytes (1073741824)
2025-08-17 21:49:35,395 [WARN] ThirdParty:833 - waiting for thirdparty lock release [change project]
2025-08-17 21:49:35,396 [INFO] ThirdParty:835 - entering critical section [change project]
2025-08-17 21:49:35,396 [INFO] ThirdParty:1030 - CMSIS Pack Vendor :STMicroelectronics X-CUBE-PM33A1 1.0.0
2025-08-17 21:49:35,396 [INFO] ThirdParty:1030 - CMSIS Pack Vendor :STMicroelectronics USBPD 4.1
2025-08-17 21:49:35,396 [INFO] ThirdParty:1030 - CMSIS Pack Vendor :STMicroelectronics X-CUBE-GNSS1 6.0.0
2025-08-17 21:49:35,397 [INFO] ThirdParty:1030 - CMSIS Pack Vendor :STMicroelectronics USB_HOST 2.0.0
2025-08-17 21:49:35,397 [INFO] ThirdParty:1030 - CMSIS Pack Vendor :STMicroelectronics FP-SNS-MOTENVWB1 1.4.0
2025-08-17 21:49:35,397 [INFO] ThirdParty:1030 - CMSIS Pack Vendor :STMicroelectronics X-CUBE-AZRTOS-F4 1.1.0
2025-08-17 21:49:35,397 [INFO] ThirdParty:1030 - CMSIS Pack Vendor :STMicroelectronics LIBJPEG 8.0.0
2025-08-17 21:49:35,397 [INFO] ThirdParty:1030 - CMSIS Pack Vendor :STMicroelectronics FP-ATR-ASTRA1 2.0.2
2025-08-17 21:49:35,397 [INFO] ThirdParty:1030 - CMSIS Pack Vendor :STMicroelectronics FP-ATR-ASTRA1 2.0.1
2025-08-17 21:49:35,397 [INFO] ThirdParty:1030 - CMSIS Pack Vendor :Avnet-IotConnect X-CUBE-IoTC-DA16k-PMOD 1.0.0
2025-08-17 21:49:35,397 [INFO] ThirdParty:1030 - CMSIS Pack Vendor :STMicroelectronics X-CUBE-SMBUS 2.1.0
2025-08-17 21:49:35,398 [INFO] ThirdParty:1030 - CMSIS Pack Vendor :STMicroelectronics X-CUBE-WB05N 1.1.0
2025-08-17 21:49:35,398 [INFO] ThirdParty:1030 - CMSIS Pack Vendor :wolfSSL I-CUBE-wolfSSL 5.6.0
2025-08-17 21:49:35,398 [INFO] ThirdParty:1030 - CMSIS Pack Vendor :STMicroelectronics X-CUBE-ISPU 2.1.0
2025-08-17 21:49:35,398 [INFO] ThirdParty:1030 - CMSIS Pack Vendor :STMicroelectronics X-CUBE-FREERTOS 1.2.0
2025-08-17 21:49:35,398 [INFO] ThirdParty:1030 - CMSIS Pack Vendor :STMicroelectronics X-CUBE-ST60 1.0.0
2025-08-17 21:49:35,398 [INFO] ThirdParty:1030 - CMSIS Pack Vendor :STMicroelectronics X-CUBE-TOUCHGFX 4.23.1
2025-08-17 21:49:35,399 [INFO] ThirdParty:1030 - CMSIS Pack Vendor :STMicroelectronics X-CUBE-NFC12 1.0.0
2025-08-17 21:49:35,399 [INFO] ThirdParty:1030 - CMSIS Pack Vendor :STMicroelectronics X-CUBE-TOUCHGFX 4.23.2
2025-08-17 21:49:35,399 [INFO] ThirdParty:1030 - CMSIS Pack Vendor :STMicroelectronics X-CUBE-AZRTOS-F7 1.1.0
2025-08-17 21:49:35,399 [INFO] ThirdParty:1030 - CMSIS Pack Vendor :STMicroelectronics X-CUBE-AZRTOS-L5 2.0.0
2025-08-17 21:49:35,399 [INFO] ThirdParty:1030 - CMSIS Pack Vendor :STMicroelectronics USB_DEVICE 2.0.0
2025-08-17 21:49:35,400 [INFO] ThirdParty:1030 - CMSIS Pack Vendor :STMicroelectronics X-CUBE-MEMS1 9.6.0
2025-08-17 21:49:35,401 [INFO] ThirdParty:1030 - CMSIS Pack Vendor :STMicroelectronics X-CUBE-NFC6 3.1.0
2025-08-17 21:49:35,402 [INFO] ThirdParty:1030 - CMSIS Pack Vendor :ITTIA_DB I-CUBE-ITTIADB 8.8.0
2025-08-17 21:49:35,403 [INFO] ThirdParty:1030 - CMSIS Pack Vendor :STMicroelectronics FP-SNS-MOTENV1 4.3.0
2025-08-17 21:49:35,403 [INFO] ThirdParty:1030 - CMSIS Pack Vendor :STMicroelectronics FP-SNS-MOTENV1 4.3.2
2025-08-17 21:49:35,404 [INFO] ThirdParty:1030 - CMSIS Pack Vendor :STMicroelectronics FP-SNS-FLIGHT1 5.0.0
2025-08-17 21:49:35,404 [INFO] ThirdParty:1030 - CMSIS Pack Vendor :STMicroelectronics X-CUBE-MEMS1 11.0.0
2025-08-17 21:49:35,405 [INFO] ThirdParty:1030 - CMSIS Pack Vendor :STMicroelectronics X-CUBE-BLE1 6.2.4
2025-08-17 21:49:35,405 [INFO] ThirdParty:1030 - CMSIS Pack Vendor :STMicroelectronics FreeRTOS 0.0.1
2025-08-17 21:49:35,405 [INFO] ThirdParty:1030 - CMSIS Pack Vendor :emotas I-CUBE-CANOPEN 1.1.3
2025-08-17 21:49:35,405 [INFO] ThirdParty:1030 - CMSIS Pack Vendor :STMicroelectronics X-CUBE-BLEMGR 2.0.0
2025-08-17 21:49:35,406 [INFO] ThirdParty:1030 - CMSIS Pack Vendor :STMicroelectronics X-CUBE-DPower 1.2.0
2025-08-17 21:49:35,406 [INFO] ThirdParty:1030 - CMSIS Pack Vendor :STMicroelectronics FP-SNS-FLIGHT1 5.0.2
2025-08-17 21:49:35,406 [INFO] ThirdParty:1030 - CMSIS Pack Vendor :Infineon AIROC-Wi-Fi-Bluetooth-STM32 1.7.0
2025-08-17 21:49:35,406 [INFO] ThirdParty:1030 - CMSIS Pack Vendor :STMicroelectronics X-CUBE-AI 9.0.0
2025-08-17 21:49:35,406 [INFO] ThirdParty:1030 - CMSIS Pack Vendor :STMicroelectronics X-CUBE-AZRTOS-H7 3.1.0
2025-08-17 21:49:35,406 [INFO] ThirdParty:1030 - CMSIS Pack Vendor :STMicroelectronics PDM2PCM 3.3.0
2025-08-17 21:49:35,407 [INFO] ThirdParty:1030 - CMSIS Pack Vendor :STMicroelectronics X-CUBE-AZRTOS-H7 3.4.0
2025-08-17 21:49:35,407 [INFO] ThirdParty:1030 - CMSIS Pack Vendor :STMicroelectronics X-CUBE-DISPLAY 3.0.0
2025-08-17 21:49:35,407 [INFO] ThirdParty:1030 - CMSIS Pack Vendor :STMicroelectronics X-CUBE-BLE1 7.0.0
2025-08-17 21:49:35,407 [INFO] ThirdParty:1030 - CMSIS Pack Vendor :STMicroelectronics X-CUBE-NFC10 1.0.0
2025-08-17 21:49:35,407 [INFO] ThirdParty:1030 - CMSIS Pack Vendor :STMicroelectronics X-CUBE-BLEMGR 4.0.0
2025-08-17 21:49:35,408 [INFO] ThirdParty:1030 - CMSIS Pack Vendor :STMicroelectronics X-CUBE-FREERTOS 1.3.1
2025-08-17 21:49:35,408 [INFO] ThirdParty:1030 - CMSIS Pack Vendor :STMicroelectronics HAL Drivers 0.0.0
2025-08-17 21:49:35,408 [INFO] ThirdParty:1030 - CMSIS Pack Vendor :emotas I-CUBE-CANOPEN 1.3.0
2025-08-17 21:49:35,408 [INFO] ThirdParty:1030 - CMSIS Pack Vendor :STMicroelectronics X-CUBE-FREERTOS 1.3.0
2025-08-17 21:49:35,408 [INFO] ThirdParty:1030 - CMSIS Pack Vendor :STMicroelectronics X-CUBE-TOUCHGFX 4.22.0
2025-08-17 21:49:35,408 [INFO] ThirdParty:1030 - CMSIS Pack Vendor :STMicroelectronics X-CUBE-NFC7 1.0.1
2025-08-17 21:49:35,408 [INFO] ThirdParty:1030 - CMSIS Pack Vendor :STMicroelectronics MBEDTLS 2.14.1
2025-08-17 21:49:35,408 [INFO] ThirdParty:1030 - CMSIS Pack Vendor :STMicroelectronics X-CUBE-NFC7 1.0.0
2025-08-17 21:49:35,408 [INFO] ThirdParty:1030 - CMSIS Pack Vendor :STMicroelectronics X-CUBE-TOUCHGFX 4.22.1
2025-08-17 21:49:35,408 [INFO] ThirdParty:1030 - CMSIS Pack Vendor :wolfSSL I-CUBE-wolfTPM 3.2.0
2025-08-17 21:49:35,409 [INFO] ThirdParty:1030 - CMSIS Pack Vendor :STMicroelectronics X-CUBE-NFC6 3.0.0
2025-08-17 21:49:35,409 [INFO] ThirdParty:1030 - CMSIS Pack Vendor :STMicroelectronics X-CUBE-EEPRMA1 4.1.0
2025-08-17 21:49:35,409 [INFO] ThirdParty:1030 - CMSIS Pack Vendor :STMicroelectronics X-CUBE-BLEMGR 3.1.0
2025-08-17 21:49:35,409 [INFO] ThirdParty:1030 - CMSIS Pack Vendor :STMicroelectronics X-CUBE-AI 10.0.0
2025-08-17 21:49:35,409 [INFO] ThirdParty:1030 - CMSIS Pack Vendor :STMicroelectronics FP-SNS-STAIOTCFT 1.0.0
2025-08-17 21:49:35,409 [INFO] ThirdParty:1030 - CMSIS Pack Vendor :STMicroelectronics FP-SNS-SMARTAG2 1.2.0
2025-08-17 21:49:35,409 [INFO] ThirdParty:1030 - CMSIS Pack Vendor :STMicroelectronics FP-SNS-FLIGHT1 5.1.0
2025-08-17 21:49:35,409 [INFO] ThirdParty:1030 - CMSIS Pack Vendor :STMicroelectronics X-CUBE-MEMS1 11.1.0
2025-08-17 21:49:35,409 [INFO] ThirdParty:1030 - CMSIS Pack Vendor :STMicroelectronics X-CUBE-AZRTOS-WL 2.0.0
2025-08-17 21:49:35,409 [INFO] ThirdParty:1030 - CMSIS Pack Vendor :STMicroelectronics X-CUBE-DPower 1.3.0
2025-08-17 21:49:35,409 [INFO] ThirdParty:1030 - CMSIS Pack Vendor :STMicroelectronics FP-SNS-MOTENV1 5.0.0
2025-08-17 21:49:35,410 [INFO] ThirdParty:1030 - CMSIS Pack Vendor :STMicroelectronics USB_DEVICE 1.0.0
2025-08-17 21:49:35,410 [INFO] ThirdParty:1030 - CMSIS Pack Vendor :STMicroelectronics X-CUBE-AI 8.1.0
2025-08-17 21:49:35,410 [INFO] ThirdParty:1030 - CMSIS Pack Vendor :wolfSSL I-CUBE-wolfMQTT 1.19.0
2025-08-17 21:49:35,410 [INFO] ThirdParty:1030 - CMSIS Pack Vendor :STMicroelectronics X-CUBE-AZRTOS-L4 2.0.0
2025-08-17 21:49:35,410 [INFO] ThirdParty:1030 - CMSIS Pack Vendor :STMicroelectronics ThreadX 0.0.2
2025-08-17 21:49:35,410 [INFO] ThirdParty:1030 - CMSIS Pack Vendor :WES I-CUBE-Cesium 1.3.0
2025-08-17 21:49:35,410 [INFO] ThirdParty:1030 - CMSIS Pack Vendor :STMicroelectronics lwIP 2.1.2
2025-08-17 21:49:35,410 [INFO] ThirdParty:1030 - CMSIS Pack Vendor :STMicroelectronics X-CUBE-SFXS2LP1 4.0.0
2025-08-17 21:49:35,410 [INFO] ThirdParty:1030 - CMSIS Pack Vendor :STMicroelectronics X-CUBE-BLE2 3.3.0
2025-08-17 21:49:35,410 [INFO] ThirdParty:1030 - CMSIS Pack Vendor :STMicroelectronics PDM2PCM 3.2.0
2025-08-17 21:49:35,410 [INFO] ThirdParty:1030 - CMSIS Pack Vendor :STMicroelectronics X-CUBE-AZRTOS-H7 3.0.0
2025-08-17 21:49:35,411 [INFO] ThirdParty:1030 - CMSIS Pack Vendor :STMicroelectronics X-CUBE-ISPU 1.1.0
2025-08-17 21:49:35,411 [INFO] ThirdParty:1030 - CMSIS Pack Vendor :STMicroelectronics X-CUBE-AZRTOS-H7 3.3.0
2025-08-17 21:49:35,411 [INFO] ThirdParty:1030 - CMSIS Pack Vendor :RoweBots I-CUBE-UNISONRTOS 5.5.0-4
2025-08-17 21:49:35,411 [INFO] ThirdParty:1030 - CMSIS Pack Vendor :STMicroelectronics X-CUBE-NFC9 1.0.0
2025-08-17 21:49:35,411 [INFO] ThirdParty:1030 - CMSIS Pack Vendor :STMicroelectronics X-CUBE-BLE1 7.1.0
2025-08-17 21:49:35,411 [INFO] ThirdParty:1030 - CMSIS Pack Vendor :STMicroelectronics USB_DEVICE 3.0.0
2025-08-17 21:49:35,411 [INFO] ThirdParty:1030 - CMSIS Pack Vendor :STMicroelectronics X-CUBE-TCPP 4.1.0
2025-08-17 21:49:35,411 [INFO] ThirdParty:1030 - CMSIS Pack Vendor :STMicroelectronics X-CUBE-EEPRMA1 5.2.0
2025-08-17 21:49:35,411 [INFO] ThirdParty:1030 - CMSIS Pack Vendor :STMicroelectronics X-CUBE-BLEMGR 4.1.0
2025-08-17 21:49:35,412 [INFO] ThirdParty:1030 - CMSIS Pack Vendor :STMicroelectronics X-CUBE-AI 8.0.0
2025-08-17 21:49:35,412 [INFO] ThirdParty:1030 - CMSIS Pack Vendor :STMicroelectronics X-CUBE-IPS 3.0.0
2025-08-17 21:49:35,412 [INFO] ThirdParty:1030 - CMSIS Pack Vendor :STMicroelectronics X-CUBE-AZRTOS-WB 2.0.0
2025-08-17 21:49:35,412 [INFO] ThirdParty:1030 - CMSIS Pack Vendor :STMicroelectronics X-CUBE-FREERTOS 1.0.0
2025-08-17 21:49:35,412 [INFO] ThirdParty:1030 - CMSIS Pack Vendor :STMicroelectronics X-CUBE-FREERTOS 1.0.1
2025-08-17 21:49:35,412 [INFO] ThirdParty:1030 - CMSIS Pack Vendor :STMicroelectronics X-CUBE-GNSS1 7.0.0
2025-08-17 21:49:35,413 [INFO] ThirdParty:1030 - CMSIS Pack Vendor :STMicroelectronics X-CUBE-GNSS1 7.0.1
2025-08-17 21:49:35,413 [INFO] ThirdParty:1030 - CMSIS Pack Vendor :STMicroelectronics X-CUBE-TOUCHGFX 4.21.3
2025-08-17 21:49:35,413 [INFO] ThirdParty:1030 - CMSIS Pack Vendor :STMicroelectronics X-CUBE-TOUCHGFX 4.21.4
2025-08-17 21:49:35,413 [INFO] ThirdParty:1030 - CMSIS Pack Vendor :STMicroelectronics X-CUBE-TOUCHGFX 4.25.0
2025-08-17 21:49:35,413 [INFO] ThirdParty:1030 - CMSIS Pack Vendor :STMicroelectronics X-CUBE-AI 10.1.0
2025-08-17 21:49:35,413 [INFO] ThirdParty:1030 - CMSIS Pack Vendor :STMicroelectronics FP-SNS-STBOX1 2.0.0
2025-08-17 21:49:35,413 [INFO] ThirdParty:1030 - CMSIS Pack Vendor :STMicroelectronics X-CUBE-ALGOBUILD 1.3.0
2025-08-17 21:49:35,413 [INFO] ThirdParty:1030 - CMSIS Pack Vendor :STMicroelectronics X-CUBE-AZRTOS-L5 1.1.0
2025-08-17 21:49:35,413 [INFO] ThirdParty:1030 - CMSIS Pack Vendor :STMicroelectronics X-CUBE-MEMS1 11.2.0
2025-08-17 21:49:35,414 [INFO] ThirdParty:1030 - CMSIS Pack Vendor :STMicroelectronics X-CUBE-AZRTOS-G0 1.1.0
2025-08-17 21:49:35,414 [INFO] ThirdParty:1030 - CMSIS Pack Vendor :STMicroelectronics X-CUBE-AI 8.0.1
2025-08-17 21:49:35,414 [INFO] ThirdParty:1030 - CMSIS Pack Vendor :STMicroelectronics X-CUBE-SAFEA1 1.2.2
2025-08-17 21:49:35,414 [INFO] ThirdParty:1030 - CMSIS Pack Vendor :STMicroelectronics X-CUBE-NFC4 3.0.0
2025-08-17 21:49:35,415 [INFO] ThirdParty:1030 - CMSIS Pack Vendor :STMicroelectronics X-CUBE-SUBG2 5.0.0
2025-08-17 21:49:35,415 [INFO] ThirdParty:1030 - CMSIS Pack Vendor :STMicroelectronics X-CUBE-AZRTOS-H7RS 1.1.0
2025-08-17 21:49:35,415 [INFO] ThirdParty:1030 - CMSIS Pack Vendor :STMicroelectronics STM32_WPAN 1.0.0
2025-08-17 21:49:35,416 [INFO] ThirdParty:1030 - CMSIS Pack Vendor :EmbeddedOffice I-CUBE-FS-RTOS 1.0.1
2025-08-17 21:49:35,416 [INFO] ThirdParty:1030 - CMSIS Pack Vendor :STMicroelectronics lwIP 2.0.3
2025-08-17 21:49:35,416 [INFO] ThirdParty:1030 - CMSIS Pack Vendor :Cesanta I-CUBE-Mongoose 7.13.0
2025-08-17 21:49:35,416 [INFO] ThirdParty:1030 - CMSIS Pack Vendor :STMicroelectronics USB_HOST 1.0.0
2025-08-17 21:49:35,416 [INFO] ThirdParty:1030 - CMSIS Pack Vendor :STMicroelectronics X-CUBE-TOF1 3.3.1
2025-08-17 21:49:35,417 [INFO] ThirdParty:1030 - CMSIS Pack Vendor :STMicroelectronics X-CUBE-AZRTOS-G4 2.0.0
2025-08-17 21:49:35,417 [INFO] ThirdParty:1030 - CMSIS Pack Vendor :STMicroelectronics X-CUBE-WB05N 2.0.0
2025-08-17 21:49:35,417 [INFO] ThirdParty:1030 - CMSIS Pack Vendor :STMicroelectronics PDM2PCM 3.1.0
2025-08-17 21:49:35,417 [INFO] ThirdParty:1030 - CMSIS Pack Vendor :STMicroelectronics X-CUBE-TOF1 3.3.0
2025-08-17 21:49:35,418 [INFO] ThirdParty:1030 - CMSIS Pack Vendor :STMicroelectronics FP-ATR-ASTRA1 1.1.1
2025-08-17 21:49:35,418 [INFO] ThirdParty:1030 - CMSIS Pack Vendor :Infineon AIROC-Wi-Fi-Bluetooth-STM32 1.5.1
2025-08-17 21:49:35,418 [INFO] ThirdParty:1030 - CMSIS Pack Vendor :STMicroelectronics X-CUBE-NFC7 2.0.0
2025-08-17 21:49:35,418 [INFO] ThirdParty:1030 - CMSIS Pack Vendor :STMicroelectronics X-CUBE-TCPP 4.2.0
2025-08-17 21:49:35,418 [INFO] ThirdParty:1030 - CMSIS Pack Vendor :RealThread X-CUBE-RT-Thread_Nano 4.1.1
2025-08-17 21:49:35,419 [INFO] ThirdParty:1030 - CMSIS Pack Vendor :STMicroelectronics FP-SNS-MOTENVWB1 1.3.1
2025-08-17 21:49:35,419 [INFO] ThirdParty:1030 - CMSIS Pack Vendor :STMicroelectronics FP-ATR-SIGFOX1 3.2.0
2025-08-17 21:49:35,419 [INFO] ThirdParty:1030 - CMSIS Pack Vendor :STMicroelectronics X-CUBE-AZRTOS-G4 1.0.0
2025-08-17 21:49:35,419 [INFO] ThirdParty:1030 - CMSIS Pack Vendor :STMicroelectronics X-CUBE-AZRTOS-L4 1.0.0
2025-08-17 21:49:35,419 [INFO] ThirdParty:1030 - CMSIS Pack Vendor :quantropi X-CUBE-qispace-sdk-base 1.9.3
2025-08-17 21:49:35,419 [INFO] ThirdParty:1030 - CMSIS Pack Vendor :STMicroelectronics X-CUBE-ISPU 2.0.0
2025-08-17 21:49:35,419 [INFO] ThirdParty:1030 - CMSIS Pack Vendor :STMicroelectronics X-CUBE-EEPRMA1 5.1.0
2025-08-17 21:49:35,419 [INFO] ThirdParty:1030 - CMSIS Pack Vendor :STMicroelectronics MBEDTLS 2.16.2
2025-08-17 21:49:35,420 [INFO] ThirdParty:1030 - CMSIS Pack Vendor :STMicroelectronics X-CUBE-IPS 3.1.0
2025-08-17 21:49:35,420 [INFO] ThirdParty:1030 - CMSIS Pack Vendor :STMicroelectronics X-CUBE-ALS 1.0.2
2025-08-17 21:49:35,420 [INFO] ThirdParty:1030 - CMSIS Pack Vendor :STMicroelectronics X-CUBE-MEMS1 10.0.0
2025-08-17 21:49:35,420 [INFO] ThirdParty:1030 - CMSIS Pack Vendor :STMicroelectronics X-CUBE-FREERTOS 1.1.0
2025-08-17 21:49:35,420 [INFO] ThirdParty:1030 - CMSIS Pack Vendor :wolfSSL I-CUBE-wolfSSL 5.7.6
2025-08-17 21:49:35,420 [INFO] ThirdParty:1030 - CMSIS Pack Vendor :STMicroelectronics X-CUBE-TOUCHGFX 4.24.0
2025-08-17 21:49:35,420 [INFO] ThirdParty:1030 - CMSIS Pack Vendor :ITTIA_DB I-CUBE-ITTIADB 8.9.0
2025-08-17 21:49:35,420 [INFO] ThirdParty:1030 - CMSIS Pack Vendor :STMicroelectronics X-CUBE-TOUCHGFX 4.24.2
2025-08-17 21:49:35,420 [INFO] ThirdParty:1030 - CMSIS Pack Vendor :STMicroelectronics X-CUBE-AZRTOS-WL 1.0.0
2025-08-17 21:49:35,420 [INFO] ThirdParty:1030 - CMSIS Pack Vendor :STMicroelectronics X-CUBE-TOUCHGFX 4.24.1
2025-08-17 21:49:35,421 [INFO] ThirdParty:1030 - CMSIS Pack Vendor :wolfSSL I-CUBE-wolfTPM 3.4.0
2025-08-17 21:49:35,421 [INFO] ThirdParty:1030 - CMSIS Pack Vendor :portGmbH I-Cube-SoM-uGOAL 1.1.0
2025-08-17 21:49:35,421 [INFO] ThirdParty:1030 - CMSIS Pack Vendor :STMicroelectronics X-CUBE-ALS 1.0.1
2025-08-17 21:49:35,421 [INFO] ThirdParty:1030 - CMSIS Pack Vendor :STMicroelectronics X-CUBE-MEMS1 9.5.0
2025-08-17 21:49:35,421 [INFO] ThirdParty:1030 - CMSIS Pack Vendor :STMicroelectronics X-CUBE-ST67W61 1.0.0
2025-08-17 21:49:35,421 [INFO] ThirdParty:1030 - CMSIS Pack Vendor :STMicroelectronics X-CUBE-AI 10.2.0
2025-08-17 21:49:35,422 [INFO] ThirdParty:1030 - CMSIS Pack Vendor :STMicroelectronics ThreadX 1.0.0
2025-08-17 21:49:35,422 [INFO] ThirdParty:1030 - CMSIS Pack Vendor :STMicroelectronics X-CUBE-AZRTOS-WB 1.1.0
2025-08-17 21:49:35,422 [INFO] ThirdParty:1030 - CMSIS Pack Vendor :SEGGER I-CUBE-embOS 1.3.1
2025-08-17 21:49:35,422 [INFO] ThirdParty:1030 - CMSIS Pack Vendor :STMicroelectronics X-CUBE-ALGOBUILD 1.4.0
2025-08-17 21:49:35,422 [INFO] ThirdParty:1030 - CMSIS Pack Vendor :STMicroelectronics X-CUBE-MEMS1 11.3.0
2025-08-17 21:49:35,422 [INFO] ThirdParty:1030 - CMSIS Pack Vendor :STMicroelectronics X-CUBE-AZRTOS-H7RS 1.0.0
2025-08-17 21:49:35,422 [INFO] ThirdParty:1030 - CMSIS Pack Vendor :STMicroelectronics FP-ATR-ASTRA1 2.0.0
2025-08-17 21:49:35,422 [INFO] ThirdParty:1030 - CMSIS Pack Vendor :STMicroelectronics X-CUBE-TOF1 3.4.2
2025-08-17 21:49:35,422 [INFO] ThirdParty:1030 - CMSIS Pack Vendor :STMicroelectronics X-CUBE-TOF1 3.4.3
2025-08-17 21:49:35,423 [INFO] ThirdParty:1030 - CMSIS Pack Vendor :STMicroelectronics X-CUBE-AI 9.1.0
2025-08-17 21:49:35,423 [INFO] ThirdParty:1030 - CMSIS Pack Vendor :STMicroelectronics X-CUBE-TOF1 3.4.1
2025-08-17 21:49:35,423 [INFO] ThirdParty:1030 - CMSIS Pack Vendor :STMicroelectronics X-CUBE-AZRTOS-H7 3.2.0
2025-08-17 21:49:35,423 [INFO] ThirdParty:1030 - CMSIS Pack Vendor :wolfSSL I-CUBE-wolfSSH 1.4.17
2025-08-17 21:49:35,423 [INFO] ThirdParty:841 - exiting critical section [change project]
2025-08-17 21:49:35,855 [INFO] PinOutPanel:1589 - setPackage(No Configuration,No Configuration)
2025-08-17 21:49:35,861 [INFO] PinOutPanel:1589 - setPackage(STM32F401RETx,LQFP64)
2025-08-17 21:49:36,338 [INFO] UtilMem:75 - Before build in PCC Used Memory: 957509912 Bytes (1073741824)
2025-08-17 21:49:36,749 [INFO] UtilMem:75 - After build in PCC Used Memory: 728831552 Bytes (1073741824)
2025-08-17 21:49:36,780 [INFO] IPUIPlugin:80 - create IPUIPlugin
2025-08-17 21:49:36,781 [INFO] IPUIPlugin:80 - create IPUIPlugin
2025-08-17 21:49:36,781 [INFO] IPUIPlugin:80 - create IPUIPlugin
2025-08-17 21:49:36,781 [INFO] IPUIPlugin:80 - create IPUIPlugin
2025-08-17 21:49:36,782 [INFO] IPUIPlugin:80 - create IPUIPlugin
2025-08-17 21:49:36,782 [INFO] IPUIPlugin:80 - create IPUIPlugin
2025-08-17 21:49:36,782 [INFO] IPUIPlugin:80 - create IPUIPlugin
2025-08-17 21:49:36,783 [INFO] IPUIPlugin:80 - create IPUIPlugin
2025-08-17 21:49:36,783 [INFO] IPUIPlugin:80 - create IPUIPlugin
2025-08-17 21:49:36,783 [INFO] IPUIPlugin:80 - create IPUIPlugin
2025-08-17 21:49:36,784 [INFO] IPUIPlugin:80 - create IPUIPlugin
2025-08-17 21:49:36,784 [INFO] IPUIPlugin:80 - create IPUIPlugin
2025-08-17 21:49:36,784 [INFO] IPUIPlugin:80 - create IPUIPlugin
2025-08-17 21:49:36,784 [INFO] IPUIPlugin:80 - create IPUIPlugin
2025-08-17 21:49:36,784 [INFO] IPUIPlugin:80 - create IPUIPlugin
2025-08-17 21:49:36,785 [INFO] IPUIPlugin:80 - create IPUIPlugin
2025-08-17 21:49:36,785 [INFO] IPUIPlugin:80 - create IPUIPlugin
2025-08-17 21:49:36,785 [INFO] IPUIPlugin:80 - create IPUIPlugin
2025-08-17 21:49:36,786 [INFO] IPUIPlugin:80 - create IPUIPlugin
2025-08-17 21:49:36,786 [INFO] IPUIPlugin:80 - create IPUIPlugin
2025-08-17 21:49:36,786 [INFO] IPUIPlugin:80 - create IPUIPlugin
2025-08-17 21:49:36,787 [INFO] IPUIPlugin:80 - create IPUIPlugin
2025-08-17 21:49:36,787 [INFO] IPUIPlugin:80 - create IPUIPlugin
2025-08-17 21:49:36,788 [INFO] IPUIPlugin:80 - create IPUIPlugin
2025-08-17 21:49:36,788 [INFO] IPUIPlugin:80 - create IPUIPlugin
2025-08-17 21:49:36,788 [INFO] IPUIPlugin:80 - create IPUIPlugin
2025-08-17 21:49:36,789 [INFO] IPUIPlugin:80 - create IPUIPlugin
2025-08-17 21:49:36,789 [INFO] IPUIPlugin:80 - create IPUIPlugin
2025-08-17 21:49:36,790 [INFO] IPUIPlugin:80 - create IPUIPlugin
2025-08-17 21:49:36,790 [INFO] IPUIPlugin:80 - create IPUIPlugin
2025-08-17 21:49:36,790 [INFO] IPUIPlugin:80 - create IPUIPlugin
2025-08-17 21:49:36,791 [INFO] IPUIPlugin:80 - create IPUIPlugin
2025-08-17 21:49:36,791 [INFO] IPUIPlugin:80 - create IPUIPlugin
2025-08-17 21:49:36,792 [INFO] IPUIPlugin:80 - create IPUIPlugin
2025-08-17 21:49:36,792 [INFO] IPUIPlugin:80 - create IPUIPlugin
2025-08-17 21:49:36,793 [INFO] IPUIPlugin:80 - create IPUIPlugin
2025-08-17 21:49:36,793 [INFO] IPUIPlugin:80 - create IPUIPlugin
2025-08-17 21:49:36,794 [INFO] IPUIPlugin:80 - create IPUIPlugin
2025-08-17 21:49:36,804 [INFO] ApiDbMcu:508 - Load IP Config File for PDM2PCM
2025-08-17 21:49:36,808 [WARN] IP:2250 - I2C_Coeff_DF not found: check if there is a RefParameter without a condition.
2025-08-17 21:49:36,808 [WARN] IP:2250 - Analog_Filter not found: check if there is a RefParameter without a condition.
2025-08-17 21:49:36,926 [INFO] CADModel:165 - CPN selected for project levelSTM32F401RET6
2025-08-17 21:49:36,927 [INFO] CADModel:114 - Register for checkConnection events
2025-08-17 21:49:37,002 [INFO] OpenFileManager:385 - Restore cursor
2025-08-17 21:49:37,358 [WARN] IP:2250 - I2C_Coeff_DF not found: check if there is a RefParameter without a condition.
2025-08-17 21:49:37,359 [WARN] IP:2250 - Analog_Filter not found: check if there is a RefParameter without a condition.
2025-08-17 21:49:37,359 [WARN] IP:2250 - I2C_Coeff_DF not found: check if there is a RefParameter without a condition.
2025-08-17 21:49:37,359 [WARN] IP:2250 - Analog_Filter not found: check if there is a RefParameter without a condition.
2025-08-17 21:58:05,889 [INFO] Activator:176 - 


2025-08-17 21:58:05,891 [INFO] Activator:177 - !SESSION log4j initialized
2025-08-17 21:58:13,550 [INFO] LogOutputStream:77 - [STDOUT_REDIRECT] 
2025-08-17 21:58:14,706 [INFO] ApplicationProperties:184 - Using Application install path: C:\ST\STM32CubeIDE_1.18.1\STM32CubeIDE\plugins\com.st.stm32cube.common.mx_6.14.1.202504091515
2025-08-17 21:58:14,749 [INFO] DbMcusXml:78 - Set database path to: C:\ST\STM32CubeIDE_1.18.1\STM32CubeIDE\plugins\com.st.stm32cube.common.mx_6.14.1.202504091515\\db\/mcu/
2025-08-17 21:58:14,749 [INFO] ApiDb:274 - Set plugin database path to: C:\ST\STM32CubeIDE_1.18.1\STM32CubeIDE\plugins\com.st.stm32cube.common.mx_6.14.1.202504091515\\db\/plugins/boardmanager/
2025-08-17 21:58:14,750 [WARN] ApiDb:259 - Overriding images path with different value:  => C:\ST\STM32CubeIDE_1.18.1\STM32CubeIDE\plugins\com.st.stm32cube.common.mx_6.14.1.202504091515\\db\/plugins/mcufinder/images/
2025-08-17 21:58:14,766 [INFO] ApiDb:250 - Set database path to: C:\Users\bhagy\.stmcufinder\plugins\mcufinder//mcu/
2025-08-17 21:58:14,769 [INFO] DbMcusAds:125 - Set database path to: C:\Users\bhagy\.stmcufinder\plugins\mcufinder//mcu/
2025-08-17 21:58:14,773 [INFO] CrossReferenceDbSqlite:203 - Set database path to: C:\Users\bhagy\.stmcufinder\plugins\mcufinder//mcu/cs/
2025-08-17 21:58:15,034 [INFO] RulesReader:64 - Compatibility file has been processed (302 Rules)
2025-08-17 21:58:15,169 [INFO] DbMcusXml:78 - Set database path to: C:\ST\STM32CubeIDE_1.18.1\STM32CubeIDE\plugins\com.st.stm32cube.common.mx_6.14.1.202504091515\\db\/mcu/
2025-08-17 21:58:15,170 [INFO] ApiDb:274 - Set plugin database path to: C:\ST\STM32CubeIDE_1.18.1\STM32CubeIDE\plugins\com.st.stm32cube.common.mx_6.14.1.202504091515\\db\/plugins/boardmanager/
2025-08-17 21:58:15,170 [INFO] ApiDb:261 - Set plugin images path to: C:\ST\STM32CubeIDE_1.18.1\STM32CubeIDE\plugins\com.st.stm32cube.common.mx_6.14.1.202504091515\\db\/plugins/mcufinder/images/
2025-08-17 21:58:15,170 [WARN] DbFile:41 - Overriding database path with different value: C:\Users\bhagy\.stmcufinder\plugins\mcufinder/ => C:\Users\bhagy\.stmcufinder\plugins\mcufinder
2025-08-17 21:58:15,170 [INFO] ApiDb:250 - Set database path to: C:\Users\bhagy\.stmcufinder\plugins\mcufinder//mcu/
2025-08-17 21:58:15,170 [WARN] DbFile:41 - Overriding database path with different value: C:\Users\bhagy\.stmcufinder\plugins\mcufinder/ => C:\Users\bhagy\.stmcufinder\plugins\mcufinder
2025-08-17 21:58:15,171 [INFO] DbMcusAds:125 - Set database path to: C:\Users\bhagy\.stmcufinder\plugins\mcufinder//mcu/
2025-08-17 21:58:15,171 [WARN] DbFile:41 - Overriding database path with different value: C:\Users\bhagy\.stmcufinder\plugins\mcufinder/ => C:\Users\bhagy\.stmcufinder\plugins\mcufinder
2025-08-17 21:58:15,171 [WARN] DbFile:41 - Overriding database path with different value: C:\Users\bhagy\.stmcufinder\plugins\mcufinder/ => C:\Users\bhagy\.stmcufinder\plugins\mcufinder
2025-08-17 21:58:15,171 [INFO] CrossReferenceDbSqlite:203 - Set database path to: C:\Users\bhagy\.stmcufinder\plugins\mcufinder//mcu/cs/
2025-08-17 21:58:15,282 [INFO] MainPanel:272 - HeapMemory: 268435456
2025-08-17 21:58:15,416 [INFO] DbMcusXml:78 - Set database path to: C:\ST\STM32CubeIDE_1.18.1\STM32CubeIDE\plugins\com.st.stm32cube.common.mx_6.14.1.202504091515\\db\/mcu/
2025-08-17 21:58:15,417 [INFO] ApiDb:274 - Set plugin database path to: C:\ST\STM32CubeIDE_1.18.1\STM32CubeIDE\plugins\com.st.stm32cube.common.mx_6.14.1.202504091515\\db\/plugins/boardmanager/
2025-08-17 21:58:15,417 [INFO] ApiDb:261 - Set plugin images path to: C:\ST\STM32CubeIDE_1.18.1\STM32CubeIDE\plugins\com.st.stm32cube.common.mx_6.14.1.202504091515\\db\/plugins/mcufinder/images/
2025-08-17 21:58:15,417 [WARN] DbFile:41 - Overriding database path with different value: C:\Users\bhagy\.stmcufinder\plugins\mcufinder/ => C:\Users\bhagy\.stmcufinder\plugins\mcufinder
2025-08-17 21:58:15,418 [INFO] ApiDb:250 - Set database path to: C:\Users\bhagy\.stmcufinder\plugins\mcufinder//mcu/
2025-08-17 21:58:15,418 [WARN] DbFile:41 - Overriding database path with different value: C:\Users\bhagy\.stmcufinder\plugins\mcufinder/ => C:\Users\bhagy\.stmcufinder\plugins\mcufinder
2025-08-17 21:58:15,418 [INFO] DbMcusAds:125 - Set database path to: C:\Users\bhagy\.stmcufinder\plugins\mcufinder//mcu/
2025-08-17 21:58:15,418 [WARN] DbFile:41 - Overriding database path with different value: C:\Users\bhagy\.stmcufinder\plugins\mcufinder/ => C:\Users\bhagy\.stmcufinder\plugins\mcufinder
2025-08-17 21:58:15,418 [WARN] DbFile:41 - Overriding database path with different value: C:\Users\bhagy\.stmcufinder\plugins\mcufinder/ => C:\Users\bhagy\.stmcufinder\plugins\mcufinder
2025-08-17 21:58:15,418 [INFO] CrossReferenceDbSqlite:203 - Set database path to: C:\Users\bhagy\.stmcufinder\plugins\mcufinder//mcu/cs/
2025-08-17 21:58:15,442 [INFO] ApplicationProperties:184 - Using Application install path: C:\ST\STM32CubeIDE_1.18.1\STM32CubeIDE\plugins\com.st.stm32cube.common.mx_6.14.1.202504091515
2025-08-17 21:58:15,443 [INFO] PluginManage:196 - Search for loadable plugins [exclusion list=, ]
2025-08-17 21:58:15,445 [INFO] PluginManage:310 - Check plugin analytics
2025-08-17 21:58:15,660 [INFO] AnalyticsPlugin:253 - Accepted Software Licenses: 
2025-08-17 21:58:15,660 [INFO] AnalyticsPlugin:255 - Accepted CMSIS Pack Licenses: STMicroelectronics.X-CUBE-AI.10.0.0
2025-08-17 21:58:15,661 [INFO] AnalyticsPlugin:257 - Accepted Firmware Licenses: FW.F4.1.27.0,FW.N6.1.0.0,FW.F4.1.28.0
2025-08-17 21:58:15,664 [INFO] PluginManage:359 - Loaded plugin analytics (category:tool,tabindex:-1)
2025-08-17 21:58:15,665 [INFO] PluginManage:310 - Check plugin cadmodel
2025-08-17 21:58:15,677 [INFO] CADModel:105 - Init CAD model plugin
2025-08-17 21:58:15,677 [INFO] PluginManage:359 - Loaded plugin cadmodel (category:power,tabindex:5)
2025-08-17 21:58:15,677 [INFO] PluginManage:310 - Check plugin clock
2025-08-17 21:58:15,691 [INFO] PluginManage:359 - Loaded plugin clock (category:base,tabindex:2)
2025-08-17 21:58:15,691 [INFO] PluginManage:310 - Check plugin ddr
2025-08-17 21:58:15,696 [INFO] PluginManage:359 - Loaded plugin ddr (category:tool,tabindex:6)
2025-08-17 21:58:15,696 [INFO] PluginManage:310 - Check plugin filemanager
2025-08-17 21:58:15,886 [INFO] PluginManage:359 - Loaded plugin filemanager (category:base,tabindex:10)
2025-08-17 21:58:15,886 [INFO] PluginManage:310 - Check plugin ipmanager
2025-08-17 21:58:15,899 [INFO] PluginManage:359 - Loaded plugin ipmanager (category:base,tabindex:5)
2025-08-17 21:58:15,899 [INFO] PluginManage:310 - Check plugin lpbam
2025-08-17 21:58:15,909 [INFO] PluginManage:359 - Loaded plugin lpbam (category:base,tabindex:0)
2025-08-17 21:58:15,909 [INFO] PluginManage:310 - Check plugin memorymap
2025-08-17 21:58:15,929 [INFO] PluginManage:359 - Loaded plugin memorymap (category:base,tabindex:4)
2025-08-17 21:58:15,929 [INFO] PluginManage:310 - Check plugin pinoutandconfiguration
2025-08-17 21:58:15,938 [INFO] PluginManage:359 - Loaded plugin pinoutandconfiguration (category:base,tabindex:1)
2025-08-17 21:58:15,939 [INFO] PluginManage:310 - Check plugin pinoutconfig
2025-08-17 21:58:16,050 [WARN] SupportedApi:132 - Cannot load RTOS API schema: s4s-elt-must-match.1: The content of 'definitions' must match (annotation?, (simpleType | complexType)?, (unique | key | keyref)*)). A problem was found starting at: attribute.
2025-08-17 21:58:16,194 [INFO] PluginManage:359 - Loaded plugin pinoutconfig (category:base,tabindex:0)
2025-08-17 21:58:16,195 [INFO] PluginManage:310 - Check plugin power
2025-08-17 21:58:16,203 [INFO] PluginManage:359 - Loaded plugin power (category:power,tabindex:4)
2025-08-17 21:58:16,204 [INFO] PluginManage:310 - Check plugin projectmanager
2025-08-17 21:58:16,221 [INFO] PluginManage:359 - Loaded plugin projectmanager (category:projectmanager,tabindex:4)
2025-08-17 21:58:16,221 [INFO] PluginManage:310 - Check plugin rif
2025-08-17 21:58:16,229 [INFO] PluginManage:359 - Loaded plugin rif (category:base,tabindex:3)
2025-08-17 21:58:16,230 [INFO] PluginManage:310 - Check plugin thirdparty
2025-08-17 21:58:16,400 [INFO] PluginManage:359 - Loaded plugin thirdparty (category:base,tabindex:-1)
2025-08-17 21:58:16,400 [INFO] PluginManage:310 - Check plugin tools
2025-08-17 21:58:16,400 [WARN] IntegrityCheckThread:84 - waiting for thirdparty lock release [integrity check]
2025-08-17 21:58:16,400 [INFO] IntegrityCheckThread:86 - entering critical section [integrity check]
2025-08-17 21:58:16,401 [INFO] ThirdPartyUpdaterWithRetryManager:70 - Updater plugin not ready yet. [1/15]
2025-08-17 21:58:16,403 [INFO] PluginManage:359 - Loaded plugin tools (category:base,tabindex:7)
2025-08-17 21:58:16,403 [INFO] PluginManage:310 - Check plugin tutovideos
2025-08-17 21:58:16,615 [INFO] PluginManage:359 - Loaded plugin tutovideos (category:base,tabindex:-1)
2025-08-17 21:58:16,616 [INFO] PluginManage:310 - Check plugin updater
2025-08-17 21:58:16,641 [INFO] PluginManage:359 - Loaded plugin updater (category:base,tabindex:12)
2025-08-17 21:58:16,641 [INFO] PluginManage:310 - Check plugin userauth
2025-08-17 21:58:16,646 [INFO] UserAuth:118 - Init User Auth plugin
2025-08-17 21:58:16,647 [INFO] PluginManage:359 - Loaded plugin userauth (category:base,tabindex:14)
2025-08-17 21:58:16,647 [INFO] PluginManage:283 - PluginManage : Loaded plugins [18]
2025-08-17 21:58:16,917 [INFO] PinOutPanel:1589 - setPackage(No Configuration,No Configuration)
2025-08-17 21:58:17,024 [INFO] CADModel:165 - CPN selected for project level
2025-08-17 21:58:17,024 [INFO] CADModel:114 - Register for checkConnection events
2025-08-17 21:58:17,044 [INFO] IPUIPlugin:80 - create IPUIPlugin
2025-08-17 21:58:17,045 [INFO] PluginManager:220 - loadIPPluginJar : add adc
2025-08-17 21:58:17,049 [INFO] IPUIPlugin:80 - create IPUIPlugin
2025-08-17 21:58:17,049 [INFO] PluginManager:220 - loadIPPluginJar : add aes
2025-08-17 21:58:17,052 [INFO] IPUIPlugin:80 - create IPUIPlugin
2025-08-17 21:58:17,052 [INFO] PluginManager:220 - loadIPPluginJar : add can
2025-08-17 21:58:17,055 [INFO] IPUIPlugin:80 - create IPUIPlugin
2025-08-17 21:58:17,055 [INFO] PluginManager:220 - loadIPPluginJar : add comp
2025-08-17 21:58:17,060 [INFO] IPUIPlugin:80 - create IPUIPlugin
2025-08-17 21:58:17,060 [INFO] PluginManager:220 - loadIPPluginJar : add cryp
2025-08-17 21:58:17,064 [INFO] IPUIPlugin:80 - create IPUIPlugin
2025-08-17 21:58:17,064 [INFO] PluginManager:220 - loadIPPluginJar : add ddr_ctrl_phy
2025-08-17 21:58:17,067 [INFO] IPUIPlugin:80 - create IPUIPlugin
2025-08-17 21:58:17,067 [INFO] PluginManager:220 - loadIPPluginJar : add dfsdm
2025-08-17 21:58:17,074 [INFO] IPUIPlugin:80 - create IPUIPlugin
2025-08-17 21:58:17,076 [INFO] PluginManager:220 - loadIPPluginJar : add dma
2025-08-17 21:58:17,080 [INFO] IPUIPlugin:80 - create IPUIPlugin
2025-08-17 21:58:17,080 [INFO] PluginManager:220 - loadIPPluginJar : add dma3
2025-08-17 21:58:17,084 [INFO] IPUIPlugin:80 - create IPUIPlugin
2025-08-17 21:58:17,084 [INFO] PluginManager:220 - loadIPPluginJar : add extmemmanager
2025-08-17 21:58:17,086 [INFO] IPUIPlugin:80 - create IPUIPlugin
2025-08-17 21:58:17,086 [INFO] PluginManager:220 - loadIPPluginJar : add fatfs
2025-08-17 21:58:17,091 [INFO] IPUIPlugin:80 - create IPUIPlugin
2025-08-17 21:58:17,091 [INFO] PluginManager:220 - loadIPPluginJar : add fmc
2025-08-17 21:58:17,098 [INFO] IPUIPlugin:80 - create IPUIPlugin
2025-08-17 21:58:17,098 [INFO] PluginManager:220 - loadIPPluginJar : add freertos
2025-08-17 21:58:17,101 [INFO] IPUIPlugin:80 - create IPUIPlugin
2025-08-17 21:58:17,101 [INFO] PluginManager:220 - loadIPPluginJar : add genericplugin
2025-08-17 21:58:17,104 [INFO] IPUIPlugin:80 - create IPUIPlugin
2025-08-17 21:58:17,104 [INFO] PluginManager:220 - loadIPPluginJar : add gfxmmu
2025-08-17 21:58:17,109 [INFO] IPUIPlugin:80 - create IPUIPlugin
2025-08-17 21:58:17,109 [INFO] PluginManager:220 - loadIPPluginJar : add gic
2025-08-17 21:58:17,114 [INFO] IPUIPlugin:80 - create IPUIPlugin
2025-08-17 21:58:17,114 [INFO] PluginManager:220 - loadIPPluginJar : add gpio
2025-08-17 21:58:17,118 [INFO] IPUIPlugin:80 - create IPUIPlugin
2025-08-17 21:58:17,118 [INFO] PluginManager:220 - loadIPPluginJar : add gtzc
2025-08-17 21:58:17,121 [INFO] IPUIPlugin:80 - create IPUIPlugin
2025-08-17 21:58:17,121 [INFO] PluginManager:220 - loadIPPluginJar : add hash
2025-08-17 21:58:17,124 [INFO] IPUIPlugin:80 - create IPUIPlugin
2025-08-17 21:58:17,124 [INFO] PluginManager:220 - loadIPPluginJar : add i2c
2025-08-17 21:58:17,128 [INFO] IPUIPlugin:80 - create IPUIPlugin
2025-08-17 21:58:17,128 [INFO] PluginManager:220 - loadIPPluginJar : add i2s
2025-08-17 21:58:17,132 [INFO] IPUIPlugin:80 - create IPUIPlugin
2025-08-17 21:58:17,132 [INFO] PluginManager:220 - loadIPPluginJar : add i3c
2025-08-17 21:58:17,136 [INFO] IPUIPlugin:80 - create IPUIPlugin
2025-08-17 21:58:17,136 [INFO] PluginManager:220 - loadIPPluginJar : add ipddr
2025-08-17 21:58:17,145 [INFO] IPUIPlugin:80 - create IPUIPlugin
2025-08-17 21:58:17,145 [INFO] PluginManager:220 - loadIPPluginJar : add linkedlist
2025-08-17 21:58:17,148 [INFO] IPUIPlugin:80 - create IPUIPlugin
2025-08-17 21:58:17,149 [INFO] PluginManager:220 - loadIPPluginJar : add lorawan
2025-08-17 21:58:17,151 [INFO] IPUIPlugin:80 - create IPUIPlugin
2025-08-17 21:58:17,152 [INFO] PluginManager:220 - loadIPPluginJar : add ltdc
2025-08-17 21:58:17,158 [INFO] IPUIPlugin:80 - create IPUIPlugin
2025-08-17 21:58:17,159 [INFO] PluginManager:220 - loadIPPluginJar : add mdma
2025-08-17 21:58:17,163 [INFO] IPUIPlugin:80 - create IPUIPlugin
2025-08-17 21:58:17,163 [INFO] PluginManager:220 - loadIPPluginJar : add nvic
2025-08-17 21:58:17,167 [INFO] IPUIPlugin:80 - create IPUIPlugin
2025-08-17 21:58:17,167 [INFO] PluginManager:220 - loadIPPluginJar : add opamp
2025-08-17 21:58:17,172 [INFO] IPUIPlugin:80 - create IPUIPlugin
2025-08-17 21:58:17,172 [INFO] PluginManager:220 - loadIPPluginJar : add openamp
2025-08-17 21:58:17,176 [INFO] IPUIPlugin:80 - create IPUIPlugin
2025-08-17 21:58:17,176 [INFO] PluginManager:220 - loadIPPluginJar : add pdm2pcm
2025-08-17 21:58:17,184 [INFO] IPUIPlugin:80 - create IPUIPlugin
2025-08-17 21:58:17,187 [INFO] PluginManager:220 - loadIPPluginJar : add plateformsettings
2025-08-17 21:58:17,190 [INFO] IPUIPlugin:80 - create IPUIPlugin
2025-08-17 21:58:17,190 [INFO] PluginManager:220 - loadIPPluginJar : add quadspi
2025-08-17 21:58:17,191 [INFO] IPUIPlugin:80 - create IPUIPlugin
2025-08-17 21:58:17,192 [INFO] PluginManager:220 - loadIPPluginJar : add radio
2025-08-17 21:58:17,196 [INFO] IPUIPlugin:80 - create IPUIPlugin
2025-08-17 21:58:17,196 [INFO] PluginManager:220 - loadIPPluginJar : add resmgrutility
2025-08-17 21:58:17,200 [INFO] IPUIPlugin:80 - create IPUIPlugin
2025-08-17 21:58:17,200 [INFO] PluginManager:220 - loadIPPluginJar : add sai
2025-08-17 21:58:17,205 [INFO] IPUIPlugin:80 - create IPUIPlugin
2025-08-17 21:58:17,205 [INFO] PluginManager:220 - loadIPPluginJar : add spi
2025-08-17 21:58:17,212 [INFO] IPUIPlugin:80 - create IPUIPlugin
2025-08-17 21:58:17,212 [INFO] PluginManager:220 - loadIPPluginJar : add stm32_wpan
2025-08-17 21:58:17,215 [INFO] IPUIPlugin:80 - create IPUIPlugin
2025-08-17 21:58:17,215 [INFO] PluginManager:220 - loadIPPluginJar : add tim
2025-08-17 21:58:17,219 [INFO] IPUIPlugin:80 - create IPUIPlugin
2025-08-17 21:58:17,220 [INFO] PluginManager:220 - loadIPPluginJar : add touchsensing
2025-08-17 21:58:17,222 [INFO] IPUIPlugin:80 - create IPUIPlugin
2025-08-17 21:58:17,222 [INFO] PluginManager:220 - loadIPPluginJar : add tracer_emb
2025-08-17 21:58:17,225 [INFO] IPUIPlugin:80 - create IPUIPlugin
2025-08-17 21:58:17,225 [INFO] PluginManager:220 - loadIPPluginJar : add ts
2025-08-17 21:58:17,227 [INFO] IPUIPlugin:80 - create IPUIPlugin
2025-08-17 21:58:17,227 [INFO] PluginManager:220 - loadIPPluginJar : add tsc
2025-08-17 21:58:17,230 [INFO] IPUIPlugin:80 - create IPUIPlugin
2025-08-17 21:58:17,230 [INFO] PluginManager:220 - loadIPPluginJar : add ucpd
2025-08-17 21:58:17,233 [INFO] IPUIPlugin:80 - create IPUIPlugin
2025-08-17 21:58:17,234 [INFO] PluginManager:220 - loadIPPluginJar : add usart
2025-08-17 21:58:17,237 [INFO] IPUIPlugin:80 - create IPUIPlugin
2025-08-17 21:58:17,237 [INFO] PluginManager:220 - loadIPPluginJar : add usbx
2025-08-17 21:58:17,376 [FATAL] Updater:351 - Updater called before beeing initialized
2025-08-17 21:58:17,411 [INFO] RulesReader:64 - Compatibility file has been processed (302 Rules)
2025-08-17 21:58:17,424 [INFO] RulesReader:64 - Compatibility file has been processed (302 Rules)
2025-08-17 21:58:17,448 [INFO] CADModel:165 - CPN selected for project level
2025-08-17 21:58:17,448 [INFO] CADModel:114 - Register for checkConnection events
2025-08-17 21:58:17,448 [FATAL] Updater:351 - Updater called before beeing initialized
2025-08-17 21:58:17,448 [ERROR] CADModel:125 - Updater not yet initialized, retry later 
2025-08-17 21:58:17,637 [FATAL] Updater:351 - Updater called before beeing initialized
2025-08-17 21:58:17,639 [INFO] CADModel:165 - CPN selected for project level
2025-08-17 21:58:17,640 [INFO] CADModel:114 - Register for checkConnection events
2025-08-17 21:58:17,640 [FATAL] Updater:351 - Updater called before beeing initialized
2025-08-17 21:58:17,640 [ERROR] CADModel:125 - Updater not yet initialized, retry later 
2025-08-17 21:58:17,644 [FATAL] Updater:351 - Updater called before beeing initialized
2025-08-17 21:58:17,815 [FATAL] Updater:351 - Updater called before beeing initialized
2025-08-17 21:58:17,821 [INFO] DbMcusAds:53 - JSON generation date=Tue Jul 08 03:14:23 CDT 2025 (1751962463582)
2025-08-17 21:58:17,821 [FATAL] Updater:351 - Updater called before beeing initialized
2025-08-17 21:58:17,867 [WARN] DetailPanel:346 - Failed to get advertising image, set to default
2025-08-17 21:58:18,151 [FATAL] Updater:351 - Updater called before beeing initialized
2025-08-17 21:58:18,153 [FATAL] Updater:351 - Updater called before beeing initialized
2025-08-17 21:58:18,153 [FATAL] Updater:351 - Updater called before beeing initialized
2025-08-17 21:58:18,153 [WARN] DetailPanel:346 - Failed to get advertising image, set to default
2025-08-17 21:58:18,154 [FATAL] Updater:351 - Updater called before beeing initialized
2025-08-17 21:58:18,212 [ERROR] Updater:1198 - MainUpdater not yet initialized. External WinMGr cannot be set.
2025-08-17 21:58:18,214 [INFO] Updater:1134 - Updater Version found : 6.14.1
2025-08-17 21:58:18,231 [INFO] ApplicationProperties:184 - Using Application install path: C:\ST\STM32CubeIDE_1.18.1\STM32CubeIDE\plugins\com.st.stm32cube.common.mx_6.14.1.202504091515
2025-08-17 21:58:18,687 [INFO] MainUpdater:2872 - connection check result : 10
2025-08-17 21:58:18,688 [INFO] MainUpdater:289 - Updater Check For Update Now.
2025-08-17 21:58:18,688 [INFO] MicroXplorer:498 - Change Database Version : DB.6.0.141
2025-08-17 21:58:18,695 [INFO] McuFinderGlobals:63 - Set McuFinder mode to 2 (CubeIDE integrated)
2025-08-17 21:58:18,696 [INFO] UserAuth:171 - activating auth plugin
2025-08-17 21:58:18,699 [INFO] UserAuth:484 - Internet connection configuration mode: 1
2025-08-17 21:58:18,749 [INFO] JxBrowserEngine:152 - Initiate JxBrowser Engine with user profile folder
2025-08-17 21:58:18,914 [INFO] CheckServerUpdateThread:120 - End of CheckServer Thread
2025-08-17 21:58:19,981 [INFO] WebApp:169 - Instantiating new browser for Auth
2025-08-17 21:58:20,143 [WARN] PackLoader:240 - Cannot read IP mode file for STMicroelectronics.FP-SNS-MOTENVWB1.1.4.0
2025-08-17 21:58:20,161 [WARN] PackLoader:240 - Cannot read IP mode file for STMicroelectronics.FP-ATR-ASTRA1.2.0.2
2025-08-17 21:58:20,170 [WARN] PackLoader:240 - Cannot read IP mode file for STMicroelectronics.FP-ATR-ASTRA1.2.0.1
2025-08-17 21:58:20,186 [WARN] PackLoader:240 - Cannot read IP mode file for STMicroelectronics.X-CUBE-SMBUS.2.1.0
2025-08-17 21:58:20,216 [WARN] PackLoader:240 - Cannot read IP mode file for STMicroelectronics.X-CUBE-WB05N.1.1.0
2025-08-17 21:58:20,232 [WARN] PackLoader:240 - Cannot read IP mode file for STMicroelectronics.X-CUBE-ST60.1.0.0
2025-08-17 21:58:20,245 [WARN] PackLoader:240 - Cannot read IP mode file for STMicroelectronics.X-CUBE-TOUCHGFX.4.23.1
2025-08-17 21:58:20,251 [WARN] PackLoader:240 - Cannot read IP mode file for STMicroelectronics.X-CUBE-TOUCHGFX.4.23.2
2025-08-17 21:58:20,306 [WARN] PackLoader:240 - Cannot read IP mode file for STMicroelectronics.X-CUBE-AZRTOS-F7.1.1.0
2025-08-17 21:58:20,322 [ERROR] RealEvaluatedCondition:428 - Found unsupported composite condition: CLASS='Data Exchange' GROUP='STM32_MetaDataManager'
2025-08-17 21:58:20,322 [ERROR] RealEvaluatedCondition:428 - Found unsupported composite condition: CLASS='Data Exchange' GROUP='STM32_MetaDataManager'
2025-08-17 21:58:20,324 [WARN] PackLoader:240 - Cannot read IP mode file for STMicroelectronics.FP-SNS-MOTENV1.4.3.0
2025-08-17 21:58:20,338 [WARN] PackLoader:240 - Cannot read IP mode file for STMicroelectronics.FP-SNS-MOTENV1.4.3.2
2025-08-17 21:58:20,349 [WARN] PackLoader:240 - Cannot read IP mode file for STMicroelectronics.FP-SNS-FLIGHT1.5.0.0
2025-08-17 21:58:20,444 [WARN] PackLoader:240 - Cannot read IP mode file for STMicroelectronics.X-CUBE-MEMS1.11.0.0
2025-08-17 21:58:20,757 [WARN] PackLoader:240 - Cannot read IP mode file for STMicroelectronics.X-CUBE-BLE1.6.2.4
2025-08-17 21:58:20,769 [WARN] PackLoader:240 - Cannot read IP mode file for STMicroelectronics.FP-SNS-FLIGHT1.5.0.2
2025-08-17 21:58:20,821 [WARN] PackLoader:240 - Cannot read IP mode file for Infineon.AIROC-Wi-Fi-Bluetooth-STM32.1.7.0
2025-08-17 21:58:20,879 [WARN] PackLoader:240 - Cannot read IP mode file for STMicroelectronics.X-CUBE-AZRTOS-H7.3.4.0
2025-08-17 21:58:20,909 [WARN] PackLoader:240 - Cannot read IP mode file for STMicroelectronics.X-CUBE-DISPLAY.3.0.0
2025-08-17 21:58:20,930 [WARN] PackLoader:240 - Cannot read IP mode file for STMicroelectronics.X-CUBE-BLE1.7.0.0
2025-08-17 21:58:20,951 [WARN] PackLoader:240 - Cannot read IP mode file for STMicroelectronics.X-CUBE-NFC10.1.0.0
2025-08-17 21:58:20,985 [WARN] PackLoader:240 - Cannot read IP mode file for STMicroelectronics.X-CUBE-BLEMGR.4.0.0
2025-08-17 21:58:21,005 [WARN] PackLoader:240 - Cannot read IP mode file for emotas.I-CUBE-CANOPEN.1.3.0
2025-08-17 21:58:21,025 [WARN] PackLoader:240 - Cannot read IP mode file for STMicroelectronics.X-CUBE-TOUCHGFX.4.22.0
2025-08-17 21:58:21,033 [WARN] PackLoader:240 - Cannot read IP mode file for STMicroelectronics.X-CUBE-TOUCHGFX.4.22.1
2025-08-17 21:58:21,054 [WARN] PackLoader:240 - Cannot read IP mode file for STMicroelectronics.X-CUBE-BLEMGR.3.1.0
2025-08-17 21:58:21,074 [WARN] PackLoader:240 - Cannot read IP mode file for STMicroelectronics.X-CUBE-AI.10.0.0
2025-08-17 21:58:21,083 [ERROR] Engine:466 - C:\Users\bhagy\.stm32cubemx\thirdparties\pdsc\STMicroelectronics.FP-SNS-STBOX1.2.1.0.pdsc: PDSC version is not supported
2025-08-17 21:58:21,104 [WARN] PackLoader:240 - Cannot read IP mode file for STMicroelectronics.FP-SNS-SMARTAG2.1.2.0
2025-08-17 21:58:21,118 [WARN] PackLoader:240 - Cannot read IP mode file for STMicroelectronics.FP-SNS-FLIGHT1.5.1.0
2025-08-17 21:58:21,227 [WARN] PackLoader:240 - Cannot read IP mode file for STMicroelectronics.X-CUBE-MEMS1.11.1.0
2025-08-17 21:58:21,511 [INFO] LogOutputStream:77 - [STDOUT_REDIRECT] 1 : Invalid condition id : UX_CORESTACK_Condition cause : null
2025-08-17 21:58:21,512 [INFO] LogOutputStream:77 - [STDOUT_REDIRECT] 1 : Invalid condition id : UX_CORESTACK_Condition cause : null
2025-08-17 21:58:21,513 [INFO] LogOutputStream:77 - [STDOUT_REDIRECT] 1 : Invalid condition id : UX_CORESTACK_Condition cause : null
2025-08-17 21:58:21,515 [INFO] LogOutputStream:77 - [STDOUT_REDIRECT] 1 : Invalid condition id : UX_CORESTACK_Condition cause : null
2025-08-17 21:58:21,517 [INFO] LogOutputStream:77 - [STDOUT_REDIRECT] 1 : Invalid condition id : UX_CORESTACK_Condition cause : null
2025-08-17 21:58:21,522 [WARN] PackLoader:240 - Cannot read IP mode file for STMicroelectronics.X-CUBE-AZRTOS-WL.2.0.0
2025-08-17 21:58:21,529 [WARN] PackLoader:240 - Cannot read IP mode file for STMicroelectronics.FP-SNS-MOTENV1.5.0.0
2025-08-17 21:58:21,538 [WARN] PackLoader:240 - Cannot read IP mode file for wolfSSL.I-CUBE-wolfMQTT.1.19.0
2025-08-17 21:58:21,548 [WARN] PackLoader:240 - Cannot read IP mode file for WES.I-CUBE-Cesium.1.3.0
2025-08-17 21:58:21,557 [WARN] PackLoader:240 - Cannot read IP mode file for STMicroelectronics.X-CUBE-BLE2.3.3.0
2025-08-17 21:58:21,567 [WARN] PackLoader:240 - Cannot read IP mode file for STMicroelectronics.X-CUBE-NFC9.1.0.0
2025-08-17 21:58:21,577 [WARN] PackLoader:240 - Cannot read IP mode file for STMicroelectronics.X-CUBE-BLE1.7.1.0
2025-08-17 21:58:21,593 [WARN] PackLoader:240 - Cannot read IP mode file for STMicroelectronics.X-CUBE-TCPP.4.1.0
2025-08-17 21:58:21,602 [WARN] PackLoader:240 - Cannot read IP mode file for STMicroelectronics.X-CUBE-EEPRMA1.5.2.0
2025-08-17 21:58:21,607 [WARN] PackLoader:240 - Cannot read IP mode file for STMicroelectronics.X-CUBE-TOUCHGFX.4.21.3
2025-08-17 21:58:21,612 [WARN] PackLoader:240 - Cannot read IP mode file for STMicroelectronics.X-CUBE-TOUCHGFX.4.21.4
2025-08-17 21:58:21,617 [WARN] PackLoader:240 - Cannot read IP mode file for STMicroelectronics.X-CUBE-AI.10.1.0
2025-08-17 21:58:21,628 [WARN] PackLoader:240 - Cannot read IP mode file for STMicroelectronics.X-CUBE-ALGOBUILD.1.3.0
2025-08-17 21:58:21,705 [WARN] PackLoader:240 - Cannot read IP mode file for STMicroelectronics.X-CUBE-MEMS1.11.2.0
2025-08-17 21:58:21,948 [WARN] PackLoader:240 - Cannot read IP mode file for STMicroelectronics.X-CUBE-AZRTOS-G0.1.1.0
2025-08-17 21:58:21,967 [WARN] PackLoader:240 - Cannot read IP mode file for STMicroelectronics.X-CUBE-SAFEA1.1.2.2
2025-08-17 21:58:21,986 [WARN] PackLoader:240 - Cannot read IP mode file for STMicroelectronics.X-CUBE-NFC4.3.0.0
2025-08-17 21:58:22,011 [WARN] PackLoader:240 - Cannot read IP mode file for EmbeddedOffice.I-CUBE-FS-RTOS.1.0.1
2025-08-17 21:58:22,025 [WARN] PackLoader:240 - Cannot read IP mode file for STMicroelectronics.X-CUBE-WB05N.2.0.0
2025-08-17 21:58:22,047 [WARN] PackLoader:240 - Cannot read IP mode file for STMicroelectronics.X-CUBE-TCPP.4.2.0
2025-08-17 21:58:22,063 [WARN] PackLoader:240 - Cannot read IP mode file for RealThread.X-CUBE-RT-Thread_Nano.4.1.1
2025-08-17 21:58:22,076 [WARN] PackLoader:240 - Cannot read IP mode file for STMicroelectronics.FP-ATR-SIGFOX1.3.2.0
2025-08-17 21:58:22,088 [WARN] ConditionMgr:438 - getConditionDescription Invalid condition id : Cortex-A Device cause : null
2025-08-17 21:58:22,124 [WARN] ConditionMgr:1044 - genDependencies : Invalid condition id : Cortex-A Device cause : null
2025-08-17 21:58:22,124 [WARN] ConditionMgr:1044 - genDependencies : Invalid condition id : Cortex-A Device cause : null
2025-08-17 21:58:22,125 [WARN] ConditionMgr:1044 - genDependencies : Invalid condition id : Cortex-A Device cause : null
2025-08-17 21:58:22,141 [WARN] PackLoader:240 - Cannot read IP mode file for STMicroelectronics.X-CUBE-EEPRMA1.5.1.0
2025-08-17 21:58:22,153 [WARN] PackLoader:240 - Cannot read IP mode file for wolfSSL.I-CUBE-wolfSSL.5.7.6
2025-08-17 21:58:22,158 [INFO] WebApp:463 - Apply proxy settings
2025-08-17 21:58:22,159 [INFO] WebApp:548 - Chromium requires no authentication
2025-08-17 21:58:22,173 [WARN] PackLoader:240 - Cannot read IP mode file for ITTIA_DB.I-CUBE-ITTIADB.8.9.0
2025-08-17 21:58:22,179 [INFO] WebApp:491 - Direct internet connection detected
2025-08-17 21:58:22,247 [WARN] PackLoader:240 - Cannot read IP mode file for STMicroelectronics.X-CUBE-MEMS1.9.5.0
2025-08-17 21:58:22,260 [INFO] WebApp:894 - Register for checkConnection events
2025-08-17 21:58:22,260 [INFO] WebApp:463 - Apply proxy settings
2025-08-17 21:58:22,260 [INFO] WebApp:548 - Chromium requires no authentication
2025-08-17 21:58:22,261 [INFO] WebApp:491 - Direct internet connection detected
2025-08-17 21:58:22,432 [WARN] PackLoader:240 - Cannot read IP mode file for STMicroelectronics.X-CUBE-ST67W61.1.0.0
2025-08-17 21:58:22,438 [WARN] PackLoader:240 - Cannot read IP mode file for STMicroelectronics.X-CUBE-AI.10.2.0
2025-08-17 21:58:22,486 [WARN] PackLoader:240 - Cannot read IP mode file for SEGGER.I-CUBE-embOS.1.3.1
2025-08-17 21:58:22,619 [WARN] PackLoader:240 - Cannot read IP mode file for STMicroelectronics.X-CUBE-ALGOBUILD.1.4.0
2025-08-17 21:58:22,691 [INFO] WebApp:191 - Connection restablished
2025-08-17 21:58:22,776 [WARN] PackLoader:240 - Cannot read IP mode file for STMicroelectronics.X-CUBE-MEMS1.11.3.0
2025-08-17 21:58:22,979 [WARN] PackLoader:240 - Cannot read IP mode file for STMicroelectronics.X-CUBE-AI.9.1.0
2025-08-17 21:58:23,011 [WARN] PackLoader:240 - Cannot read IP mode file for STMicroelectronics.X-CUBE-PM33A1.1.0.0
2025-08-17 21:58:23,073 [WARN] PackLoader:240 - Cannot read IP mode file for STMicroelectronics.X-CUBE-GNSS1.6.0.0
2025-08-17 21:58:23,125 [WARN] PackLoader:240 - Cannot read IP mode file for STMicroelectronics.X-CUBE-AZRTOS-F4.1.1.0
2025-08-17 21:58:23,157 [WARN] PackLoader:240 - Cannot read IP mode file for Avnet-IotConnect.X-CUBE-IoTC-DA16k-PMOD.1.0.0
2025-08-17 21:58:23,169 [WARN] PackLoader:240 - Cannot read IP mode file for wolfSSL.I-CUBE-wolfSSL.5.6.0
2025-08-17 21:58:23,197 [WARN] PackLoader:240 - Cannot read IP mode file for STMicroelectronics.X-CUBE-ISPU.2.1.0
2025-08-17 21:58:23,215 [WARN] PackLoader:240 - Cannot read IP mode file for STMicroelectronics.X-CUBE-FREERTOS.1.2.0
2025-08-17 21:58:23,257 [WARN] PackLoader:240 - Cannot read IP mode file for STMicroelectronics.X-CUBE-NFC12.1.0.0
2025-08-17 21:58:23,309 [WARN] PackLoader:240 - Cannot read IP mode file for STMicroelectronics.X-CUBE-AZRTOS-L5.2.0.0
2025-08-17 21:58:23,381 [WARN] PackLoader:240 - Cannot read IP mode file for STMicroelectronics.X-CUBE-MEMS1.9.6.0
2025-08-17 21:58:23,464 [INFO] WebApp:225 - Starting web application
2025-08-17 21:58:23,465 [INFO] WebApp:593 - Web application path used C:\ST\STM32CubeIDE_1.18.1\STM32CubeIDE\plugins\com.st.stm32cube.common.mx_6.14.1.202504091515\db\plugins\mcufinder\reactClient1\index.html
2025-08-17 21:58:23,585 [WARN] PackLoader:240 - Cannot read IP mode file for STMicroelectronics.X-CUBE-NFC6.3.1.0
2025-08-17 21:58:23,595 [WARN] PackLoader:240 - Cannot read IP mode file for ITTIA_DB.I-CUBE-ITTIADB.8.8.0
2025-08-17 21:58:23,606 [WARN] PackLoader:240 - Cannot read IP mode file for emotas.I-CUBE-CANOPEN.1.1.3
2025-08-17 21:58:23,621 [WARN] PackLoader:240 - Cannot read IP mode file for STMicroelectronics.X-CUBE-BLEMGR.2.0.0
2025-08-17 21:58:23,633 [WARN] PackLoader:240 - Cannot read IP mode file for STMicroelectronics.X-CUBE-DPower.1.2.0
2025-08-17 21:58:23,644 [WARN] PackLoader:240 - Cannot read IP mode file for STMicroelectronics.X-CUBE-AI.9.0.0
2025-08-17 21:58:23,687 [WARN] ConditionMgr:438 - getConditionDescription Invalid condition id : UX DEVICE CLASS RTOS Condition cause : null
2025-08-17 21:58:23,687 [WARN] ConditionMgr:438 - getConditionDescription Invalid condition id : UX DEVICE CLASS RTOS Condition cause : null
2025-08-17 21:58:23,692 [WARN] PackLoader:240 - Cannot read IP mode file for STMicroelectronics.X-CUBE-AZRTOS-H7.3.1.0
2025-08-17 21:58:23,694 [WARN] ConditionMgr:1044 - genDependencies : Invalid condition id : UX DEVICE CLASS RTOS Condition cause : null
2025-08-17 21:58:23,695 [WARN] ConditionMgr:1044 - genDependencies : Invalid condition id : UX DEVICE CLASS RTOS Condition cause : null
2025-08-17 21:58:23,696 [WARN] ConditionMgr:1044 - genDependencies : Invalid condition id : UX DEVICE CLASS RTOS Condition cause : null
2025-08-17 21:58:23,697 [WARN] ConditionMgr:1044 - genDependencies : Invalid condition id : UX DEVICE CLASS RTOS Condition cause : null
2025-08-17 21:58:23,697 [WARN] ConditionMgr:1044 - genDependencies : Invalid condition id : UX DEVICE CLASS RTOS Condition cause : null
2025-08-17 21:58:23,710 [WARN] PackLoader:240 - Cannot read IP mode file for STMicroelectronics.X-CUBE-FREERTOS.1.3.1
2025-08-17 21:58:23,719 [WARN] PackLoader:240 - Cannot read IP mode file for STMicroelectronics.X-CUBE-FREERTOS.1.3.0
2025-08-17 21:58:23,730 [WARN] PackLoader:240 - Cannot read IP mode file for STMicroelectronics.X-CUBE-NFC7.1.0.1
2025-08-17 21:58:23,738 [WARN] PackLoader:240 - Cannot read IP mode file for STMicroelectronics.X-CUBE-NFC7.1.0.0
2025-08-17 21:58:23,747 [WARN] PackLoader:240 - Cannot read IP mode file for wolfSSL.I-CUBE-wolfTPM.3.2.0
2025-08-17 21:58:23,758 [WARN] PackLoader:240 - Cannot read IP mode file for STMicroelectronics.X-CUBE-NFC6.3.0.0
2025-08-17 21:58:23,768 [WARN] PackLoader:240 - Cannot read IP mode file for STMicroelectronics.X-CUBE-EEPRMA1.4.1.0
2025-08-17 21:58:23,789 [WARN] PackLoader:240 - Cannot read IP mode file for STMicroelectronics.FP-SNS-STAIOTCFT.1.0.0
2025-08-17 21:58:23,802 [WARN] PackLoader:240 - Cannot read IP mode file for STMicroelectronics.X-CUBE-DPower.1.3.0
2025-08-17 21:58:23,813 [WARN] PackLoader:240 - Cannot read IP mode file for STMicroelectronics.X-CUBE-AI.8.1.0
2025-08-17 21:58:23,848 [WARN] ConditionMgr:438 - getConditionDescription Invalid condition id : LAN8742 Phy interface Condition cause : null
2025-08-17 21:58:23,849 [WARN] PackLoader:240 - Cannot read IP mode file for STMicroelectronics.X-CUBE-AZRTOS-L4.2.0.0
2025-08-17 21:58:23,851 [WARN] ConditionMgr:1044 - genDependencies : Invalid condition id : LAN8742 Phy interface Condition cause : null
2025-08-17 21:58:23,851 [WARN] ConditionMgr:1044 - genDependencies : Invalid condition id : LAN8742 Phy interface Condition cause : null
2025-08-17 21:58:23,852 [WARN] ConditionMgr:1044 - genDependencies : Invalid condition id : LAN8742 Phy interface Condition cause : null
2025-08-17 21:58:23,866 [WARN] PackLoader:240 - Cannot read IP mode file for STMicroelectronics.X-CUBE-SFXS2LP1.4.0.0
2025-08-17 21:58:23,910 [WARN] PackLoader:240 - Cannot read IP mode file for STMicroelectronics.X-CUBE-AZRTOS-H7.3.0.0
2025-08-17 21:58:23,922 [WARN] PackLoader:240 - Cannot read IP mode file for STMicroelectronics.X-CUBE-ISPU.1.1.0
2025-08-17 21:58:23,961 [WARN] PackLoader:240 - Cannot read IP mode file for STMicroelectronics.X-CUBE-AZRTOS-H7.3.3.0
2025-08-17 21:58:23,979 [WARN] PackLoader:240 - Cannot read IP mode file for RoweBots.I-CUBE-UNISONRTOS.5.5.0-4
2025-08-17 21:58:24,005 [WARN] PackLoader:240 - Cannot read IP mode file for STMicroelectronics.X-CUBE-BLEMGR.4.1.0
2025-08-17 21:58:24,018 [WARN] PackLoader:240 - Cannot read IP mode file for STMicroelectronics.X-CUBE-AI.8.0.0
2025-08-17 21:58:24,043 [WARN] PackLoader:240 - Cannot read IP mode file for STMicroelectronics.X-CUBE-IPS.3.0.0
2025-08-17 21:58:24,087 [WARN] ConditionMgr:438 - getConditionDescription Invalid condition id : UX DEVICE CLASS RTOS Condition cause : null
2025-08-17 21:58:24,087 [WARN] ConditionMgr:438 - getConditionDescription Invalid condition id : UX DEVICE CLASS RTOS Condition cause : null
2025-08-17 21:58:24,091 [WARN] PackLoader:240 - Cannot read IP mode file for STMicroelectronics.X-CUBE-AZRTOS-WB.2.0.0
2025-08-17 21:58:24,092 [WARN] ConditionMgr:1044 - genDependencies : Invalid condition id : UX DEVICE CLASS RTOS Condition cause : null
2025-08-17 21:58:24,092 [WARN] ConditionMgr:1044 - genDependencies : Invalid condition id : UX DEVICE CLASS RTOS Condition cause : null
2025-08-17 21:58:24,093 [WARN] ConditionMgr:1044 - genDependencies : Invalid condition id : UX DEVICE CLASS RTOS Condition cause : null
2025-08-17 21:58:24,093 [WARN] ConditionMgr:1044 - genDependencies : Invalid condition id : UX DEVICE CLASS RTOS Condition cause : null
2025-08-17 21:58:24,093 [WARN] ConditionMgr:1044 - genDependencies : Invalid condition id : UX DEVICE CLASS RTOS Condition cause : null
2025-08-17 21:58:24,106 [WARN] PackLoader:240 - Cannot read IP mode file for STMicroelectronics.X-CUBE-FREERTOS.1.0.0
2025-08-17 21:58:24,115 [WARN] PackLoader:240 - Cannot read IP mode file for STMicroelectronics.X-CUBE-FREERTOS.1.0.1
2025-08-17 21:58:24,124 [WARN] PackLoader:240 - Cannot read IP mode file for STMicroelectronics.X-CUBE-GNSS1.7.0.0
2025-08-17 21:58:24,145 [WARN] PackLoader:240 - Cannot read IP mode file for STMicroelectronics.X-CUBE-GNSS1.7.0.1
2025-08-17 21:58:24,153 [WARN] PackLoader:240 - Cannot read IP mode file for STMicroelectronics.X-CUBE-TOUCHGFX.4.25.0
2025-08-17 21:58:24,166 [WARN] PackLoader:240 - Cannot read IP mode file for STMicroelectronics.FP-SNS-STBOX1.2.0.0
2025-08-17 21:58:24,201 [WARN] PackLoader:240 - Cannot read IP mode file for STMicroelectronics.X-CUBE-AZRTOS-L5.1.1.0
2025-08-17 21:58:24,220 [WARN] PackLoader:240 - Cannot read IP mode file for STMicroelectronics.X-CUBE-AI.8.0.1
2025-08-17 21:58:24,247 [WARN] PackLoader:240 - Cannot read IP mode file for STMicroelectronics.X-CUBE-SUBG2.5.0.0
2025-08-17 21:58:24,307 [WARN] PackLoader:240 - Cannot read IP mode file for STMicroelectronics.X-CUBE-AZRTOS-H7RS.1.1.0
2025-08-17 21:58:24,514 [WARN] PackLoader:240 - Cannot read IP mode file for Cesanta.I-CUBE-Mongoose.7.13.0
2025-08-17 21:58:24,573 [WARN] PackLoader:240 - Cannot read IP mode file for STMicroelectronics.X-CUBE-TOF1.3.3.1
2025-08-17 21:58:24,644 [WARN] PackLoader:240 - Cannot read IP mode file for STMicroelectronics.X-CUBE-AZRTOS-G4.2.0.0
2025-08-17 21:58:24,679 [WARN] PackLoader:240 - Cannot read IP mode file for STMicroelectronics.X-CUBE-TOF1.3.3.0
2025-08-17 21:58:24,695 [WARN] PackLoader:240 - Cannot read IP mode file for STMicroelectronics.FP-ATR-ASTRA1.1.1.1
2025-08-17 21:58:24,717 [WARN] PackLoader:240 - Cannot read IP mode file for Infineon.AIROC-Wi-Fi-Bluetooth-STM32.1.5.1
2025-08-17 21:58:24,764 [WARN] PackLoader:240 - Cannot read IP mode file for STMicroelectronics.X-CUBE-NFC7.2.0.0
2025-08-17 21:58:24,772 [WARN] PackLoader:240 - Cannot read IP mode file for STMicroelectronics.FP-SNS-MOTENVWB1.1.3.1
2025-08-17 21:58:24,797 [WARN] PackLoader:240 - Cannot read IP mode file for STMicroelectronics.X-CUBE-AZRTOS-G4.1.0.0
2025-08-17 21:58:24,828 [WARN] PackLoader:240 - Cannot read IP mode file for STMicroelectronics.X-CUBE-AZRTOS-L4.1.0.0
2025-08-17 21:58:24,839 [WARN] PackLoader:240 - Cannot read IP mode file for STMicroelectronics.X-CUBE-ISPU.2.0.0
2025-08-17 21:58:24,856 [WARN] PackLoader:240 - Cannot read IP mode file for STMicroelectronics.X-CUBE-IPS.3.1.0
2025-08-17 21:58:24,874 [WARN] PackLoader:240 - Cannot read IP mode file for STMicroelectronics.X-CUBE-ALS.1.0.2
2025-08-17 21:58:24,921 [WARN] PackLoader:240 - Cannot read IP mode file for STMicroelectronics.X-CUBE-MEMS1.10.0.0
2025-08-17 21:58:25,062 [WARN] PackLoader:240 - Cannot read IP mode file for STMicroelectronics.X-CUBE-FREERTOS.1.1.0
2025-08-17 21:58:25,069 [WARN] PackLoader:240 - Cannot read IP mode file for STMicroelectronics.X-CUBE-TOUCHGFX.4.24.0
2025-08-17 21:58:25,080 [WARN] PackLoader:240 - Cannot read IP mode file for STMicroelectronics.X-CUBE-TOUCHGFX.4.24.2
2025-08-17 21:58:25,095 [WARN] PackLoader:240 - Cannot read IP mode file for STMicroelectronics.X-CUBE-AZRTOS-WL.1.0.0
2025-08-17 21:58:25,102 [WARN] PackLoader:240 - Cannot read IP mode file for STMicroelectronics.X-CUBE-TOUCHGFX.4.24.1
2025-08-17 21:58:25,107 [WARN] PackLoader:240 - Cannot read IP mode file for wolfSSL.I-CUBE-wolfTPM.3.4.0
2025-08-17 21:58:25,116 [WARN] PackLoader:240 - Cannot read IP mode file for portGmbH.I-Cube-SoM-uGOAL.1.1.0
2025-08-17 21:58:25,122 [WARN] PackLoader:240 - Cannot read IP mode file for STMicroelectronics.X-CUBE-ALS.1.0.1
2025-08-17 21:58:25,140 [WARN] PackLoader:240 - Cannot read IP mode file for STMicroelectronics.X-CUBE-AZRTOS-WB.1.1.0
2025-08-17 21:58:25,165 [WARN] PackLoader:240 - Cannot read IP mode file for STMicroelectronics.X-CUBE-AZRTOS-H7RS.1.0.0
2025-08-17 21:58:25,175 [WARN] PackLoader:240 - Cannot read IP mode file for STMicroelectronics.FP-ATR-ASTRA1.2.0.0
2025-08-17 21:58:25,196 [WARN] PackLoader:240 - Cannot read IP mode file for STMicroelectronics.X-CUBE-TOF1.3.4.2
2025-08-17 21:58:25,220 [WARN] PackLoader:240 - Cannot read IP mode file for STMicroelectronics.X-CUBE-TOF1.3.4.3
2025-08-17 21:58:25,241 [WARN] PackLoader:240 - Cannot read IP mode file for STMicroelectronics.X-CUBE-TOF1.3.4.1
2025-08-17 21:58:25,264 [WARN] PackLoader:240 - Cannot read IP mode file for STMicroelectronics.X-CUBE-AZRTOS-H7.3.2.0
2025-08-17 21:58:25,273 [WARN] PackLoader:240 - Cannot read IP mode file for wolfSSL.I-CUBE-wolfSSH.1.4.17
2025-08-17 21:58:25,274 [INFO] ThirdParty:978 - Integrity check success = true
2025-08-17 21:58:25,274 [INFO] IntegrityCheckThread:100 - exiting critical section [integrity check]
2025-08-17 21:58:25,274 [INFO] IntegrityCheckThread:103 - End integrity checks thread
2025-08-17 22:35:09,981 [INFO] WebApp:194 - Connection lost
2025-08-17 22:35:10,151 [INFO] WebApp:191 - Connection restablished
2025-08-17 22:35:35,421 [INFO] WebApp:194 - Connection lost
2025-08-17 22:35:35,532 [INFO] WebApp:191 - Connection restablished
2025-08-17 22:35:59,925 [INFO] WebApp:194 - Connection lost
2025-08-17 22:36:00,046 [INFO] WebApp:191 - Connection restablished
2025-08-17 22:36:13,420 [INFO] WebApp:194 - Connection lost
2025-08-17 22:36:13,550 [INFO] WebApp:191 - Connection restablished
2025-08-17 22:36:25,416 [INFO] WebApp:194 - Connection lost
2025-08-17 22:36:25,525 [INFO] WebApp:191 - Connection restablished
