2025-07-31 23:49:22,886 [INFO] Activator:176 - 


2025-07-31 23:49:22,891 [INFO] Activator:177 - !SESSION log4j initialized
2025-07-31 23:49:28,008 [INFO] LogOutputStream:77 - [STDOUT_REDIRECT] 
2025-07-31 23:49:29,027 [INFO] ApplicationProperties:184 - Using Application install path: C:\ST\STM32CubeIDE_1.18.1\STM32CubeIDE\plugins\com.st.stm32cube.common.mx_6.14.1.202504091515
2025-07-31 23:49:29,052 [INFO] DbMcusXml:78 - Set database path to: C:\ST\STM32CubeIDE_1.18.1\STM32CubeIDE\plugins\com.st.stm32cube.common.mx_6.14.1.202504091515\\db\/mcu/
2025-07-31 23:49:29,052 [INFO] ApiDb:274 - Set plugin database path to: C:\ST\STM32CubeIDE_1.18.1\STM32CubeIDE\plugins\com.st.stm32cube.common.mx_6.14.1.202504091515\\db\/plugins/boardmanager/
2025-07-31 23:49:29,053 [WARN] ApiDb:259 - Overriding images path with different value:  => C:\ST\STM32CubeIDE_1.18.1\STM32CubeIDE\plugins\com.st.stm32cube.common.mx_6.14.1.202504091515\\db\/plugins/mcufinder/images/
2025-07-31 23:49:29,066 [INFO] ApiDb:250 - Set database path to: C:\Users\bhagy\.stmcufinder\plugins\mcufinder//mcu/
2025-07-31 23:49:29,068 [INFO] DbMcusAds:125 - Set database path to: C:\Users\bhagy\.stmcufinder\plugins\mcufinder//mcu/
2025-07-31 23:49:29,071 [INFO] CrossReferenceDbSqlite:203 - Set database path to: C:\Users\bhagy\.stmcufinder\plugins\mcufinder//mcu/cs/
2025-07-31 23:49:29,301 [INFO] RulesReader:64 - Compatibility file has been processed (302 Rules)
2025-07-31 23:49:29,565 [INFO] DbMcusXml:78 - Set database path to: C:\ST\STM32CubeIDE_1.18.1\STM32CubeIDE\plugins\com.st.stm32cube.common.mx_6.14.1.202504091515\\db\/mcu/
2025-07-31 23:49:29,565 [INFO] ApiDb:274 - Set plugin database path to: C:\ST\STM32CubeIDE_1.18.1\STM32CubeIDE\plugins\com.st.stm32cube.common.mx_6.14.1.202504091515\\db\/plugins/boardmanager/
2025-07-31 23:49:29,565 [INFO] ApiDb:261 - Set plugin images path to: C:\ST\STM32CubeIDE_1.18.1\STM32CubeIDE\plugins\com.st.stm32cube.common.mx_6.14.1.202504091515\\db\/plugins/mcufinder/images/
2025-07-31 23:49:29,566 [WARN] DbFile:41 - Overriding database path with different value: C:\Users\bhagy\.stmcufinder\plugins\mcufinder/ => C:\Users\bhagy\.stmcufinder\plugins\mcufinder
2025-07-31 23:49:29,566 [INFO] ApiDb:250 - Set database path to: C:\Users\bhagy\.stmcufinder\plugins\mcufinder//mcu/
2025-07-31 23:49:29,566 [WARN] DbFile:41 - Overriding database path with different value: C:\Users\bhagy\.stmcufinder\plugins\mcufinder/ => C:\Users\bhagy\.stmcufinder\plugins\mcufinder
2025-07-31 23:49:29,567 [INFO] DbMcusAds:125 - Set database path to: C:\Users\bhagy\.stmcufinder\plugins\mcufinder//mcu/
2025-07-31 23:49:29,567 [WARN] DbFile:41 - Overriding database path with different value: C:\Users\bhagy\.stmcufinder\plugins\mcufinder/ => C:\Users\bhagy\.stmcufinder\plugins\mcufinder
2025-07-31 23:49:29,567 [WARN] DbFile:41 - Overriding database path with different value: C:\Users\bhagy\.stmcufinder\plugins\mcufinder/ => C:\Users\bhagy\.stmcufinder\plugins\mcufinder
2025-07-31 23:49:29,567 [INFO] CrossReferenceDbSqlite:203 - Set database path to: C:\Users\bhagy\.stmcufinder\plugins\mcufinder//mcu/cs/
2025-07-31 23:49:29,742 [INFO] MainPanel:272 - HeapMemory: 268435456
2025-07-31 23:49:29,996 [INFO] DbMcusXml:78 - Set database path to: C:\ST\STM32CubeIDE_1.18.1\STM32CubeIDE\plugins\com.st.stm32cube.common.mx_6.14.1.202504091515\\db\/mcu/
2025-07-31 23:49:29,997 [INFO] ApiDb:274 - Set plugin database path to: C:\ST\STM32CubeIDE_1.18.1\STM32CubeIDE\plugins\com.st.stm32cube.common.mx_6.14.1.202504091515\\db\/plugins/boardmanager/
2025-07-31 23:49:29,997 [INFO] ApiDb:261 - Set plugin images path to: C:\ST\STM32CubeIDE_1.18.1\STM32CubeIDE\plugins\com.st.stm32cube.common.mx_6.14.1.202504091515\\db\/plugins/mcufinder/images/
2025-07-31 23:49:29,998 [WARN] DbFile:41 - Overriding database path with different value: C:\Users\bhagy\.stmcufinder\plugins\mcufinder/ => C:\Users\bhagy\.stmcufinder\plugins\mcufinder
2025-07-31 23:49:29,999 [INFO] ApiDb:250 - Set database path to: C:\Users\bhagy\.stmcufinder\plugins\mcufinder//mcu/
2025-07-31 23:49:29,999 [WARN] DbFile:41 - Overriding database path with different value: C:\Users\bhagy\.stmcufinder\plugins\mcufinder/ => C:\Users\bhagy\.stmcufinder\plugins\mcufinder
2025-07-31 23:49:30,000 [INFO] DbMcusAds:125 - Set database path to: C:\Users\bhagy\.stmcufinder\plugins\mcufinder//mcu/
2025-07-31 23:49:30,000 [WARN] DbFile:41 - Overriding database path with different value: C:\Users\bhagy\.stmcufinder\plugins\mcufinder/ => C:\Users\bhagy\.stmcufinder\plugins\mcufinder
2025-07-31 23:49:30,001 [WARN] DbFile:41 - Overriding database path with different value: C:\Users\bhagy\.stmcufinder\plugins\mcufinder/ => C:\Users\bhagy\.stmcufinder\plugins\mcufinder
2025-07-31 23:49:30,001 [INFO] CrossReferenceDbSqlite:203 - Set database path to: C:\Users\bhagy\.stmcufinder\plugins\mcufinder//mcu/cs/
2025-07-31 23:49:30,062 [INFO] ApplicationProperties:184 - Using Application install path: C:\ST\STM32CubeIDE_1.18.1\STM32CubeIDE\plugins\com.st.stm32cube.common.mx_6.14.1.202504091515
2025-07-31 23:49:30,065 [INFO] PluginManage:196 - Search for loadable plugins [exclusion list=, ]
2025-07-31 23:49:30,069 [INFO] PluginManage:310 - Check plugin analytics
2025-07-31 23:49:30,413 [INFO] AnalyticsPlugin:253 - Accepted Software Licenses: 
2025-07-31 23:49:30,413 [INFO] AnalyticsPlugin:255 - Accepted CMSIS Pack Licenses: STMicroelectronics.X-CUBE-AI.10.0.0
2025-07-31 23:49:30,414 [INFO] AnalyticsPlugin:257 - Accepted Firmware Licenses: FW.F4.1.27.0,FW.N6.1.0.0,FW.F4.1.28.0
2025-07-31 23:49:30,419 [INFO] PluginManage:359 - Loaded plugin analytics (category:tool,tabindex:-1)
2025-07-31 23:49:30,420 [INFO] PluginManage:310 - Check plugin cadmodel
2025-07-31 23:49:30,431 [INFO] CADModel:105 - Init CAD model plugin
2025-07-31 23:49:30,431 [INFO] PluginManage:359 - Loaded plugin cadmodel (category:power,tabindex:5)
2025-07-31 23:49:30,432 [INFO] PluginManage:310 - Check plugin clock
2025-07-31 23:49:30,455 [INFO] PluginManage:359 - Loaded plugin clock (category:base,tabindex:2)
2025-07-31 23:49:30,455 [INFO] PluginManage:310 - Check plugin ddr
2025-07-31 23:49:30,462 [INFO] PluginManage:359 - Loaded plugin ddr (category:tool,tabindex:6)
2025-07-31 23:49:30,463 [INFO] PluginManage:310 - Check plugin filemanager
2025-07-31 23:49:30,800 [INFO] PluginManage:359 - Loaded plugin filemanager (category:base,tabindex:10)
2025-07-31 23:49:30,801 [INFO] PluginManage:310 - Check plugin ipmanager
2025-07-31 23:49:30,820 [INFO] PluginManage:359 - Loaded plugin ipmanager (category:base,tabindex:5)
2025-07-31 23:49:30,821 [INFO] PluginManage:310 - Check plugin lpbam
2025-07-31 23:49:30,837 [INFO] PluginManage:359 - Loaded plugin lpbam (category:base,tabindex:0)
2025-07-31 23:49:30,838 [INFO] PluginManage:310 - Check plugin memorymap
2025-07-31 23:49:30,862 [INFO] PluginManage:359 - Loaded plugin memorymap (category:base,tabindex:4)
2025-07-31 23:49:30,862 [INFO] PluginManage:310 - Check plugin pinoutandconfiguration
2025-07-31 23:49:30,880 [INFO] PluginManage:359 - Loaded plugin pinoutandconfiguration (category:base,tabindex:1)
2025-07-31 23:49:30,881 [INFO] PluginManage:310 - Check plugin pinoutconfig
2025-07-31 23:49:31,084 [WARN] SupportedApi:132 - Cannot load RTOS API schema: s4s-elt-must-match.1: The content of 'definitions' must match (annotation?, (simpleType | complexType)?, (unique | key | keyref)*)). A problem was found starting at: attribute.
2025-07-31 23:49:31,345 [INFO] PluginManage:359 - Loaded plugin pinoutconfig (category:base,tabindex:0)
2025-07-31 23:49:31,345 [INFO] PluginManage:310 - Check plugin power
2025-07-31 23:49:31,361 [INFO] PluginManage:359 - Loaded plugin power (category:power,tabindex:4)
2025-07-31 23:49:31,361 [INFO] PluginManage:310 - Check plugin projectmanager
2025-07-31 23:49:31,398 [INFO] PluginManage:359 - Loaded plugin projectmanager (category:projectmanager,tabindex:4)
2025-07-31 23:49:31,398 [INFO] PluginManage:310 - Check plugin rif
2025-07-31 23:49:31,416 [INFO] PluginManage:359 - Loaded plugin rif (category:base,tabindex:3)
2025-07-31 23:49:31,416 [INFO] PluginManage:310 - Check plugin thirdparty
2025-07-31 23:49:31,712 [WARN] IntegrityCheckThread:84 - waiting for thirdparty lock release [integrity check]
2025-07-31 23:49:31,712 [INFO] PluginManage:359 - Loaded plugin thirdparty (category:base,tabindex:-1)
2025-07-31 23:49:31,712 [INFO] IntegrityCheckThread:86 - entering critical section [integrity check]
2025-07-31 23:49:31,713 [INFO] PluginManage:310 - Check plugin tools
2025-07-31 23:49:31,713 [INFO] ThirdPartyUpdaterWithRetryManager:70 - Updater plugin not ready yet. [1/15]
2025-07-31 23:49:31,719 [INFO] PluginManage:359 - Loaded plugin tools (category:base,tabindex:7)
2025-07-31 23:49:31,720 [INFO] PluginManage:310 - Check plugin tutovideos
2025-07-31 23:49:32,084 [INFO] PluginManage:359 - Loaded plugin tutovideos (category:base,tabindex:-1)
2025-07-31 23:49:32,085 [INFO] PluginManage:310 - Check plugin updater
2025-07-31 23:49:32,126 [INFO] PluginManage:359 - Loaded plugin updater (category:base,tabindex:12)
2025-07-31 23:49:32,127 [INFO] PluginManage:310 - Check plugin userauth
2025-07-31 23:49:32,132 [INFO] UserAuth:118 - Init User Auth plugin
2025-07-31 23:49:32,133 [INFO] PluginManage:359 - Loaded plugin userauth (category:base,tabindex:14)
2025-07-31 23:49:32,134 [INFO] PluginManage:283 - PluginManage : Loaded plugins [18]
2025-07-31 23:49:32,498 [INFO] PinOutPanel:1589 - setPackage(No Configuration,No Configuration)
2025-07-31 23:49:32,675 [INFO] CADModel:165 - CPN selected for project level
2025-07-31 23:49:32,675 [INFO] CADModel:114 - Register for checkConnection events
2025-07-31 23:49:32,716 [INFO] IPUIPlugin:80 - create IPUIPlugin
2025-07-31 23:49:32,717 [INFO] PluginManager:220 - loadIPPluginJar : add adc
2025-07-31 23:49:32,723 [INFO] IPUIPlugin:80 - create IPUIPlugin
2025-07-31 23:49:32,724 [INFO] PluginManager:220 - loadIPPluginJar : add aes
2025-07-31 23:49:32,730 [INFO] IPUIPlugin:80 - create IPUIPlugin
2025-07-31 23:49:32,731 [INFO] PluginManager:220 - loadIPPluginJar : add can
2025-07-31 23:49:32,733 [INFO] IPUIPlugin:80 - create IPUIPlugin
2025-07-31 23:49:32,734 [INFO] PluginManager:220 - loadIPPluginJar : add comp
2025-07-31 23:49:32,739 [INFO] IPUIPlugin:80 - create IPUIPlugin
2025-07-31 23:49:32,739 [INFO] PluginManager:220 - loadIPPluginJar : add cryp
2025-07-31 23:49:32,745 [INFO] IPUIPlugin:80 - create IPUIPlugin
2025-07-31 23:49:32,746 [INFO] PluginManager:220 - loadIPPluginJar : add ddr_ctrl_phy
2025-07-31 23:49:32,753 [INFO] IPUIPlugin:80 - create IPUIPlugin
2025-07-31 23:49:32,753 [INFO] PluginManager:220 - loadIPPluginJar : add dfsdm
2025-07-31 23:49:32,768 [INFO] IPUIPlugin:80 - create IPUIPlugin
2025-07-31 23:49:32,769 [INFO] PluginManager:220 - loadIPPluginJar : add dma
2025-07-31 23:49:32,776 [INFO] IPUIPlugin:80 - create IPUIPlugin
2025-07-31 23:49:32,776 [INFO] PluginManager:220 - loadIPPluginJar : add dma3
2025-07-31 23:49:32,784 [INFO] IPUIPlugin:80 - create IPUIPlugin
2025-07-31 23:49:32,784 [INFO] PluginManager:220 - loadIPPluginJar : add extmemmanager
2025-07-31 23:49:32,789 [INFO] IPUIPlugin:80 - create IPUIPlugin
2025-07-31 23:49:32,789 [INFO] PluginManager:220 - loadIPPluginJar : add fatfs
2025-07-31 23:49:32,796 [INFO] IPUIPlugin:80 - create IPUIPlugin
2025-07-31 23:49:32,797 [INFO] PluginManager:220 - loadIPPluginJar : add fmc
2025-07-31 23:49:32,808 [INFO] IPUIPlugin:80 - create IPUIPlugin
2025-07-31 23:49:32,809 [INFO] PluginManager:220 - loadIPPluginJar : add freertos
2025-07-31 23:49:32,811 [INFO] IPUIPlugin:80 - create IPUIPlugin
2025-07-31 23:49:32,811 [INFO] PluginManager:220 - loadIPPluginJar : add genericplugin
2025-07-31 23:49:32,818 [INFO] IPUIPlugin:80 - create IPUIPlugin
2025-07-31 23:49:32,819 [INFO] PluginManager:220 - loadIPPluginJar : add gfxmmu
2025-07-31 23:49:32,828 [INFO] IPUIPlugin:80 - create IPUIPlugin
2025-07-31 23:49:32,829 [INFO] PluginManager:220 - loadIPPluginJar : add gic
2025-07-31 23:49:32,839 [INFO] IPUIPlugin:80 - create IPUIPlugin
2025-07-31 23:49:32,839 [INFO] PluginManager:220 - loadIPPluginJar : add gpio
2025-07-31 23:49:32,845 [INFO] IPUIPlugin:80 - create IPUIPlugin
2025-07-31 23:49:32,845 [INFO] PluginManager:220 - loadIPPluginJar : add gtzc
2025-07-31 23:49:32,852 [INFO] IPUIPlugin:80 - create IPUIPlugin
2025-07-31 23:49:32,852 [INFO] PluginManager:220 - loadIPPluginJar : add hash
2025-07-31 23:49:32,857 [INFO] IPUIPlugin:80 - create IPUIPlugin
2025-07-31 23:49:32,858 [INFO] PluginManager:220 - loadIPPluginJar : add i2c
2025-07-31 23:49:32,864 [INFO] IPUIPlugin:80 - create IPUIPlugin
2025-07-31 23:49:32,864 [INFO] PluginManager:220 - loadIPPluginJar : add i2s
2025-07-31 23:49:32,867 [INFO] IPUIPlugin:80 - create IPUIPlugin
2025-07-31 23:49:32,867 [INFO] PluginManager:220 - loadIPPluginJar : add i3c
2025-07-31 23:49:32,872 [INFO] IPUIPlugin:80 - create IPUIPlugin
2025-07-31 23:49:32,872 [INFO] PluginManager:220 - loadIPPluginJar : add ipddr
2025-07-31 23:49:32,885 [INFO] IPUIPlugin:80 - create IPUIPlugin
2025-07-31 23:49:32,885 [INFO] PluginManager:220 - loadIPPluginJar : add linkedlist
2025-07-31 23:49:32,889 [INFO] IPUIPlugin:80 - create IPUIPlugin
2025-07-31 23:49:32,890 [INFO] PluginManager:220 - loadIPPluginJar : add lorawan
2025-07-31 23:49:32,894 [INFO] IPUIPlugin:80 - create IPUIPlugin
2025-07-31 23:49:32,894 [INFO] PluginManager:220 - loadIPPluginJar : add ltdc
2025-07-31 23:49:32,905 [INFO] IPUIPlugin:80 - create IPUIPlugin
2025-07-31 23:49:32,906 [INFO] PluginManager:220 - loadIPPluginJar : add mdma
2025-07-31 23:49:32,912 [INFO] IPUIPlugin:80 - create IPUIPlugin
2025-07-31 23:49:32,913 [INFO] PluginManager:220 - loadIPPluginJar : add nvic
2025-07-31 23:49:32,918 [INFO] IPUIPlugin:80 - create IPUIPlugin
2025-07-31 23:49:32,918 [INFO] PluginManager:220 - loadIPPluginJar : add opamp
2025-07-31 23:49:32,927 [INFO] IPUIPlugin:80 - create IPUIPlugin
2025-07-31 23:49:32,927 [INFO] PluginManager:220 - loadIPPluginJar : add openamp
2025-07-31 23:49:32,934 [INFO] IPUIPlugin:80 - create IPUIPlugin
2025-07-31 23:49:32,934 [INFO] PluginManager:220 - loadIPPluginJar : add pdm2pcm
2025-07-31 23:49:32,946 [INFO] IPUIPlugin:80 - create IPUIPlugin
2025-07-31 23:49:32,950 [INFO] PluginManager:220 - loadIPPluginJar : add plateformsettings
2025-07-31 23:49:32,956 [INFO] IPUIPlugin:80 - create IPUIPlugin
2025-07-31 23:49:32,956 [INFO] PluginManager:220 - loadIPPluginJar : add quadspi
2025-07-31 23:49:32,961 [INFO] IPUIPlugin:80 - create IPUIPlugin
2025-07-31 23:49:32,963 [INFO] PluginManager:220 - loadIPPluginJar : add radio
2025-07-31 23:49:32,974 [INFO] IPUIPlugin:80 - create IPUIPlugin
2025-07-31 23:49:32,975 [INFO] PluginManager:220 - loadIPPluginJar : add resmgrutility
2025-07-31 23:49:32,981 [INFO] IPUIPlugin:80 - create IPUIPlugin
2025-07-31 23:49:32,981 [INFO] PluginManager:220 - loadIPPluginJar : add sai
2025-07-31 23:49:32,988 [INFO] IPUIPlugin:80 - create IPUIPlugin
2025-07-31 23:49:32,988 [INFO] PluginManager:220 - loadIPPluginJar : add spi
2025-07-31 23:49:33,001 [INFO] IPUIPlugin:80 - create IPUIPlugin
2025-07-31 23:49:33,001 [INFO] PluginManager:220 - loadIPPluginJar : add stm32_wpan
2025-07-31 23:49:33,006 [INFO] IPUIPlugin:80 - create IPUIPlugin
2025-07-31 23:49:33,006 [INFO] PluginManager:220 - loadIPPluginJar : add tim
2025-07-31 23:49:33,013 [INFO] IPUIPlugin:80 - create IPUIPlugin
2025-07-31 23:49:33,014 [INFO] PluginManager:220 - loadIPPluginJar : add touchsensing
2025-07-31 23:49:33,019 [INFO] IPUIPlugin:80 - create IPUIPlugin
2025-07-31 23:49:33,020 [INFO] PluginManager:220 - loadIPPluginJar : add tracer_emb
2025-07-31 23:49:33,025 [INFO] IPUIPlugin:80 - create IPUIPlugin
2025-07-31 23:49:33,026 [INFO] PluginManager:220 - loadIPPluginJar : add ts
2025-07-31 23:49:33,029 [INFO] IPUIPlugin:80 - create IPUIPlugin
2025-07-31 23:49:33,029 [INFO] PluginManager:220 - loadIPPluginJar : add tsc
2025-07-31 23:49:33,034 [INFO] IPUIPlugin:80 - create IPUIPlugin
2025-07-31 23:49:33,035 [INFO] PluginManager:220 - loadIPPluginJar : add ucpd
2025-07-31 23:49:33,043 [INFO] IPUIPlugin:80 - create IPUIPlugin
2025-07-31 23:49:33,044 [INFO] PluginManager:220 - loadIPPluginJar : add usart
2025-07-31 23:49:33,052 [INFO] IPUIPlugin:80 - create IPUIPlugin
2025-07-31 23:49:33,053 [INFO] PluginManager:220 - loadIPPluginJar : add usbx
2025-07-31 23:49:33,257 [FATAL] Updater:351 - Updater called before beeing initialized
2025-07-31 23:49:33,319 [INFO] RulesReader:64 - Compatibility file has been processed (302 Rules)
2025-07-31 23:49:33,346 [INFO] RulesReader:64 - Compatibility file has been processed (302 Rules)
2025-07-31 23:49:33,360 [INFO] CADModel:165 - CPN selected for project level
2025-07-31 23:49:33,360 [INFO] CADModel:114 - Register for checkConnection events
2025-07-31 23:49:33,361 [FATAL] Updater:351 - Updater called before beeing initialized
2025-07-31 23:49:33,361 [ERROR] CADModel:125 - Updater not yet initialized, retry later 
2025-07-31 23:49:33,645 [FATAL] Updater:351 - Updater called before beeing initialized
2025-07-31 23:49:33,648 [INFO] CADModel:165 - CPN selected for project level
2025-07-31 23:49:33,648 [INFO] CADModel:114 - Register for checkConnection events
2025-07-31 23:49:33,648 [FATAL] Updater:351 - Updater called before beeing initialized
2025-07-31 23:49:33,648 [ERROR] CADModel:125 - Updater not yet initialized, retry later 
2025-07-31 23:49:33,654 [FATAL] Updater:351 - Updater called before beeing initialized
2025-07-31 23:49:33,843 [FATAL] Updater:351 - Updater called before beeing initialized
2025-07-31 23:49:33,849 [INFO] DbMcusAds:53 - JSON generation date=Wed May 07 04:07:55 CDT 2025 (1746608875484)
2025-07-31 23:49:33,849 [FATAL] Updater:351 - Updater called before beeing initialized
2025-07-31 23:49:33,930 [WARN] DetailPanel:346 - Failed to get advertising image, set to default
2025-07-31 23:49:34,407 [FATAL] Updater:351 - Updater called before beeing initialized
2025-07-31 23:49:34,412 [FATAL] Updater:351 - Updater called before beeing initialized
2025-07-31 23:49:34,412 [FATAL] Updater:351 - Updater called before beeing initialized
2025-07-31 23:49:34,412 [WARN] DetailPanel:346 - Failed to get advertising image, set to default
2025-07-31 23:49:34,413 [FATAL] Updater:351 - Updater called before beeing initialized
2025-07-31 23:49:34,487 [ERROR] Updater:1198 - MainUpdater not yet initialized. External WinMGr cannot be set.
2025-07-31 23:49:34,491 [INFO] Updater:1134 - Updater Version found : 6.14.1
2025-07-31 23:49:34,516 [INFO] ApplicationProperties:184 - Using Application install path: C:\ST\STM32CubeIDE_1.18.1\STM32CubeIDE\plugins\com.st.stm32cube.common.mx_6.14.1.202504091515
2025-07-31 23:49:34,724 [INFO] ThirdPartyUpdaterWithRetryManager:70 - Updater plugin not ready yet. [2/15]
2025-07-31 23:49:34,977 [INFO] MainUpdater:2872 - connection check result : 10
2025-07-31 23:49:34,977 [INFO] MainUpdater:3566 - Updater definition file requires update
2025-07-31 23:49:34,978 [INFO] MainUpdater:289 - Updater Check For Update Now.
2025-07-31 23:49:34,979 [INFO] MicroXplorer:498 - Change Database Version : DB.6.0.141
2025-07-31 23:49:34,991 [INFO] McuFinderGlobals:63 - Set McuFinder mode to 2 (CubeIDE integrated)
2025-07-31 23:49:34,992 [INFO] UserAuth:171 - activating auth plugin
2025-07-31 23:49:34,996 [INFO] UserAuth:484 - Internet connection configuration mode: 1
2025-07-31 23:49:35,022 [INFO] JxBrowserEngine:152 - Initiate JxBrowser Engine with user profile folder
2025-07-31 23:49:35,039 [INFO] ServerAccessManage:473 - Download File updaters.zip
2025-07-31 23:49:35,193 [INFO] FileExtend:242 - Unzip File : updaters.zip
2025-07-31 23:49:35,194 [INFO] FileExtend:257 - Standard Zip Deflate
2025-07-31 23:49:36,403 [INFO] ServerAccessManage:473 - Download File PacksControlFlags.xml
2025-07-31 23:49:36,548 [INFO] ServerAccessManage:473 - Download File cubemx.pidx
2025-07-31 23:49:37,101 [INFO] ServerAccessManage:473 - Download File STMicroelectronics.FP-SNS-STBOX1.pdsc
2025-07-31 23:49:37,733 [WARN] MainUpdater:1193 - Updater busy. Cannot search thirdparties
2025-07-31 23:49:37,734 [INFO] ThirdPartyUpdaterWithRetryManager:96 - Updater plugin is busy. [1/15]
2025-07-31 23:49:39,651 [INFO] WebApp:169 - Instantiating new browser for Auth
2025-07-31 23:49:40,745 [WARN] MainUpdater:1193 - Updater busy. Cannot search thirdparties
2025-07-31 23:49:40,745 [INFO] ThirdPartyUpdaterWithRetryManager:96 - Updater plugin is busy. [2/15]
2025-07-31 23:49:40,963 [WARN] PopulateThirdPartyThread:106 - Error when creating pack: C:/Users/bhagy/.stm32cubemx/thirdparties/pdsc/STMicroelectronics.FP-SNS-STBOX1.pdsc
2025-07-31 23:49:40,963 [INFO] PopulateThirdPartyThread:66 - Ending populate Thread
2025-07-31 23:49:40,964 [INFO] LoadServerUpdatesThread:375 - End of LoadServerUpdate Thread
2025-07-31 23:49:41,171 [INFO] CheckServerUpdateThread:120 - End of CheckServer Thread
2025-07-31 23:49:41,535 [INFO] WebApp:463 - Apply proxy settings
2025-07-31 23:49:41,535 [INFO] WebApp:548 - Chromium requires no authentication
2025-07-31 23:49:41,549 [INFO] WebApp:491 - Direct internet connection detected
2025-07-31 23:49:41,588 [INFO] WebApp:894 - Register for checkConnection events
2025-07-31 23:49:41,589 [INFO] WebApp:463 - Apply proxy settings
2025-07-31 23:49:41,589 [INFO] WebApp:548 - Chromium requires no authentication
2025-07-31 23:49:41,589 [INFO] WebApp:491 - Direct internet connection detected
2025-07-31 23:49:41,790 [INFO] WebApp:191 - Connection restablished
2025-07-31 23:49:41,882 [INFO] WebApp:225 - Starting web application
2025-07-31 23:49:41,883 [INFO] WebApp:593 - Web application path used C:\ST\STM32CubeIDE_1.18.1\STM32CubeIDE\plugins\com.st.stm32cube.common.mx_6.14.1.202504091515\db\plugins\mcufinder\reactClient1\index.html
2025-07-31 23:49:44,778 [WARN] PackLoader:240 - Cannot read IP mode file for STMicroelectronics.FP-SNS-MOTENVWB1.1.4.0
2025-07-31 23:49:44,795 [WARN] PackLoader:240 - Cannot read IP mode file for STMicroelectronics.FP-ATR-ASTRA1.2.0.2
2025-07-31 23:49:44,802 [WARN] PackLoader:240 - Cannot read IP mode file for STMicroelectronics.FP-ATR-ASTRA1.2.0.1
2025-07-31 23:49:44,817 [WARN] PackLoader:240 - Cannot read IP mode file for STMicroelectronics.X-CUBE-SMBUS.2.1.0
2025-07-31 23:49:44,834 [WARN] PackLoader:240 - Cannot read IP mode file for STMicroelectronics.X-CUBE-WB05N.1.1.0
2025-07-31 23:49:44,847 [WARN] PackLoader:240 - Cannot read IP mode file for STMicroelectronics.X-CUBE-ST60.1.0.0
2025-07-31 23:49:44,859 [WARN] PackLoader:240 - Cannot read IP mode file for STMicroelectronics.X-CUBE-TOUCHGFX.4.23.1
2025-07-31 23:49:44,864 [WARN] PackLoader:240 - Cannot read IP mode file for STMicroelectronics.X-CUBE-TOUCHGFX.4.23.2
2025-07-31 23:49:44,909 [WARN] PackLoader:240 - Cannot read IP mode file for STMicroelectronics.X-CUBE-AZRTOS-F7.1.1.0
2025-07-31 23:49:44,925 [ERROR] RealEvaluatedCondition:428 - Found unsupported composite condition: GROUP='STM32_MetaDataManager' CLASS='Data Exchange'
2025-07-31 23:49:44,926 [ERROR] RealEvaluatedCondition:428 - Found unsupported composite condition: GROUP='STM32_MetaDataManager' CLASS='Data Exchange'
2025-07-31 23:49:44,929 [WARN] PackLoader:240 - Cannot read IP mode file for STMicroelectronics.FP-SNS-MOTENV1.4.3.0
2025-07-31 23:49:44,942 [WARN] PackLoader:240 - Cannot read IP mode file for STMicroelectronics.FP-SNS-MOTENV1.4.3.2
2025-07-31 23:49:44,954 [WARN] PackLoader:240 - Cannot read IP mode file for STMicroelectronics.FP-SNS-FLIGHT1.5.0.0
2025-07-31 23:49:45,070 [WARN] PackLoader:240 - Cannot read IP mode file for STMicroelectronics.X-CUBE-MEMS1.11.0.0
2025-07-31 23:49:45,372 [WARN] PackLoader:240 - Cannot read IP mode file for STMicroelectronics.X-CUBE-BLE1.6.2.4
2025-07-31 23:49:45,379 [WARN] PackLoader:240 - Cannot read IP mode file for STMicroelectronics.FP-SNS-FLIGHT1.5.0.2
2025-07-31 23:49:45,422 [WARN] PackLoader:240 - Cannot read IP mode file for Infineon.AIROC-Wi-Fi-Bluetooth-STM32.1.7.0
2025-07-31 23:49:45,472 [WARN] PackLoader:240 - Cannot read IP mode file for STMicroelectronics.X-CUBE-AZRTOS-H7.3.4.0
2025-07-31 23:49:45,491 [WARN] PackLoader:240 - Cannot read IP mode file for STMicroelectronics.X-CUBE-DISPLAY.3.0.0
2025-07-31 23:49:45,514 [WARN] PackLoader:240 - Cannot read IP mode file for STMicroelectronics.X-CUBE-BLE1.7.0.0
2025-07-31 23:49:45,539 [WARN] PackLoader:240 - Cannot read IP mode file for STMicroelectronics.X-CUBE-NFC10.1.0.0
2025-07-31 23:49:45,561 [WARN] PackLoader:240 - Cannot read IP mode file for STMicroelectronics.X-CUBE-BLEMGR.4.0.0
2025-07-31 23:49:45,581 [WARN] PackLoader:240 - Cannot read IP mode file for emotas.I-CUBE-CANOPEN.1.3.0
2025-07-31 23:49:45,587 [WARN] PackLoader:240 - Cannot read IP mode file for STMicroelectronics.X-CUBE-TOUCHGFX.4.22.0
2025-07-31 23:49:45,592 [WARN] PackLoader:240 - Cannot read IP mode file for STMicroelectronics.X-CUBE-TOUCHGFX.4.22.1
2025-07-31 23:49:45,607 [WARN] PackLoader:240 - Cannot read IP mode file for STMicroelectronics.X-CUBE-BLEMGR.3.1.0
2025-07-31 23:49:45,619 [WARN] PackLoader:240 - Cannot read IP mode file for STMicroelectronics.X-CUBE-AI.10.0.0
2025-07-31 23:49:45,627 [ERROR] Engine:466 - C:\Users\bhagy\.stm32cubemx\thirdparties\pdsc\STMicroelectronics.FP-SNS-STBOX1.2.1.0.pdsc: PDSC version is not supported
2025-07-31 23:49:45,635 [WARN] PackLoader:240 - Cannot read IP mode file for STMicroelectronics.FP-SNS-SMARTAG2.1.2.0
2025-07-31 23:49:45,642 [WARN] PackLoader:240 - Cannot read IP mode file for STMicroelectronics.FP-SNS-FLIGHT1.5.1.0
2025-07-31 23:49:45,720 [WARN] PackLoader:240 - Cannot read IP mode file for STMicroelectronics.X-CUBE-MEMS1.11.1.0
2025-07-31 23:49:45,920 [INFO] LogOutputStream:77 - [STDOUT_REDIRECT] 1 : Invalid condition id : UX_CORESTACK_Condition cause : null
2025-07-31 23:49:45,923 [INFO] LogOutputStream:77 - [STDOUT_REDIRECT] 1 : Invalid condition id : UX_CORESTACK_Condition cause : null
2025-07-31 23:49:45,929 [INFO] LogOutputStream:77 - [STDOUT_REDIRECT] 1 : Invalid condition id : UX_CORESTACK_Condition cause : null
2025-07-31 23:49:45,931 [INFO] LogOutputStream:77 - [STDOUT_REDIRECT] 1 : Invalid condition id : UX_CORESTACK_Condition cause : null
2025-07-31 23:49:45,932 [INFO] LogOutputStream:77 - [STDOUT_REDIRECT] 1 : Invalid condition id : UX_CORESTACK_Condition cause : null
2025-07-31 23:49:45,936 [WARN] PackLoader:240 - Cannot read IP mode file for STMicroelectronics.X-CUBE-AZRTOS-WL.2.0.0
2025-07-31 23:49:45,948 [WARN] PackLoader:240 - Cannot read IP mode file for STMicroelectronics.FP-SNS-MOTENV1.5.0.0
2025-07-31 23:49:45,963 [WARN] PackLoader:240 - Cannot read IP mode file for wolfSSL.I-CUBE-wolfMQTT.1.19.0
2025-07-31 23:49:45,976 [WARN] PackLoader:240 - Cannot read IP mode file for WES.I-CUBE-Cesium.1.3.0
2025-07-31 23:49:45,986 [WARN] PackLoader:240 - Cannot read IP mode file for STMicroelectronics.X-CUBE-BLE2.3.3.0
2025-07-31 23:49:46,004 [WARN] PackLoader:240 - Cannot read IP mode file for STMicroelectronics.X-CUBE-NFC9.1.0.0
2025-07-31 23:49:46,019 [WARN] PackLoader:240 - Cannot read IP mode file for STMicroelectronics.X-CUBE-BLE1.7.1.0
2025-07-31 23:49:46,035 [WARN] PackLoader:240 - Cannot read IP mode file for STMicroelectronics.X-CUBE-TCPP.4.1.0
2025-07-31 23:49:46,050 [WARN] PackLoader:240 - Cannot read IP mode file for STMicroelectronics.X-CUBE-EEPRMA1.5.2.0
2025-07-31 23:49:46,062 [WARN] PackLoader:240 - Cannot read IP mode file for STMicroelectronics.X-CUBE-TOUCHGFX.4.21.3
2025-07-31 23:49:46,068 [WARN] PackLoader:240 - Cannot read IP mode file for STMicroelectronics.X-CUBE-TOUCHGFX.4.21.4
2025-07-31 23:49:46,073 [WARN] PackLoader:240 - Cannot read IP mode file for STMicroelectronics.X-CUBE-AI.10.1.0
2025-07-31 23:49:46,105 [WARN] PackLoader:240 - Cannot read IP mode file for STMicroelectronics.X-CUBE-ALGOBUILD.1.3.0
2025-07-31 23:49:46,210 [WARN] PackLoader:240 - Cannot read IP mode file for STMicroelectronics.X-CUBE-MEMS1.11.2.0
2025-07-31 23:49:46,498 [WARN] PackLoader:240 - Cannot read IP mode file for STMicroelectronics.X-CUBE-AZRTOS-G0.1.1.0
2025-07-31 23:49:46,517 [WARN] PackLoader:240 - Cannot read IP mode file for STMicroelectronics.X-CUBE-SAFEA1.1.2.2
2025-07-31 23:49:46,531 [WARN] PackLoader:240 - Cannot read IP mode file for STMicroelectronics.X-CUBE-NFC4.3.0.0
2025-07-31 23:49:46,554 [WARN] PackLoader:240 - Cannot read IP mode file for EmbeddedOffice.I-CUBE-FS-RTOS.1.0.1
2025-07-31 23:49:46,583 [WARN] PackLoader:240 - Cannot read IP mode file for STMicroelectronics.X-CUBE-WB05N.2.0.0
2025-07-31 23:49:46,602 [WARN] PackLoader:240 - Cannot read IP mode file for STMicroelectronics.X-CUBE-TCPP.4.2.0
2025-07-31 23:49:46,651 [WARN] PackLoader:240 - Cannot read IP mode file for RealThread.X-CUBE-RT-Thread_Nano.4.1.1
2025-07-31 23:49:46,661 [WARN] PackLoader:240 - Cannot read IP mode file for STMicroelectronics.FP-ATR-SIGFOX1.3.2.0
2025-07-31 23:49:46,671 [WARN] ConditionMgr:438 - getConditionDescription Invalid condition id : Cortex-A Device cause : null
2025-07-31 23:49:46,696 [WARN] ConditionMgr:1044 - genDependencies : Invalid condition id : Cortex-A Device cause : null
2025-07-31 23:49:46,696 [WARN] ConditionMgr:1044 - genDependencies : Invalid condition id : Cortex-A Device cause : null
2025-07-31 23:49:46,696 [WARN] ConditionMgr:1044 - genDependencies : Invalid condition id : Cortex-A Device cause : null
2025-07-31 23:49:46,704 [WARN] PackLoader:240 - Cannot read IP mode file for STMicroelectronics.X-CUBE-EEPRMA1.5.1.0
2025-07-31 23:49:46,718 [WARN] PackLoader:240 - Cannot read IP mode file for wolfSSL.I-CUBE-wolfSSL.5.7.6
2025-07-31 23:49:46,731 [WARN] PackLoader:240 - Cannot read IP mode file for ITTIA_DB.I-CUBE-ITTIADB.8.9.0
2025-07-31 23:49:46,784 [WARN] PackLoader:240 - Cannot read IP mode file for STMicroelectronics.X-CUBE-MEMS1.9.5.0
2025-07-31 23:49:46,940 [WARN] PackLoader:240 - Cannot read IP mode file for STMicroelectronics.X-CUBE-ST67W61.1.0.0
2025-07-31 23:49:46,986 [WARN] PackLoader:240 - Cannot read IP mode file for SEGGER.I-CUBE-embOS.1.3.1
2025-07-31 23:49:47,042 [WARN] PackLoader:240 - Cannot read IP mode file for STMicroelectronics.X-CUBE-ALGOBUILD.1.4.0
2025-07-31 23:49:47,117 [WARN] PackLoader:240 - Cannot read IP mode file for STMicroelectronics.X-CUBE-MEMS1.11.3.0
2025-07-31 23:49:47,261 [WARN] PackLoader:240 - Cannot read IP mode file for STMicroelectronics.X-CUBE-AI.9.1.0
2025-07-31 23:49:47,270 [WARN] PackLoader:240 - Cannot read IP mode file for STMicroelectronics.X-CUBE-PM33A1.1.0.0
2025-07-31 23:49:47,281 [WARN] PackLoader:240 - Cannot read IP mode file for STMicroelectronics.X-CUBE-GNSS1.6.0.0
2025-07-31 23:49:47,306 [WARN] PackLoader:240 - Cannot read IP mode file for STMicroelectronics.X-CUBE-AZRTOS-F4.1.1.0
2025-07-31 23:49:47,316 [WARN] PackLoader:240 - Cannot read IP mode file for Avnet-IotConnect.X-CUBE-IoTC-DA16k-PMOD.1.0.0
2025-07-31 23:49:47,321 [WARN] PackLoader:240 - Cannot read IP mode file for wolfSSL.I-CUBE-wolfSSL.5.6.0
2025-07-31 23:49:47,330 [WARN] PackLoader:240 - Cannot read IP mode file for STMicroelectronics.X-CUBE-ISPU.2.1.0
2025-07-31 23:49:47,339 [WARN] PackLoader:240 - Cannot read IP mode file for STMicroelectronics.X-CUBE-FREERTOS.1.2.0
2025-07-31 23:49:47,351 [WARN] PackLoader:240 - Cannot read IP mode file for STMicroelectronics.X-CUBE-NFC12.1.0.0
2025-07-31 23:49:47,371 [WARN] PackLoader:240 - Cannot read IP mode file for STMicroelectronics.X-CUBE-AZRTOS-L5.2.0.0
2025-07-31 23:49:47,420 [WARN] PackLoader:240 - Cannot read IP mode file for STMicroelectronics.X-CUBE-MEMS1.9.6.0
2025-07-31 23:49:47,579 [WARN] PackLoader:240 - Cannot read IP mode file for STMicroelectronics.X-CUBE-NFC6.3.1.0
2025-07-31 23:49:47,586 [WARN] PackLoader:240 - Cannot read IP mode file for ITTIA_DB.I-CUBE-ITTIADB.8.8.0
2025-07-31 23:49:47,594 [WARN] PackLoader:240 - Cannot read IP mode file for emotas.I-CUBE-CANOPEN.1.1.3
2025-07-31 23:49:47,602 [WARN] PackLoader:240 - Cannot read IP mode file for STMicroelectronics.X-CUBE-BLEMGR.2.0.0
2025-07-31 23:49:47,613 [WARN] PackLoader:240 - Cannot read IP mode file for STMicroelectronics.X-CUBE-DPower.1.2.0
2025-07-31 23:49:47,619 [WARN] PackLoader:240 - Cannot read IP mode file for STMicroelectronics.X-CUBE-AI.9.0.0
2025-07-31 23:49:47,640 [WARN] ConditionMgr:438 - getConditionDescription Invalid condition id : UX DEVICE CLASS RTOS Condition cause : null
2025-07-31 23:49:47,640 [WARN] ConditionMgr:438 - getConditionDescription Invalid condition id : UX DEVICE CLASS RTOS Condition cause : null
2025-07-31 23:49:47,643 [WARN] PackLoader:240 - Cannot read IP mode file for STMicroelectronics.X-CUBE-AZRTOS-H7.3.1.0
2025-07-31 23:49:47,644 [WARN] ConditionMgr:1044 - genDependencies : Invalid condition id : UX DEVICE CLASS RTOS Condition cause : null
2025-07-31 23:49:47,644 [WARN] ConditionMgr:1044 - genDependencies : Invalid condition id : UX DEVICE CLASS RTOS Condition cause : null
2025-07-31 23:49:47,645 [WARN] ConditionMgr:1044 - genDependencies : Invalid condition id : UX DEVICE CLASS RTOS Condition cause : null
2025-07-31 23:49:47,645 [WARN] ConditionMgr:1044 - genDependencies : Invalid condition id : UX DEVICE CLASS RTOS Condition cause : null
2025-07-31 23:49:47,645 [WARN] ConditionMgr:1044 - genDependencies : Invalid condition id : UX DEVICE CLASS RTOS Condition cause : null
2025-07-31 23:49:47,652 [WARN] PackLoader:240 - Cannot read IP mode file for STMicroelectronics.X-CUBE-FREERTOS.1.3.1
2025-07-31 23:49:47,658 [WARN] PackLoader:240 - Cannot read IP mode file for STMicroelectronics.X-CUBE-FREERTOS.1.3.0
2025-07-31 23:49:47,665 [WARN] PackLoader:240 - Cannot read IP mode file for STMicroelectronics.X-CUBE-NFC7.1.0.1
2025-07-31 23:49:47,671 [WARN] PackLoader:240 - Cannot read IP mode file for STMicroelectronics.X-CUBE-NFC7.1.0.0
2025-07-31 23:49:47,678 [WARN] PackLoader:240 - Cannot read IP mode file for wolfSSL.I-CUBE-wolfTPM.3.2.0
2025-07-31 23:49:47,687 [WARN] PackLoader:240 - Cannot read IP mode file for STMicroelectronics.X-CUBE-NFC6.3.0.0
2025-07-31 23:49:47,695 [WARN] PackLoader:240 - Cannot read IP mode file for STMicroelectronics.X-CUBE-EEPRMA1.4.1.0
2025-07-31 23:49:47,703 [WARN] PackLoader:240 - Cannot read IP mode file for STMicroelectronics.FP-SNS-STAIOTCFT.1.0.0
2025-07-31 23:49:47,710 [WARN] PackLoader:240 - Cannot read IP mode file for STMicroelectronics.X-CUBE-DPower.1.3.0
2025-07-31 23:49:47,714 [WARN] PackLoader:240 - Cannot read IP mode file for STMicroelectronics.X-CUBE-AI.8.1.0
2025-07-31 23:49:47,754 [WARN] ConditionMgr:438 - getConditionDescription Invalid condition id : LAN8742 Phy interface Condition cause : null
2025-07-31 23:49:47,754 [WARN] PackLoader:240 - Cannot read IP mode file for STMicroelectronics.X-CUBE-AZRTOS-L4.2.0.0
2025-07-31 23:49:47,756 [WARN] ConditionMgr:1044 - genDependencies : Invalid condition id : LAN8742 Phy interface Condition cause : null
2025-07-31 23:49:47,757 [WARN] ConditionMgr:1044 - genDependencies : Invalid condition id : LAN8742 Phy interface Condition cause : null
2025-07-31 23:49:47,758 [WARN] ConditionMgr:1044 - genDependencies : Invalid condition id : LAN8742 Phy interface Condition cause : null
2025-07-31 23:49:47,769 [WARN] PackLoader:240 - Cannot read IP mode file for STMicroelectronics.X-CUBE-SFXS2LP1.4.0.0
2025-07-31 23:49:47,794 [WARN] PackLoader:240 - Cannot read IP mode file for STMicroelectronics.X-CUBE-AZRTOS-H7.3.0.0
2025-07-31 23:49:47,802 [WARN] PackLoader:240 - Cannot read IP mode file for STMicroelectronics.X-CUBE-ISPU.1.1.0
2025-07-31 23:49:47,821 [WARN] PackLoader:240 - Cannot read IP mode file for STMicroelectronics.X-CUBE-AZRTOS-H7.3.3.0
2025-07-31 23:49:47,838 [WARN] PackLoader:240 - Cannot read IP mode file for RoweBots.I-CUBE-UNISONRTOS.5.5.0-4
2025-07-31 23:49:47,854 [WARN] PackLoader:240 - Cannot read IP mode file for STMicroelectronics.X-CUBE-BLEMGR.4.1.0
2025-07-31 23:49:47,861 [WARN] PackLoader:240 - Cannot read IP mode file for STMicroelectronics.X-CUBE-AI.8.0.0
2025-07-31 23:49:47,873 [WARN] PackLoader:240 - Cannot read IP mode file for STMicroelectronics.X-CUBE-IPS.3.0.0
2025-07-31 23:49:47,894 [WARN] ConditionMgr:438 - getConditionDescription Invalid condition id : UX DEVICE CLASS RTOS Condition cause : null
2025-07-31 23:49:47,894 [WARN] ConditionMgr:438 - getConditionDescription Invalid condition id : UX DEVICE CLASS RTOS Condition cause : null
2025-07-31 23:49:47,897 [WARN] PackLoader:240 - Cannot read IP mode file for STMicroelectronics.X-CUBE-AZRTOS-WB.2.0.0
2025-07-31 23:49:47,898 [WARN] ConditionMgr:1044 - genDependencies : Invalid condition id : UX DEVICE CLASS RTOS Condition cause : null
2025-07-31 23:49:47,898 [WARN] ConditionMgr:1044 - genDependencies : Invalid condition id : UX DEVICE CLASS RTOS Condition cause : null
2025-07-31 23:49:47,898 [WARN] ConditionMgr:1044 - genDependencies : Invalid condition id : UX DEVICE CLASS RTOS Condition cause : null
2025-07-31 23:49:47,899 [WARN] ConditionMgr:1044 - genDependencies : Invalid condition id : UX DEVICE CLASS RTOS Condition cause : null
2025-07-31 23:49:47,899 [WARN] ConditionMgr:1044 - genDependencies : Invalid condition id : UX DEVICE CLASS RTOS Condition cause : null
2025-07-31 23:49:47,905 [WARN] PackLoader:240 - Cannot read IP mode file for STMicroelectronics.X-CUBE-FREERTOS.1.0.0
2025-07-31 23:49:47,910 [WARN] PackLoader:240 - Cannot read IP mode file for STMicroelectronics.X-CUBE-FREERTOS.1.0.1
2025-07-31 23:49:47,916 [WARN] PackLoader:240 - Cannot read IP mode file for STMicroelectronics.X-CUBE-GNSS1.7.0.0
2025-07-31 23:49:47,924 [WARN] PackLoader:240 - Cannot read IP mode file for STMicroelectronics.X-CUBE-GNSS1.7.0.1
2025-07-31 23:49:47,930 [WARN] PackLoader:240 - Cannot read IP mode file for STMicroelectronics.X-CUBE-TOUCHGFX.4.25.0
2025-07-31 23:49:47,939 [WARN] PackLoader:240 - Cannot read IP mode file for STMicroelectronics.FP-SNS-STBOX1.2.0.0
2025-07-31 23:49:47,957 [WARN] PackLoader:240 - Cannot read IP mode file for STMicroelectronics.X-CUBE-AZRTOS-L5.1.1.0
2025-07-31 23:49:47,962 [WARN] PackLoader:240 - Cannot read IP mode file for STMicroelectronics.X-CUBE-AI.8.0.1
2025-07-31 23:49:47,977 [WARN] PackLoader:240 - Cannot read IP mode file for STMicroelectronics.X-CUBE-SUBG2.5.0.0
2025-07-31 23:49:48,009 [WARN] PackLoader:240 - Cannot read IP mode file for STMicroelectronics.X-CUBE-AZRTOS-H7RS.1.1.0
2025-07-31 23:49:48,020 [WARN] PackLoader:240 - Cannot read IP mode file for Cesanta.I-CUBE-Mongoose.7.13.0
2025-07-31 23:49:48,034 [WARN] PackLoader:240 - Cannot read IP mode file for STMicroelectronics.X-CUBE-TOF1.3.3.1
2025-07-31 23:49:48,062 [WARN] PackLoader:240 - Cannot read IP mode file for STMicroelectronics.X-CUBE-AZRTOS-G4.2.0.0
2025-07-31 23:49:48,074 [WARN] PackLoader:240 - Cannot read IP mode file for STMicroelectronics.X-CUBE-TOF1.3.3.0
2025-07-31 23:49:48,084 [WARN] PackLoader:240 - Cannot read IP mode file for STMicroelectronics.FP-ATR-ASTRA1.1.1.1
2025-07-31 23:49:48,100 [WARN] PackLoader:240 - Cannot read IP mode file for Infineon.AIROC-Wi-Fi-Bluetooth-STM32.1.5.1
2025-07-31 23:49:48,112 [WARN] PackLoader:240 - Cannot read IP mode file for STMicroelectronics.X-CUBE-NFC7.2.0.0
2025-07-31 23:49:48,118 [WARN] PackLoader:240 - Cannot read IP mode file for STMicroelectronics.FP-SNS-MOTENVWB1.1.3.1
2025-07-31 23:49:48,138 [WARN] PackLoader:240 - Cannot read IP mode file for STMicroelectronics.X-CUBE-AZRTOS-G4.1.0.0
2025-07-31 23:49:48,162 [WARN] PackLoader:240 - Cannot read IP mode file for STMicroelectronics.X-CUBE-AZRTOS-L4.1.0.0
2025-07-31 23:49:48,172 [WARN] PackLoader:240 - Cannot read IP mode file for STMicroelectronics.X-CUBE-ISPU.2.0.0
2025-07-31 23:49:48,188 [WARN] PackLoader:240 - Cannot read IP mode file for STMicroelectronics.X-CUBE-IPS.3.1.0
2025-07-31 23:49:48,199 [WARN] PackLoader:240 - Cannot read IP mode file for STMicroelectronics.X-CUBE-ALS.1.0.2
2025-07-31 23:49:48,241 [WARN] PackLoader:240 - Cannot read IP mode file for STMicroelectronics.X-CUBE-MEMS1.10.0.0
2025-07-31 23:49:48,342 [WARN] PackLoader:240 - Cannot read IP mode file for STMicroelectronics.X-CUBE-FREERTOS.1.1.0
2025-07-31 23:49:48,346 [WARN] PackLoader:240 - Cannot read IP mode file for STMicroelectronics.X-CUBE-TOUCHGFX.4.24.0
2025-07-31 23:49:48,350 [WARN] PackLoader:240 - Cannot read IP mode file for STMicroelectronics.X-CUBE-TOUCHGFX.4.24.2
2025-07-31 23:49:48,363 [WARN] PackLoader:240 - Cannot read IP mode file for STMicroelectronics.X-CUBE-AZRTOS-WL.1.0.0
2025-07-31 23:49:48,368 [WARN] PackLoader:240 - Cannot read IP mode file for STMicroelectronics.X-CUBE-TOUCHGFX.4.24.1
2025-07-31 23:49:48,372 [WARN] PackLoader:240 - Cannot read IP mode file for wolfSSL.I-CUBE-wolfTPM.3.4.0
2025-07-31 23:49:48,380 [WARN] PackLoader:240 - Cannot read IP mode file for portGmbH.I-Cube-SoM-uGOAL.1.1.0
2025-07-31 23:49:48,385 [WARN] PackLoader:240 - Cannot read IP mode file for STMicroelectronics.X-CUBE-ALS.1.0.1
2025-07-31 23:49:48,396 [WARN] PackLoader:240 - Cannot read IP mode file for STMicroelectronics.X-CUBE-AZRTOS-WB.1.1.0
2025-07-31 23:49:48,414 [WARN] PackLoader:240 - Cannot read IP mode file for STMicroelectronics.X-CUBE-AZRTOS-H7RS.1.0.0
2025-07-31 23:49:48,420 [WARN] PackLoader:240 - Cannot read IP mode file for STMicroelectronics.FP-ATR-ASTRA1.2.0.0
2025-07-31 23:49:48,440 [WARN] PackLoader:240 - Cannot read IP mode file for STMicroelectronics.X-CUBE-TOF1.3.4.2
2025-07-31 23:49:48,461 [WARN] PackLoader:240 - Cannot read IP mode file for STMicroelectronics.X-CUBE-TOF1.3.4.3
2025-07-31 23:49:48,484 [WARN] PackLoader:240 - Cannot read IP mode file for STMicroelectronics.X-CUBE-TOF1.3.4.1
2025-07-31 23:49:48,513 [WARN] PackLoader:240 - Cannot read IP mode file for STMicroelectronics.X-CUBE-AZRTOS-H7.3.2.0
2025-07-31 23:49:48,522 [WARN] PackLoader:240 - Cannot read IP mode file for wolfSSL.I-CUBE-wolfSSH.1.4.17
2025-07-31 23:49:48,523 [INFO] ThirdParty:978 - Integrity check success = true
2025-07-31 23:49:48,523 [INFO] IntegrityCheckThread:100 - exiting critical section [integrity check]
2025-07-31 23:49:48,523 [INFO] IntegrityCheckThread:103 - End integrity checks thread
