2025-09-10 04:32:38,985 [ERROR] LogOutputStream:75 - [STDERR_REDIRECT] 
2025-09-10 07:28:28,024 [INFO] Activator:176 - 


2025-09-10 07:28:28,027 [INFO] Activator:177 - !SESSION log4j initialized
2025-09-10 07:28:34,359 [INFO] LogOutputStream:77 - [STDOUT_REDIRECT] 
2025-09-10 07:28:35,699 [INFO] ApplicationProperties:184 - Using Application install path: C:\ST\STM32CubeIDE_1.18.1\STM32CubeIDE\plugins\com.st.stm32cube.common.mx_6.14.1.202504091515
2025-09-10 07:28:35,722 [INFO] DbMcusXml:78 - Set database path to: C:\ST\STM32CubeIDE_1.18.1\STM32CubeIDE\plugins\com.st.stm32cube.common.mx_6.14.1.202504091515\\db\/mcu/
2025-09-10 07:28:35,724 [INFO] ApiDb:274 - Set plugin database path to: C:\ST\STM32CubeIDE_1.18.1\STM32CubeIDE\plugins\com.st.stm32cube.common.mx_6.14.1.202504091515\\db\/plugins/boardmanager/
2025-09-10 07:28:35,724 [WARN] ApiDb:259 - Overriding images path with different value:  => C:\ST\STM32CubeIDE_1.18.1\STM32CubeIDE\plugins\com.st.stm32cube.common.mx_6.14.1.202504091515\\db\/plugins/mcufinder/images/
2025-09-10 07:28:35,733 [INFO] ApiDb:250 - Set database path to: C:\Users\bhagy\.stmcufinder\plugins\mcufinder//mcu/
2025-09-10 07:28:35,734 [INFO] DbMcusAds:125 - Set database path to: C:\Users\bhagy\.stmcufinder\plugins\mcufinder//mcu/
2025-09-10 07:28:35,737 [INFO] CrossReferenceDbSqlite:203 - Set database path to: C:\Users\bhagy\.stmcufinder\plugins\mcufinder//mcu/cs/
2025-09-10 07:28:35,905 [INFO] RulesReader:64 - Compatibility file has been processed (302 Rules)
2025-09-10 07:28:36,019 [INFO] DbMcusXml:78 - Set database path to: C:\ST\STM32CubeIDE_1.18.1\STM32CubeIDE\plugins\com.st.stm32cube.common.mx_6.14.1.202504091515\\db\/mcu/
2025-09-10 07:28:36,020 [INFO] ApiDb:274 - Set plugin database path to: C:\ST\STM32CubeIDE_1.18.1\STM32CubeIDE\plugins\com.st.stm32cube.common.mx_6.14.1.202504091515\\db\/plugins/boardmanager/
2025-09-10 07:28:36,020 [INFO] ApiDb:261 - Set plugin images path to: C:\ST\STM32CubeIDE_1.18.1\STM32CubeIDE\plugins\com.st.stm32cube.common.mx_6.14.1.202504091515\\db\/plugins/mcufinder/images/
2025-09-10 07:28:36,020 [WARN] DbFile:41 - Overriding database path with different value: C:\Users\bhagy\.stmcufinder\plugins\mcufinder/ => C:\Users\bhagy\.stmcufinder\plugins\mcufinder
2025-09-10 07:28:36,020 [INFO] ApiDb:250 - Set database path to: C:\Users\bhagy\.stmcufinder\plugins\mcufinder//mcu/
2025-09-10 07:28:36,021 [WARN] DbFile:41 - Overriding database path with different value: C:\Users\bhagy\.stmcufinder\plugins\mcufinder/ => C:\Users\bhagy\.stmcufinder\plugins\mcufinder
2025-09-10 07:28:36,021 [INFO] DbMcusAds:125 - Set database path to: C:\Users\bhagy\.stmcufinder\plugins\mcufinder//mcu/
2025-09-10 07:28:36,021 [WARN] DbFile:41 - Overriding database path with different value: C:\Users\bhagy\.stmcufinder\plugins\mcufinder/ => C:\Users\bhagy\.stmcufinder\plugins\mcufinder
2025-09-10 07:28:36,021 [WARN] DbFile:41 - Overriding database path with different value: C:\Users\bhagy\.stmcufinder\plugins\mcufinder/ => C:\Users\bhagy\.stmcufinder\plugins\mcufinder
2025-09-10 07:28:36,021 [INFO] CrossReferenceDbSqlite:203 - Set database path to: C:\Users\bhagy\.stmcufinder\plugins\mcufinder//mcu/cs/
2025-09-10 07:28:36,141 [INFO] MainPanel:272 - HeapMemory: 268435456
2025-09-10 07:28:36,288 [INFO] DbMcusXml:78 - Set database path to: C:\ST\STM32CubeIDE_1.18.1\STM32CubeIDE\plugins\com.st.stm32cube.common.mx_6.14.1.202504091515\\db\/mcu/
2025-09-10 07:28:36,288 [INFO] ApiDb:274 - Set plugin database path to: C:\ST\STM32CubeIDE_1.18.1\STM32CubeIDE\plugins\com.st.stm32cube.common.mx_6.14.1.202504091515\\db\/plugins/boardmanager/
2025-09-10 07:28:36,289 [INFO] ApiDb:261 - Set plugin images path to: C:\ST\STM32CubeIDE_1.18.1\STM32CubeIDE\plugins\com.st.stm32cube.common.mx_6.14.1.202504091515\\db\/plugins/mcufinder/images/
2025-09-10 07:28:36,289 [WARN] DbFile:41 - Overriding database path with different value: C:\Users\bhagy\.stmcufinder\plugins\mcufinder/ => C:\Users\bhagy\.stmcufinder\plugins\mcufinder
2025-09-10 07:28:36,289 [INFO] ApiDb:250 - Set database path to: C:\Users\bhagy\.stmcufinder\plugins\mcufinder//mcu/
2025-09-10 07:28:36,289 [WARN] DbFile:41 - Overriding database path with different value: C:\Users\bhagy\.stmcufinder\plugins\mcufinder/ => C:\Users\bhagy\.stmcufinder\plugins\mcufinder
2025-09-10 07:28:36,289 [INFO] DbMcusAds:125 - Set database path to: C:\Users\bhagy\.stmcufinder\plugins\mcufinder//mcu/
2025-09-10 07:28:36,289 [WARN] DbFile:41 - Overriding database path with different value: C:\Users\bhagy\.stmcufinder\plugins\mcufinder/ => C:\Users\bhagy\.stmcufinder\plugins\mcufinder
2025-09-10 07:28:36,289 [WARN] DbFile:41 - Overriding database path with different value: C:\Users\bhagy\.stmcufinder\plugins\mcufinder/ => C:\Users\bhagy\.stmcufinder\plugins\mcufinder
2025-09-10 07:28:36,289 [INFO] CrossReferenceDbSqlite:203 - Set database path to: C:\Users\bhagy\.stmcufinder\plugins\mcufinder//mcu/cs/
2025-09-10 07:28:36,311 [INFO] ApplicationProperties:184 - Using Application install path: C:\ST\STM32CubeIDE_1.18.1\STM32CubeIDE\plugins\com.st.stm32cube.common.mx_6.14.1.202504091515
2025-09-10 07:28:36,314 [INFO] PluginManage:196 - Search for loadable plugins [exclusion list=, ]
2025-09-10 07:28:36,316 [INFO] PluginManage:310 - Check plugin analytics
2025-09-10 07:28:36,577 [INFO] AnalyticsPlugin:253 - Accepted Software Licenses: 
2025-09-10 07:28:36,578 [INFO] AnalyticsPlugin:255 - Accepted CMSIS Pack Licenses: STMicroelectronics.X-CUBE-AI.10.0.0
2025-09-10 07:28:36,578 [INFO] AnalyticsPlugin:257 - Accepted Firmware Licenses: FW.F4.1.27.0,FW.N6.1.0.0,FW.F4.1.28.0
2025-09-10 07:28:36,583 [INFO] PluginManage:359 - Loaded plugin analytics (category:tool,tabindex:-1)
2025-09-10 07:28:36,583 [INFO] PluginManage:310 - Check plugin cadmodel
2025-09-10 07:28:36,593 [INFO] CADModel:105 - Init CAD model plugin
2025-09-10 07:28:36,594 [INFO] PluginManage:359 - Loaded plugin cadmodel (category:power,tabindex:5)
2025-09-10 07:28:36,594 [INFO] PluginManage:310 - Check plugin clock
2025-09-10 07:28:36,610 [INFO] PluginManage:359 - Loaded plugin clock (category:base,tabindex:2)
2025-09-10 07:28:36,611 [INFO] PluginManage:310 - Check plugin ddr
2025-09-10 07:28:36,614 [INFO] PluginManage:359 - Loaded plugin ddr (category:tool,tabindex:6)
2025-09-10 07:28:36,614 [INFO] PluginManage:310 - Check plugin filemanager
2025-09-10 07:28:36,848 [INFO] PluginManage:359 - Loaded plugin filemanager (category:base,tabindex:10)
2025-09-10 07:28:36,848 [INFO] PluginManage:310 - Check plugin ipmanager
2025-09-10 07:28:36,855 [INFO] PluginManage:359 - Loaded plugin ipmanager (category:base,tabindex:5)
2025-09-10 07:28:36,855 [INFO] PluginManage:310 - Check plugin lpbam
2025-09-10 07:28:36,865 [INFO] PluginManage:359 - Loaded plugin lpbam (category:base,tabindex:0)
2025-09-10 07:28:36,865 [INFO] PluginManage:310 - Check plugin memorymap
2025-09-10 07:28:36,879 [INFO] PluginManage:359 - Loaded plugin memorymap (category:base,tabindex:4)
2025-09-10 07:28:36,879 [INFO] PluginManage:310 - Check plugin pinoutandconfiguration
2025-09-10 07:28:36,890 [INFO] PluginManage:359 - Loaded plugin pinoutandconfiguration (category:base,tabindex:1)
2025-09-10 07:28:36,890 [INFO] PluginManage:310 - Check plugin pinoutconfig
2025-09-10 07:28:37,033 [WARN] SupportedApi:132 - Cannot load RTOS API schema: s4s-elt-must-match.1: The content of 'definitions' must match (annotation?, (simpleType | complexType)?, (unique | key | keyref)*)). A problem was found starting at: attribute.
2025-09-10 07:28:37,265 [INFO] PluginManage:359 - Loaded plugin pinoutconfig (category:base,tabindex:0)
2025-09-10 07:28:37,265 [INFO] PluginManage:310 - Check plugin power
2025-09-10 07:28:37,284 [INFO] PluginManage:359 - Loaded plugin power (category:power,tabindex:4)
2025-09-10 07:28:37,285 [INFO] PluginManage:310 - Check plugin projectmanager
2025-09-10 07:28:37,317 [INFO] PluginManage:359 - Loaded plugin projectmanager (category:projectmanager,tabindex:4)
2025-09-10 07:28:37,317 [INFO] PluginManage:310 - Check plugin rif
2025-09-10 07:28:37,331 [INFO] PluginManage:359 - Loaded plugin rif (category:base,tabindex:3)
2025-09-10 07:28:37,332 [INFO] PluginManage:310 - Check plugin thirdparty
2025-09-10 07:28:37,550 [INFO] PluginManage:359 - Loaded plugin thirdparty (category:base,tabindex:-1)
2025-09-10 07:28:37,550 [INFO] PluginManage:310 - Check plugin tools
2025-09-10 07:28:37,549 [WARN] IntegrityCheckThread:84 - waiting for thirdparty lock release [integrity check]
2025-09-10 07:28:37,550 [INFO] IntegrityCheckThread:86 - entering critical section [integrity check]
2025-09-10 07:28:37,551 [INFO] ThirdPartyUpdaterWithRetryManager:70 - Updater plugin not ready yet. [1/15]
2025-09-10 07:28:37,557 [INFO] PluginManage:359 - Loaded plugin tools (category:base,tabindex:7)
2025-09-10 07:28:37,557 [INFO] PluginManage:310 - Check plugin tutovideos
2025-09-10 07:28:37,783 [INFO] PluginManage:359 - Loaded plugin tutovideos (category:base,tabindex:-1)
2025-09-10 07:28:37,784 [INFO] PluginManage:310 - Check plugin updater
2025-09-10 07:28:37,820 [INFO] PluginManage:359 - Loaded plugin updater (category:base,tabindex:12)
2025-09-10 07:28:37,820 [INFO] PluginManage:310 - Check plugin userauth
2025-09-10 07:28:37,826 [INFO] UserAuth:118 - Init User Auth plugin
2025-09-10 07:28:37,827 [INFO] PluginManage:359 - Loaded plugin userauth (category:base,tabindex:14)
2025-09-10 07:28:37,827 [INFO] PluginManage:283 - PluginManage : Loaded plugins [18]
2025-09-10 07:28:38,172 [INFO] PinOutPanel:1589 - setPackage(No Configuration,No Configuration)
2025-09-10 07:28:38,308 [INFO] CADModel:165 - CPN selected for project level
2025-09-10 07:28:38,308 [INFO] CADModel:114 - Register for checkConnection events
2025-09-10 07:28:38,337 [INFO] IPUIPlugin:80 - create IPUIPlugin
2025-09-10 07:28:38,338 [INFO] PluginManager:220 - loadIPPluginJar : add adc
2025-09-10 07:28:38,343 [INFO] IPUIPlugin:80 - create IPUIPlugin
2025-09-10 07:28:38,343 [INFO] PluginManager:220 - loadIPPluginJar : add aes
2025-09-10 07:28:38,348 [INFO] IPUIPlugin:80 - create IPUIPlugin
2025-09-10 07:28:38,348 [INFO] PluginManager:220 - loadIPPluginJar : add can
2025-09-10 07:28:38,352 [INFO] IPUIPlugin:80 - create IPUIPlugin
2025-09-10 07:28:38,352 [INFO] PluginManager:220 - loadIPPluginJar : add comp
2025-09-10 07:28:38,358 [INFO] IPUIPlugin:80 - create IPUIPlugin
2025-09-10 07:28:38,358 [INFO] PluginManager:220 - loadIPPluginJar : add cryp
2025-09-10 07:28:38,363 [INFO] IPUIPlugin:80 - create IPUIPlugin
2025-09-10 07:28:38,363 [INFO] PluginManager:220 - loadIPPluginJar : add ddr_ctrl_phy
2025-09-10 07:28:38,369 [INFO] IPUIPlugin:80 - create IPUIPlugin
2025-09-10 07:28:38,369 [INFO] PluginManager:220 - loadIPPluginJar : add dfsdm
2025-09-10 07:28:38,378 [INFO] IPUIPlugin:80 - create IPUIPlugin
2025-09-10 07:28:38,378 [INFO] PluginManager:220 - loadIPPluginJar : add dma
2025-09-10 07:28:38,382 [INFO] IPUIPlugin:80 - create IPUIPlugin
2025-09-10 07:28:38,383 [INFO] PluginManager:220 - loadIPPluginJar : add dma3
2025-09-10 07:28:38,386 [INFO] IPUIPlugin:80 - create IPUIPlugin
2025-09-10 07:28:38,386 [INFO] PluginManager:220 - loadIPPluginJar : add extmemmanager
2025-09-10 07:28:38,388 [INFO] IPUIPlugin:80 - create IPUIPlugin
2025-09-10 07:28:38,388 [INFO] PluginManager:220 - loadIPPluginJar : add fatfs
2025-09-10 07:28:38,393 [INFO] IPUIPlugin:80 - create IPUIPlugin
2025-09-10 07:28:38,393 [INFO] PluginManager:220 - loadIPPluginJar : add fmc
2025-09-10 07:28:38,401 [INFO] IPUIPlugin:80 - create IPUIPlugin
2025-09-10 07:28:38,402 [INFO] PluginManager:220 - loadIPPluginJar : add freertos
2025-09-10 07:28:38,403 [INFO] IPUIPlugin:80 - create IPUIPlugin
2025-09-10 07:28:38,403 [INFO] PluginManager:220 - loadIPPluginJar : add genericplugin
2025-09-10 07:28:38,406 [INFO] IPUIPlugin:80 - create IPUIPlugin
2025-09-10 07:28:38,406 [INFO] PluginManager:220 - loadIPPluginJar : add gfxmmu
2025-09-10 07:28:38,411 [INFO] IPUIPlugin:80 - create IPUIPlugin
2025-09-10 07:28:38,411 [INFO] PluginManager:220 - loadIPPluginJar : add gic
2025-09-10 07:28:38,417 [INFO] IPUIPlugin:80 - create IPUIPlugin
2025-09-10 07:28:38,417 [INFO] PluginManager:220 - loadIPPluginJar : add gpio
2025-09-10 07:28:38,421 [INFO] IPUIPlugin:80 - create IPUIPlugin
2025-09-10 07:28:38,421 [INFO] PluginManager:220 - loadIPPluginJar : add gtzc
2025-09-10 07:28:38,423 [INFO] IPUIPlugin:80 - create IPUIPlugin
2025-09-10 07:28:38,424 [INFO] PluginManager:220 - loadIPPluginJar : add hash
2025-09-10 07:28:38,427 [INFO] IPUIPlugin:80 - create IPUIPlugin
2025-09-10 07:28:38,429 [INFO] PluginManager:220 - loadIPPluginJar : add i2c
2025-09-10 07:28:38,432 [INFO] IPUIPlugin:80 - create IPUIPlugin
2025-09-10 07:28:38,432 [INFO] PluginManager:220 - loadIPPluginJar : add i2s
2025-09-10 07:28:38,435 [INFO] IPUIPlugin:80 - create IPUIPlugin
2025-09-10 07:28:38,435 [INFO] PluginManager:220 - loadIPPluginJar : add i3c
2025-09-10 07:28:38,440 [INFO] IPUIPlugin:80 - create IPUIPlugin
2025-09-10 07:28:38,441 [INFO] PluginManager:220 - loadIPPluginJar : add ipddr
2025-09-10 07:28:38,450 [INFO] IPUIPlugin:80 - create IPUIPlugin
2025-09-10 07:28:38,450 [INFO] PluginManager:220 - loadIPPluginJar : add linkedlist
2025-09-10 07:28:38,454 [INFO] IPUIPlugin:80 - create IPUIPlugin
2025-09-10 07:28:38,454 [INFO] PluginManager:220 - loadIPPluginJar : add lorawan
2025-09-10 07:28:38,456 [INFO] IPUIPlugin:80 - create IPUIPlugin
2025-09-10 07:28:38,456 [INFO] PluginManager:220 - loadIPPluginJar : add ltdc
2025-09-10 07:28:38,466 [INFO] IPUIPlugin:80 - create IPUIPlugin
2025-09-10 07:28:38,466 [INFO] PluginManager:220 - loadIPPluginJar : add mdma
2025-09-10 07:28:38,475 [INFO] IPUIPlugin:80 - create IPUIPlugin
2025-09-10 07:28:38,475 [INFO] PluginManager:220 - loadIPPluginJar : add nvic
2025-09-10 07:28:38,479 [INFO] IPUIPlugin:80 - create IPUIPlugin
2025-09-10 07:28:38,479 [INFO] PluginManager:220 - loadIPPluginJar : add opamp
2025-09-10 07:28:38,485 [INFO] IPUIPlugin:80 - create IPUIPlugin
2025-09-10 07:28:38,485 [INFO] PluginManager:220 - loadIPPluginJar : add openamp
2025-09-10 07:28:38,491 [INFO] IPUIPlugin:80 - create IPUIPlugin
2025-09-10 07:28:38,491 [INFO] PluginManager:220 - loadIPPluginJar : add pdm2pcm
2025-09-10 07:28:38,503 [INFO] IPUIPlugin:80 - create IPUIPlugin
2025-09-10 07:28:38,509 [INFO] PluginManager:220 - loadIPPluginJar : add plateformsettings
2025-09-10 07:28:38,512 [INFO] IPUIPlugin:80 - create IPUIPlugin
2025-09-10 07:28:38,513 [INFO] PluginManager:220 - loadIPPluginJar : add quadspi
2025-09-10 07:28:38,517 [INFO] IPUIPlugin:80 - create IPUIPlugin
2025-09-10 07:28:38,519 [INFO] PluginManager:220 - loadIPPluginJar : add radio
2025-09-10 07:28:38,527 [INFO] IPUIPlugin:80 - create IPUIPlugin
2025-09-10 07:28:38,527 [INFO] PluginManager:220 - loadIPPluginJar : add resmgrutility
2025-09-10 07:28:38,532 [INFO] IPUIPlugin:80 - create IPUIPlugin
2025-09-10 07:28:38,533 [INFO] PluginManager:220 - loadIPPluginJar : add sai
2025-09-10 07:28:38,536 [INFO] IPUIPlugin:80 - create IPUIPlugin
2025-09-10 07:28:38,536 [INFO] PluginManager:220 - loadIPPluginJar : add spi
2025-09-10 07:28:38,545 [INFO] IPUIPlugin:80 - create IPUIPlugin
2025-09-10 07:28:38,547 [INFO] PluginManager:220 - loadIPPluginJar : add stm32_wpan
2025-09-10 07:28:38,549 [INFO] IPUIPlugin:80 - create IPUIPlugin
2025-09-10 07:28:38,549 [INFO] PluginManager:220 - loadIPPluginJar : add tim
2025-09-10 07:28:38,552 [INFO] IPUIPlugin:80 - create IPUIPlugin
2025-09-10 07:28:38,552 [INFO] PluginManager:220 - loadIPPluginJar : add touchsensing
2025-09-10 07:28:38,555 [INFO] IPUIPlugin:80 - create IPUIPlugin
2025-09-10 07:28:38,555 [INFO] PluginManager:220 - loadIPPluginJar : add tracer_emb
2025-09-10 07:28:38,557 [INFO] IPUIPlugin:80 - create IPUIPlugin
2025-09-10 07:28:38,559 [INFO] PluginManager:220 - loadIPPluginJar : add ts
2025-09-10 07:28:38,561 [INFO] IPUIPlugin:80 - create IPUIPlugin
2025-09-10 07:28:38,561 [INFO] PluginManager:220 - loadIPPluginJar : add tsc
2025-09-10 07:28:38,565 [INFO] IPUIPlugin:80 - create IPUIPlugin
2025-09-10 07:28:38,565 [INFO] PluginManager:220 - loadIPPluginJar : add ucpd
2025-09-10 07:28:38,570 [INFO] IPUIPlugin:80 - create IPUIPlugin
2025-09-10 07:28:38,570 [INFO] PluginManager:220 - loadIPPluginJar : add usart
2025-09-10 07:28:38,574 [INFO] IPUIPlugin:80 - create IPUIPlugin
2025-09-10 07:28:38,574 [INFO] PluginManager:220 - loadIPPluginJar : add usbx
2025-09-10 07:28:38,746 [FATAL] Updater:351 - Updater called before beeing initialized
2025-09-10 07:28:38,798 [INFO] RulesReader:64 - Compatibility file has been processed (302 Rules)
2025-09-10 07:28:38,821 [INFO] RulesReader:64 - Compatibility file has been processed (302 Rules)
2025-09-10 07:28:38,832 [INFO] CADModel:165 - CPN selected for project level
2025-09-10 07:28:38,832 [INFO] CADModel:114 - Register for checkConnection events
2025-09-10 07:28:38,832 [FATAL] Updater:351 - Updater called before beeing initialized
2025-09-10 07:28:38,832 [ERROR] CADModel:125 - Updater not yet initialized, retry later 
2025-09-10 07:28:39,107 [FATAL] Updater:351 - Updater called before beeing initialized
2025-09-10 07:28:39,110 [INFO] CADModel:165 - CPN selected for project level
2025-09-10 07:28:39,110 [INFO] CADModel:114 - Register for checkConnection events
2025-09-10 07:28:39,110 [FATAL] Updater:351 - Updater called before beeing initialized
2025-09-10 07:28:39,110 [ERROR] CADModel:125 - Updater not yet initialized, retry later 
2025-09-10 07:28:39,117 [FATAL] Updater:351 - Updater called before beeing initialized
2025-09-10 07:28:39,318 [FATAL] Updater:351 - Updater called before beeing initialized
2025-09-10 07:28:39,326 [INFO] DbMcusAds:53 - JSON generation date=Tue Jul 08 03:14:23 CDT 2025 (1751962463582)
2025-09-10 07:28:39,327 [FATAL] Updater:351 - Updater called before beeing initialized
2025-09-10 07:28:39,403 [WARN] DetailPanel:346 - Failed to get advertising image, set to default
2025-09-10 07:28:39,799 [FATAL] Updater:351 - Updater called before beeing initialized
2025-09-10 07:28:39,803 [FATAL] Updater:351 - Updater called before beeing initialized
2025-09-10 07:28:39,804 [FATAL] Updater:351 - Updater called before beeing initialized
2025-09-10 07:28:39,804 [WARN] DetailPanel:346 - Failed to get advertising image, set to default
2025-09-10 07:28:39,805 [FATAL] Updater:351 - Updater called before beeing initialized
2025-09-10 07:28:39,884 [ERROR] Updater:1198 - MainUpdater not yet initialized. External WinMGr cannot be set.
2025-09-10 07:28:39,888 [INFO] Updater:1134 - Updater Version found : 6.14.1
2025-09-10 07:28:39,928 [INFO] ApplicationProperties:184 - Using Application install path: C:\ST\STM32CubeIDE_1.18.1\STM32CubeIDE\plugins\com.st.stm32cube.common.mx_6.14.1.202504091515
2025-09-10 07:28:40,554 [INFO] ThirdPartyUpdaterWithRetryManager:70 - Updater plugin not ready yet. [2/15]
2025-09-10 07:28:40,621 [INFO] MainUpdater:2872 - connection check result : 10
2025-09-10 07:28:40,622 [INFO] MainUpdater:3566 - Updater definition file requires update
2025-09-10 07:28:40,625 [INFO] MainUpdater:289 - Updater Check For Update Now.
2025-09-10 07:28:40,625 [INFO] MicroXplorer:498 - Change Database Version : DB.6.0.141
2025-09-10 07:28:40,639 [INFO] McuFinderGlobals:63 - Set McuFinder mode to 2 (CubeIDE integrated)
2025-09-10 07:28:40,640 [INFO] UserAuth:171 - activating auth plugin
2025-09-10 07:28:40,647 [INFO] UserAuth:484 - Internet connection configuration mode: 1
2025-09-10 07:28:40,675 [INFO] JxBrowserEngine:152 - Initiate JxBrowser Engine with user profile folder
2025-09-10 07:28:40,786 [INFO] ServerAccessManage:473 - Download File updaters.zip
2025-09-10 07:28:41,014 [INFO] FileExtend:242 - Unzip File : updaters.zip
2025-09-10 07:28:41,015 [INFO] FileExtend:257 - Standard Zip Deflate
2025-09-10 07:28:42,102 [INFO] ServerAccessManage:473 - Download File PacksControlFlags.xml
2025-09-10 07:28:42,314 [INFO] ServerAccessManage:473 - Download File cubemx.pidx
2025-09-10 07:28:42,996 [INFO] WebApp:169 - Instantiating new browser for Auth
2025-09-10 07:28:43,571 [WARN] MainUpdater:1193 - Updater busy. Cannot search thirdparties
2025-09-10 07:28:43,574 [INFO] ThirdPartyUpdaterWithRetryManager:96 - Updater plugin is busy. [1/15]
2025-09-10 07:28:44,440 [INFO] ServerAccessManage:473 - Download File STMicroelectronics.X-CUBE-STSE01.pdsc
2025-09-10 07:28:44,707 [INFO] WebApp:463 - Apply proxy settings
2025-09-10 07:28:44,708 [INFO] WebApp:548 - Chromium requires no authentication
2025-09-10 07:28:44,729 [INFO] WebApp:491 - Direct internet connection detected
2025-09-10 07:28:44,820 [INFO] WebApp:894 - Register for checkConnection events
2025-09-10 07:28:44,821 [INFO] WebApp:463 - Apply proxy settings
2025-09-10 07:28:44,822 [INFO] WebApp:548 - Chromium requires no authentication
2025-09-10 07:28:44,822 [INFO] WebApp:491 - Direct internet connection detected
2025-09-10 07:28:45,029 [INFO] WebApp:191 - Connection restablished
2025-09-10 07:28:45,553 [INFO] WebApp:225 - Starting web application
2025-09-10 07:28:45,554 [INFO] WebApp:593 - Web application path used C:\ST\STM32CubeIDE_1.18.1\STM32CubeIDE\plugins\com.st.stm32cube.common.mx_6.14.1.202504091515\db\plugins\mcufinder\reactClient1\index.html
2025-09-10 07:28:46,576 [WARN] PackLoader:240 - Cannot read IP mode file for STMicroelectronics.X-CUBE-STSE01.1.0.0
2025-09-10 07:28:46,579 [WARN] MainUpdater:1193 - Updater busy. Cannot search thirdparties
2025-09-10 07:28:46,584 [INFO] ThirdPartyUpdaterWithRetryManager:96 - Updater plugin is busy. [2/15]
2025-09-10 07:28:46,590 [INFO] PopulateThirdPartyThread:66 - Ending populate Thread
2025-09-10 07:28:46,592 [INFO] ThirdParty:1030 - CMSIS Pack Vendor :STMicroelectronics X-CUBE-STSE01 1.0.0
2025-09-10 07:28:46,592 [INFO] LoadServerUpdatesThread:375 - End of LoadServerUpdate Thread
2025-09-10 07:28:46,738 [INFO] CheckServerUpdateThread:120 - End of CheckServer Thread
2025-09-10 07:28:50,300 [WARN] PackLoader:240 - Cannot read IP mode file for STMicroelectronics.FP-SNS-MOTENVWB1.1.4.0
2025-09-10 07:28:50,315 [WARN] PackLoader:240 - Cannot read IP mode file for STMicroelectronics.FP-ATR-ASTRA1.2.0.2
2025-09-10 07:28:50,324 [WARN] PackLoader:240 - Cannot read IP mode file for STMicroelectronics.FP-ATR-ASTRA1.2.0.1
2025-09-10 07:28:50,345 [WARN] PackLoader:240 - Cannot read IP mode file for STMicroelectronics.X-CUBE-SMBUS.2.1.0
2025-09-10 07:28:50,360 [WARN] PackLoader:240 - Cannot read IP mode file for STMicroelectronics.X-CUBE-WB05N.1.1.0
2025-09-10 07:28:50,371 [WARN] PackLoader:240 - Cannot read IP mode file for STMicroelectronics.X-CUBE-ST60.1.0.0
2025-09-10 07:28:50,378 [WARN] PackLoader:240 - Cannot read IP mode file for STMicroelectronics.X-CUBE-TOUCHGFX.4.23.1
2025-09-10 07:28:50,382 [WARN] PackLoader:240 - Cannot read IP mode file for STMicroelectronics.X-CUBE-TOUCHGFX.4.23.2
2025-09-10 07:28:50,414 [WARN] PackLoader:240 - Cannot read IP mode file for STMicroelectronics.X-CUBE-AZRTOS-F7.1.1.0
2025-09-10 07:28:50,430 [ERROR] RealEvaluatedCondition:428 - Found unsupported composite condition: GROUP='STM32_MetaDataManager' CLASS='Data Exchange'
2025-09-10 07:28:50,430 [ERROR] RealEvaluatedCondition:428 - Found unsupported composite condition: CLASS='Data Exchange' GROUP='STM32_MetaDataManager'
2025-09-10 07:28:50,433 [WARN] PackLoader:240 - Cannot read IP mode file for STMicroelectronics.FP-SNS-MOTENV1.4.3.0
2025-09-10 07:28:50,445 [WARN] PackLoader:240 - Cannot read IP mode file for STMicroelectronics.FP-SNS-MOTENV1.4.3.2
2025-09-10 07:28:50,456 [WARN] PackLoader:240 - Cannot read IP mode file for STMicroelectronics.FP-SNS-FLIGHT1.5.0.0
2025-09-10 07:28:50,567 [WARN] PackLoader:240 - Cannot read IP mode file for STMicroelectronics.X-CUBE-MEMS1.11.0.0
2025-09-10 07:28:50,862 [WARN] PackLoader:240 - Cannot read IP mode file for STMicroelectronics.X-CUBE-BLE1.6.2.4
2025-09-10 07:28:50,870 [WARN] PackLoader:240 - Cannot read IP mode file for STMicroelectronics.FP-SNS-FLIGHT1.5.0.2
2025-09-10 07:28:50,916 [WARN] PackLoader:240 - Cannot read IP mode file for Infineon.AIROC-Wi-Fi-Bluetooth-STM32.1.7.0
2025-09-10 07:28:50,998 [WARN] PackLoader:240 - Cannot read IP mode file for STMicroelectronics.X-CUBE-AZRTOS-H7.3.4.0
2025-09-10 07:28:51,015 [WARN] PackLoader:240 - Cannot read IP mode file for STMicroelectronics.X-CUBE-DISPLAY.3.0.0
2025-09-10 07:28:51,023 [WARN] PackLoader:240 - Cannot read IP mode file for STMicroelectronics.X-CUBE-BLE1.7.0.0
2025-09-10 07:28:51,032 [WARN] PackLoader:240 - Cannot read IP mode file for STMicroelectronics.X-CUBE-NFC10.1.0.0
2025-09-10 07:28:51,057 [WARN] PackLoader:240 - Cannot read IP mode file for STMicroelectronics.X-CUBE-BLEMGR.4.0.0
2025-09-10 07:28:51,075 [WARN] PackLoader:240 - Cannot read IP mode file for emotas.I-CUBE-CANOPEN.1.3.0
2025-09-10 07:28:51,082 [WARN] PackLoader:240 - Cannot read IP mode file for STMicroelectronics.X-CUBE-TOUCHGFX.4.22.0
2025-09-10 07:28:51,087 [WARN] PackLoader:240 - Cannot read IP mode file for STMicroelectronics.X-CUBE-TOUCHGFX.4.22.1
2025-09-10 07:28:51,103 [WARN] PackLoader:240 - Cannot read IP mode file for STMicroelectronics.X-CUBE-BLEMGR.3.1.0
2025-09-10 07:28:51,111 [WARN] PackLoader:240 - Cannot read IP mode file for STMicroelectronics.X-CUBE-AI.10.0.0
2025-09-10 07:28:51,116 [ERROR] Engine:466 - C:\Users\bhagy\.stm32cubemx\thirdparties\pdsc\STMicroelectronics.FP-SNS-STBOX1.2.1.0.pdsc: PDSC version is not supported
2025-09-10 07:28:51,125 [WARN] PackLoader:240 - Cannot read IP mode file for STMicroelectronics.FP-SNS-SMARTAG2.1.2.0
2025-09-10 07:28:51,130 [WARN] PackLoader:240 - Cannot read IP mode file for STMicroelectronics.FP-SNS-FLIGHT1.5.1.0
2025-09-10 07:28:51,195 [WARN] PackLoader:240 - Cannot read IP mode file for STMicroelectronics.X-CUBE-MEMS1.11.1.0
2025-09-10 07:28:51,352 [INFO] LogOutputStream:77 - [STDOUT_REDIRECT] 1 : Invalid condition id : UX_CORESTACK_Condition cause : null
2025-09-10 07:28:51,353 [INFO] LogOutputStream:77 - [STDOUT_REDIRECT] 1 : Invalid condition id : UX_CORESTACK_Condition cause : null
2025-09-10 07:28:51,355 [INFO] LogOutputStream:77 - [STDOUT_REDIRECT] 1 : Invalid condition id : UX_CORESTACK_Condition cause : null
2025-09-10 07:28:51,357 [INFO] LogOutputStream:77 - [STDOUT_REDIRECT] 1 : Invalid condition id : UX_CORESTACK_Condition cause : null
2025-09-10 07:28:51,359 [INFO] LogOutputStream:77 - [STDOUT_REDIRECT] 1 : Invalid condition id : UX_CORESTACK_Condition cause : null
2025-09-10 07:28:51,362 [WARN] PackLoader:240 - Cannot read IP mode file for STMicroelectronics.X-CUBE-AZRTOS-WL.2.0.0
2025-09-10 07:28:51,371 [WARN] PackLoader:240 - Cannot read IP mode file for STMicroelectronics.FP-SNS-MOTENV1.5.0.0
2025-09-10 07:28:51,382 [WARN] PackLoader:240 - Cannot read IP mode file for wolfSSL.I-CUBE-wolfMQTT.1.19.0
2025-09-10 07:28:51,394 [WARN] PackLoader:240 - Cannot read IP mode file for WES.I-CUBE-Cesium.1.3.0
2025-09-10 07:28:51,403 [WARN] PackLoader:240 - Cannot read IP mode file for STMicroelectronics.X-CUBE-BLE2.3.3.0
2025-09-10 07:28:51,413 [WARN] PackLoader:240 - Cannot read IP mode file for STMicroelectronics.X-CUBE-NFC9.1.0.0
2025-09-10 07:28:51,423 [WARN] PackLoader:240 - Cannot read IP mode file for STMicroelectronics.X-CUBE-BLE1.7.1.0
2025-09-10 07:28:51,437 [WARN] PackLoader:240 - Cannot read IP mode file for STMicroelectronics.X-CUBE-TCPP.4.1.0
2025-09-10 07:28:51,456 [WARN] PackLoader:240 - Cannot read IP mode file for STMicroelectronics.X-CUBE-EEPRMA1.5.2.0
2025-09-10 07:28:51,465 [WARN] PackLoader:240 - Cannot read IP mode file for STMicroelectronics.X-CUBE-TOUCHGFX.4.21.3
2025-09-10 07:28:51,470 [WARN] PackLoader:240 - Cannot read IP mode file for STMicroelectronics.X-CUBE-TOUCHGFX.4.21.4
2025-09-10 07:28:51,473 [WARN] PackLoader:240 - Cannot read IP mode file for STMicroelectronics.X-CUBE-AI.10.1.0
2025-09-10 07:28:51,483 [WARN] PackLoader:240 - Cannot read IP mode file for STMicroelectronics.X-CUBE-ALGOBUILD.1.3.0
2025-09-10 07:28:51,549 [WARN] PackLoader:240 - Cannot read IP mode file for STMicroelectronics.X-CUBE-MEMS1.11.2.0
2025-09-10 07:28:51,715 [WARN] PackLoader:240 - Cannot read IP mode file for STMicroelectronics.X-CUBE-AZRTOS-G0.1.1.0
2025-09-10 07:28:51,730 [WARN] PackLoader:240 - Cannot read IP mode file for STMicroelectronics.X-CUBE-SAFEA1.1.2.2
2025-09-10 07:28:51,739 [WARN] PackLoader:240 - Cannot read IP mode file for STMicroelectronics.X-CUBE-NFC4.3.0.0
2025-09-10 07:28:51,753 [WARN] PackLoader:240 - Cannot read IP mode file for EmbeddedOffice.I-CUBE-FS-RTOS.1.0.1
2025-09-10 07:28:51,762 [WARN] PackLoader:240 - Cannot read IP mode file for STMicroelectronics.X-CUBE-WB05N.2.0.0
2025-09-10 07:28:51,772 [WARN] PackLoader:240 - Cannot read IP mode file for STMicroelectronics.X-CUBE-TCPP.4.2.0
2025-09-10 07:28:51,786 [WARN] PackLoader:240 - Cannot read IP mode file for RealThread.X-CUBE-RT-Thread_Nano.4.1.1
2025-09-10 07:28:51,795 [WARN] PackLoader:240 - Cannot read IP mode file for STMicroelectronics.FP-ATR-SIGFOX1.3.2.0
2025-09-10 07:28:51,804 [WARN] ConditionMgr:438 - getConditionDescription Invalid condition id : Cortex-A Device cause : null
2025-09-10 07:28:51,824 [WARN] ConditionMgr:1044 - genDependencies : Invalid condition id : Cortex-A Device cause : null
2025-09-10 07:28:51,824 [WARN] ConditionMgr:1044 - genDependencies : Invalid condition id : Cortex-A Device cause : null
2025-09-10 07:28:51,824 [WARN] ConditionMgr:1044 - genDependencies : Invalid condition id : Cortex-A Device cause : null
2025-09-10 07:28:51,832 [WARN] PackLoader:240 - Cannot read IP mode file for STMicroelectronics.X-CUBE-EEPRMA1.5.1.0
2025-09-10 07:28:51,848 [WARN] PackLoader:240 - Cannot read IP mode file for wolfSSL.I-CUBE-wolfSSL.5.7.6
2025-09-10 07:28:51,864 [WARN] PackLoader:240 - Cannot read IP mode file for ITTIA_DB.I-CUBE-ITTIADB.8.9.0
2025-09-10 07:28:51,909 [WARN] PackLoader:240 - Cannot read IP mode file for STMicroelectronics.X-CUBE-MEMS1.9.5.0
2025-09-10 07:28:52,078 [WARN] PackLoader:240 - Cannot read IP mode file for STMicroelectronics.X-CUBE-ST67W61.1.0.0
2025-09-10 07:28:52,085 [WARN] PackLoader:240 - Cannot read IP mode file for STMicroelectronics.X-CUBE-AI.10.2.0
2025-09-10 07:28:52,156 [WARN] PackLoader:240 - Cannot read IP mode file for SEGGER.I-CUBE-embOS.1.3.1
2025-09-10 07:28:52,232 [WARN] PackLoader:240 - Cannot read IP mode file for STMicroelectronics.X-CUBE-ALGOBUILD.1.4.0
2025-09-10 07:28:52,333 [WARN] PackLoader:240 - Cannot read IP mode file for STMicroelectronics.X-CUBE-MEMS1.11.3.0
2025-09-10 07:28:52,508 [WARN] PackLoader:240 - Cannot read IP mode file for STMicroelectronics.X-CUBE-AI.9.1.0
2025-09-10 07:28:52,517 [WARN] PackLoader:240 - Cannot read IP mode file for STMicroelectronics.X-CUBE-PM33A1.1.0.0
2025-09-10 07:28:52,525 [WARN] PackLoader:240 - Cannot read IP mode file for STMicroelectronics.X-CUBE-GNSS1.6.0.0
2025-09-10 07:28:52,548 [WARN] PackLoader:240 - Cannot read IP mode file for STMicroelectronics.X-CUBE-AZRTOS-F4.1.1.0
2025-09-10 07:28:52,557 [WARN] PackLoader:240 - Cannot read IP mode file for Avnet-IotConnect.X-CUBE-IoTC-DA16k-PMOD.1.0.0
2025-09-10 07:28:52,561 [WARN] PackLoader:240 - Cannot read IP mode file for wolfSSL.I-CUBE-wolfSSL.5.6.0
2025-09-10 07:28:52,567 [WARN] PackLoader:240 - Cannot read IP mode file for STMicroelectronics.X-CUBE-ISPU.2.1.0
2025-09-10 07:28:52,578 [WARN] PackLoader:240 - Cannot read IP mode file for STMicroelectronics.X-CUBE-FREERTOS.1.2.0
2025-09-10 07:28:52,588 [WARN] PackLoader:240 - Cannot read IP mode file for STMicroelectronics.X-CUBE-NFC12.1.0.0
2025-09-10 07:28:52,615 [WARN] PackLoader:240 - Cannot read IP mode file for STMicroelectronics.X-CUBE-AZRTOS-L5.2.0.0
2025-09-10 07:28:52,683 [WARN] PackLoader:240 - Cannot read IP mode file for STMicroelectronics.X-CUBE-MEMS1.9.6.0
2025-09-10 07:28:52,828 [WARN] PackLoader:240 - Cannot read IP mode file for STMicroelectronics.X-CUBE-NFC6.3.1.0
2025-09-10 07:28:52,838 [WARN] PackLoader:240 - Cannot read IP mode file for ITTIA_DB.I-CUBE-ITTIADB.8.8.0
2025-09-10 07:28:52,847 [WARN] PackLoader:240 - Cannot read IP mode file for emotas.I-CUBE-CANOPEN.1.1.3
2025-09-10 07:28:52,857 [WARN] PackLoader:240 - Cannot read IP mode file for STMicroelectronics.X-CUBE-BLEMGR.2.0.0
2025-09-10 07:28:52,868 [WARN] PackLoader:240 - Cannot read IP mode file for STMicroelectronics.X-CUBE-DPower.1.2.0
2025-09-10 07:28:52,873 [WARN] PackLoader:240 - Cannot read IP mode file for STMicroelectronics.X-CUBE-AI.9.0.0
2025-09-10 07:28:52,899 [WARN] ConditionMgr:438 - getConditionDescription Invalid condition id : UX DEVICE CLASS RTOS Condition cause : null
2025-09-10 07:28:52,900 [WARN] ConditionMgr:438 - getConditionDescription Invalid condition id : UX DEVICE CLASS RTOS Condition cause : null
2025-09-10 07:28:52,904 [WARN] PackLoader:240 - Cannot read IP mode file for STMicroelectronics.X-CUBE-AZRTOS-H7.3.1.0
2025-09-10 07:28:52,906 [WARN] ConditionMgr:1044 - genDependencies : Invalid condition id : UX DEVICE CLASS RTOS Condition cause : null
2025-09-10 07:28:52,906 [WARN] ConditionMgr:1044 - genDependencies : Invalid condition id : UX DEVICE CLASS RTOS Condition cause : null
2025-09-10 07:28:52,907 [WARN] ConditionMgr:1044 - genDependencies : Invalid condition id : UX DEVICE CLASS RTOS Condition cause : null
2025-09-10 07:28:52,908 [WARN] ConditionMgr:1044 - genDependencies : Invalid condition id : UX DEVICE CLASS RTOS Condition cause : null
2025-09-10 07:28:52,909 [WARN] ConditionMgr:1044 - genDependencies : Invalid condition id : UX DEVICE CLASS RTOS Condition cause : null
2025-09-10 07:28:52,921 [WARN] PackLoader:240 - Cannot read IP mode file for STMicroelectronics.X-CUBE-FREERTOS.1.3.1
2025-09-10 07:28:52,929 [WARN] PackLoader:240 - Cannot read IP mode file for STMicroelectronics.X-CUBE-FREERTOS.1.3.0
2025-09-10 07:28:52,938 [WARN] PackLoader:240 - Cannot read IP mode file for STMicroelectronics.X-CUBE-NFC7.1.0.1
2025-09-10 07:28:52,945 [WARN] PackLoader:240 - Cannot read IP mode file for STMicroelectronics.X-CUBE-NFC7.1.0.0
2025-09-10 07:28:52,953 [WARN] PackLoader:240 - Cannot read IP mode file for wolfSSL.I-CUBE-wolfTPM.3.2.0
2025-09-10 07:28:52,964 [WARN] PackLoader:240 - Cannot read IP mode file for STMicroelectronics.X-CUBE-NFC6.3.0.0
2025-09-10 07:28:52,975 [WARN] PackLoader:240 - Cannot read IP mode file for STMicroelectronics.X-CUBE-EEPRMA1.4.1.0
2025-09-10 07:28:52,985 [WARN] PackLoader:240 - Cannot read IP mode file for STMicroelectronics.FP-SNS-STAIOTCFT.1.0.0
2025-09-10 07:28:52,995 [WARN] PackLoader:240 - Cannot read IP mode file for STMicroelectronics.X-CUBE-DPower.1.3.0
2025-09-10 07:28:53,001 [WARN] PackLoader:240 - Cannot read IP mode file for STMicroelectronics.X-CUBE-AI.8.1.0
2025-09-10 07:28:53,029 [WARN] ConditionMgr:438 - getConditionDescription Invalid condition id : LAN8742 Phy interface Condition cause : null
2025-09-10 07:28:53,030 [WARN] PackLoader:240 - Cannot read IP mode file for STMicroelectronics.X-CUBE-AZRTOS-L4.2.0.0
2025-09-10 07:28:53,033 [WARN] ConditionMgr:1044 - genDependencies : Invalid condition id : LAN8742 Phy interface Condition cause : null
2025-09-10 07:28:53,033 [WARN] ConditionMgr:1044 - genDependencies : Invalid condition id : LAN8742 Phy interface Condition cause : null
2025-09-10 07:28:53,034 [WARN] ConditionMgr:1044 - genDependencies : Invalid condition id : LAN8742 Phy interface Condition cause : null
2025-09-10 07:28:53,046 [WARN] PackLoader:240 - Cannot read IP mode file for STMicroelectronics.X-CUBE-SFXS2LP1.4.0.0
2025-09-10 07:28:53,081 [WARN] PackLoader:240 - Cannot read IP mode file for STMicroelectronics.X-CUBE-AZRTOS-H7.3.0.0
2025-09-10 07:28:53,091 [WARN] PackLoader:240 - Cannot read IP mode file for STMicroelectronics.X-CUBE-ISPU.1.1.0
2025-09-10 07:28:53,113 [WARN] PackLoader:240 - Cannot read IP mode file for STMicroelectronics.X-CUBE-AZRTOS-H7.3.3.0
2025-09-10 07:28:53,124 [WARN] PackLoader:240 - Cannot read IP mode file for RoweBots.I-CUBE-UNISONRTOS.5.5.0-4
2025-09-10 07:28:53,137 [WARN] PackLoader:240 - Cannot read IP mode file for STMicroelectronics.X-CUBE-BLEMGR.4.1.0
2025-09-10 07:28:53,145 [WARN] PackLoader:240 - Cannot read IP mode file for STMicroelectronics.X-CUBE-AI.8.0.0
2025-09-10 07:28:53,156 [WARN] PackLoader:240 - Cannot read IP mode file for STMicroelectronics.X-CUBE-IPS.3.0.0
2025-09-10 07:28:53,173 [WARN] ConditionMgr:438 - getConditionDescription Invalid condition id : UX DEVICE CLASS RTOS Condition cause : null
2025-09-10 07:28:53,174 [WARN] ConditionMgr:438 - getConditionDescription Invalid condition id : UX DEVICE CLASS RTOS Condition cause : null
2025-09-10 07:28:53,177 [WARN] PackLoader:240 - Cannot read IP mode file for STMicroelectronics.X-CUBE-AZRTOS-WB.2.0.0
2025-09-10 07:28:53,178 [WARN] ConditionMgr:1044 - genDependencies : Invalid condition id : UX DEVICE CLASS RTOS Condition cause : null
2025-09-10 07:28:53,179 [WARN] ConditionMgr:1044 - genDependencies : Invalid condition id : UX DEVICE CLASS RTOS Condition cause : null
2025-09-10 07:28:53,179 [WARN] ConditionMgr:1044 - genDependencies : Invalid condition id : UX DEVICE CLASS RTOS Condition cause : null
2025-09-10 07:28:53,179 [WARN] ConditionMgr:1044 - genDependencies : Invalid condition id : UX DEVICE CLASS RTOS Condition cause : null
2025-09-10 07:28:53,180 [WARN] ConditionMgr:1044 - genDependencies : Invalid condition id : UX DEVICE CLASS RTOS Condition cause : null
2025-09-10 07:28:53,186 [WARN] PackLoader:240 - Cannot read IP mode file for STMicroelectronics.X-CUBE-FREERTOS.1.0.0
2025-09-10 07:28:53,192 [WARN] PackLoader:240 - Cannot read IP mode file for STMicroelectronics.X-CUBE-FREERTOS.1.0.1
2025-09-10 07:28:53,200 [WARN] PackLoader:240 - Cannot read IP mode file for STMicroelectronics.X-CUBE-GNSS1.7.0.0
2025-09-10 07:28:53,210 [WARN] PackLoader:240 - Cannot read IP mode file for STMicroelectronics.X-CUBE-GNSS1.7.0.1
2025-09-10 07:28:53,217 [WARN] PackLoader:240 - Cannot read IP mode file for STMicroelectronics.X-CUBE-TOUCHGFX.4.25.0
2025-09-10 07:28:53,231 [WARN] PackLoader:240 - Cannot read IP mode file for STMicroelectronics.FP-SNS-STBOX1.2.0.0
2025-09-10 07:28:53,269 [WARN] PackLoader:240 - Cannot read IP mode file for STMicroelectronics.X-CUBE-AZRTOS-L5.1.1.0
2025-09-10 07:28:53,289 [WARN] PackLoader:240 - Cannot read IP mode file for STMicroelectronics.X-CUBE-AI.8.0.1
2025-09-10 07:28:53,305 [WARN] PackLoader:240 - Cannot read IP mode file for STMicroelectronics.X-CUBE-SUBG2.5.0.0
2025-09-10 07:28:53,330 [WARN] PackLoader:240 - Cannot read IP mode file for STMicroelectronics.X-CUBE-AZRTOS-H7RS.1.1.0
2025-09-10 07:28:53,341 [WARN] PackLoader:240 - Cannot read IP mode file for Cesanta.I-CUBE-Mongoose.7.13.0
2025-09-10 07:28:53,374 [WARN] PackLoader:240 - Cannot read IP mode file for STMicroelectronics.X-CUBE-TOF1.3.3.1
2025-09-10 07:28:53,419 [WARN] PackLoader:240 - Cannot read IP mode file for STMicroelectronics.X-CUBE-AZRTOS-G4.2.0.0
2025-09-10 07:28:53,435 [WARN] PackLoader:240 - Cannot read IP mode file for STMicroelectronics.X-CUBE-TOF1.3.3.0
2025-09-10 07:28:53,456 [WARN] PackLoader:240 - Cannot read IP mode file for STMicroelectronics.FP-ATR-ASTRA1.1.1.1
2025-09-10 07:28:53,488 [WARN] PackLoader:240 - Cannot read IP mode file for Infineon.AIROC-Wi-Fi-Bluetooth-STM32.1.5.1
2025-09-10 07:28:53,515 [WARN] PackLoader:240 - Cannot read IP mode file for STMicroelectronics.X-CUBE-NFC7.2.0.0
2025-09-10 07:28:53,524 [WARN] PackLoader:240 - Cannot read IP mode file for STMicroelectronics.FP-SNS-MOTENVWB1.1.3.1
2025-09-10 07:28:53,545 [WARN] PackLoader:240 - Cannot read IP mode file for STMicroelectronics.X-CUBE-AZRTOS-G4.1.0.0
2025-09-10 07:28:53,575 [WARN] PackLoader:240 - Cannot read IP mode file for STMicroelectronics.X-CUBE-AZRTOS-L4.1.0.0
2025-09-10 07:28:53,588 [WARN] PackLoader:240 - Cannot read IP mode file for STMicroelectronics.X-CUBE-ISPU.2.0.0
2025-09-10 07:28:53,614 [WARN] PackLoader:240 - Cannot read IP mode file for STMicroelectronics.X-CUBE-IPS.3.1.0
2025-09-10 07:28:53,630 [WARN] PackLoader:240 - Cannot read IP mode file for STMicroelectronics.X-CUBE-ALS.1.0.2
2025-09-10 07:28:53,709 [WARN] PackLoader:240 - Cannot read IP mode file for STMicroelectronics.X-CUBE-MEMS1.10.0.0
2025-09-10 07:28:53,842 [WARN] PackLoader:240 - Cannot read IP mode file for STMicroelectronics.X-CUBE-FREERTOS.1.1.0
2025-09-10 07:28:53,848 [WARN] PackLoader:240 - Cannot read IP mode file for STMicroelectronics.X-CUBE-TOUCHGFX.4.24.0
2025-09-10 07:28:53,853 [WARN] PackLoader:240 - Cannot read IP mode file for STMicroelectronics.X-CUBE-TOUCHGFX.4.24.2
2025-09-10 07:28:53,867 [WARN] PackLoader:240 - Cannot read IP mode file for STMicroelectronics.X-CUBE-AZRTOS-WL.1.0.0
2025-09-10 07:28:53,874 [WARN] PackLoader:240 - Cannot read IP mode file for STMicroelectronics.X-CUBE-TOUCHGFX.4.24.1
2025-09-10 07:28:53,884 [WARN] PackLoader:240 - Cannot read IP mode file for STMicroelectronics.X-CUBE-STSE01.1.0.0
2025-09-10 07:28:53,891 [WARN] PackLoader:240 - Cannot read IP mode file for wolfSSL.I-CUBE-wolfTPM.3.4.0
2025-09-10 07:28:53,905 [WARN] PackLoader:240 - Cannot read IP mode file for portGmbH.I-Cube-SoM-uGOAL.1.1.0
2025-09-10 07:28:53,910 [WARN] PackLoader:240 - Cannot read IP mode file for STMicroelectronics.X-CUBE-ALS.1.0.1
2025-09-10 07:28:53,927 [WARN] PackLoader:240 - Cannot read IP mode file for STMicroelectronics.X-CUBE-AZRTOS-WB.1.1.0
2025-09-10 07:28:53,943 [WARN] PackLoader:240 - Cannot read IP mode file for STMicroelectronics.X-CUBE-AZRTOS-H7RS.1.0.0
2025-09-10 07:28:53,949 [WARN] PackLoader:240 - Cannot read IP mode file for STMicroelectronics.FP-ATR-ASTRA1.2.0.0
2025-09-10 07:28:53,962 [WARN] PackLoader:240 - Cannot read IP mode file for STMicroelectronics.X-CUBE-TOF1.3.4.2
2025-09-10 07:28:53,987 [WARN] PackLoader:240 - Cannot read IP mode file for STMicroelectronics.X-CUBE-TOF1.3.4.3
2025-09-10 07:28:54,018 [WARN] PackLoader:240 - Cannot read IP mode file for STMicroelectronics.X-CUBE-TOF1.3.4.1
2025-09-10 07:28:54,066 [WARN] PackLoader:240 - Cannot read IP mode file for STMicroelectronics.X-CUBE-AZRTOS-H7.3.2.0
2025-09-10 07:28:54,079 [WARN] PackLoader:240 - Cannot read IP mode file for wolfSSL.I-CUBE-wolfSSH.1.4.17
2025-09-10 07:28:54,082 [INFO] ThirdParty:978 - Integrity check success = true
2025-09-10 07:28:54,082 [INFO] IntegrityCheckThread:100 - exiting critical section [integrity check]
2025-09-10 07:28:54,082 [INFO] IntegrityCheckThread:103 - End integrity checks thread
